[0.647s] DEBUG:colcon:Command line arguments: ['/usr/bin/colcon', 'build', '--packages-select', 'mqtt_subscriber']
[0.648s] DEBUG:colcon:Parsed command line arguments: Namespace(log_base=None, log_level=None, verb_name='build', build_base='build', install_base='install', merge_install=False, symlink_install=False, test_result_base=None, continue_on_error=False, executor='parallel', parallel_workers=4, event_handlers=None, ignore_user_meta=False, metas=['./colcon.meta'], base_paths=['.'], packages_ignore=None, packages_ignore_regex=None, paths=None, packages_up_to=None, packages_up_to_regex=None, packages_above=None, packages_above_and_dependencies=None, packages_above_depth=None, packages_select_by_dep=None, packages_skip_by_dep=None, packages_skip_up_to=None, packages_select_build_failed=False, packages_skip_build_finished=False, packages_select_test_failures=False, packages_skip_test_passed=False, packages_select=['mqtt_subscriber'], packages_skip=None, packages_select_regex=None, packages_skip_regex=None, packages_start=None, packages_end=None, allow_overriding=[], cmake_args=None, cmake_target=None, cmake_target_skip_unavailable=False, cmake_clean_cache=False, cmake_clean_first=False, cmake_force_configure=False, ament_cmake_args=None, catkin_cmake_args=None, catkin_skip_building_tests=False, mixin_files=None, mixin=None, verb_parser=<colcon_mixin.mixin.mixin_argument.MixinArgumentDecorator object at 0xffff88ab11e0>, verb_extension=<colcon_core.verb.build.BuildVerb object at 0xffff88c05900>, main=<bound method BuildVerb.main of <colcon_core.verb.build.BuildVerb object at 0xffff88c05900>>, mixin_verb=('build',))
[1.856s] Level 1:colcon.colcon_core.package_discovery:discover_packages(colcon_meta) check parameters
[1.857s] Level 1:colcon.colcon_core.package_discovery:discover_packages(recursive) check parameters
[1.857s] Level 1:colcon.colcon_core.package_discovery:discover_packages(ignore) check parameters
[1.857s] Level 1:colcon.colcon_core.package_discovery:discover_packages(path) check parameters
[1.858s] Level 1:colcon.colcon_core.package_discovery:discover_packages(colcon_meta) discover
[1.858s] Level 1:colcon.colcon_core.package_discovery:discover_packages(recursive) discover
[1.859s] INFO:colcon.colcon_core.package_discovery:Crawling recursively for packages in '/home/hjpi/Capstone_communication'
[1.860s] Level 1:colcon.colcon_core.package_identification:_identify(.) by extensions ['ignore', 'ignore_ament_install']
[1.860s] Level 1:colcon.colcon_core.package_identification:_identify(.) by extension 'ignore'
[1.861s] Level 1:colcon.colcon_core.package_identification:_identify(.) by extension 'ignore_ament_install'
[1.861s] Level 1:colcon.colcon_core.package_identification:_identify(.) by extensions ['colcon_pkg']
[1.862s] Level 1:colcon.colcon_core.package_identification:_identify(.) by extension 'colcon_pkg'
[1.862s] Level 1:colcon.colcon_core.package_identification:_identify(.) by extensions ['colcon_meta']
[1.862s] Level 1:colcon.colcon_core.package_identification:_identify(.) by extension 'colcon_meta'
[1.863s] Level 1:colcon.colcon_core.package_identification:_identify(.) by extensions ['ros']
[1.863s] Level 1:colcon.colcon_core.package_identification:_identify(.) by extension 'ros'
[1.930s] Level 1:colcon.colcon_core.package_identification:_identify(.) by extensions ['cmake', 'python']
[1.930s] Level 1:colcon.colcon_core.package_identification:_identify(.) by extension 'cmake'
[1.931s] Level 1:colcon.colcon_core.package_identification:_identify(.) by extension 'python'
[1.931s] Level 1:colcon.colcon_core.package_identification:_identify(.) by extensions ['python_setup_py']
[1.931s] Level 1:colcon.colcon_core.package_identification:_identify(.) by extension 'python_setup_py'
[1.932s] Level 1:colcon.colcon_core.package_identification:_identify(build) by extensions ['ignore', 'ignore_ament_install']
[1.932s] Level 1:colcon.colcon_core.package_identification:_identify(build) by extension 'ignore'
[1.933s] Level 1:colcon.colcon_core.package_identification:_identify(build) ignored
[1.933s] Level 1:colcon.colcon_core.package_identification:_identify(install) by extensions ['ignore', 'ignore_ament_install']
[1.934s] Level 1:colcon.colcon_core.package_identification:_identify(install) by extension 'ignore'
[1.934s] Level 1:colcon.colcon_core.package_identification:_identify(install) ignored
[1.935s] Level 1:colcon.colcon_core.package_identification:_identify(log) by extensions ['ignore', 'ignore_ament_install']
[1.935s] Level 1:colcon.colcon_core.package_identification:_identify(log) by extension 'ignore'
[1.935s] Level 1:colcon.colcon_core.package_identification:_identify(log) ignored
[1.936s] Level 1:colcon.colcon_core.package_identification:_identify(src) by extensions ['ignore', 'ignore_ament_install']
[1.936s] Level 1:colcon.colcon_core.package_identification:_identify(src) by extension 'ignore'
[1.937s] Level 1:colcon.colcon_core.package_identification:_identify(src) by extension 'ignore_ament_install'
[1.937s] Level 1:colcon.colcon_core.package_identification:_identify(src) by extensions ['colcon_pkg']
[1.937s] Level 1:colcon.colcon_core.package_identification:_identify(src) by extension 'colcon_pkg'
[1.938s] Level 1:colcon.colcon_core.package_identification:_identify(src) by extensions ['colcon_meta']
[1.938s] Level 1:colcon.colcon_core.package_identification:_identify(src) by extension 'colcon_meta'
[1.938s] Level 1:colcon.colcon_core.package_identification:_identify(src) by extensions ['ros']
[1.938s] Level 1:colcon.colcon_core.package_identification:_identify(src) by extension 'ros'
[1.939s] Level 1:colcon.colcon_core.package_identification:_identify(src) by extensions ['cmake', 'python']
[1.939s] Level 1:colcon.colcon_core.package_identification:_identify(src) by extension 'cmake'
[1.940s] Level 1:colcon.colcon_core.package_identification:_identify(src) by extension 'python'
[1.940s] Level 1:colcon.colcon_core.package_identification:_identify(src) by extensions ['python_setup_py']
[1.940s] Level 1:colcon.colcon_core.package_identification:_identify(src) by extension 'python_setup_py'
[1.940s] Level 1:colcon.colcon_core.package_identification:_identify(src/coordinate_publisher) by extensions ['ignore', 'ignore_ament_install']
[1.941s] Level 1:colcon.colcon_core.package_identification:_identify(src/coordinate_publisher) by extension 'ignore'
[1.941s] Level 1:colcon.colcon_core.package_identification:_identify(src/coordinate_publisher) by extension 'ignore_ament_install'
[1.942s] Level 1:colcon.colcon_core.package_identification:_identify(src/coordinate_publisher) by extensions ['colcon_pkg']
[1.942s] Level 1:colcon.colcon_core.package_identification:_identify(src/coordinate_publisher) by extension 'colcon_pkg'
[1.942s] Level 1:colcon.colcon_core.package_identification:_identify(src/coordinate_publisher) by extensions ['colcon_meta']
[1.942s] Level 1:colcon.colcon_core.package_identification:_identify(src/coordinate_publisher) by extension 'colcon_meta'
[1.943s] Level 1:colcon.colcon_core.package_identification:_identify(src/coordinate_publisher) by extensions ['ros']
[1.943s] Level 1:colcon.colcon_core.package_identification:_identify(src/coordinate_publisher) by extension 'ros'
[1.953s] DEBUG:colcon.colcon_core.package_identification:Package 'src/coordinate_publisher' with type 'ros.ament_python' and name 'coordinate_publisher'
[1.954s] Level 1:colcon.colcon_core.package_identification:_identify(src/mqtt_subscriber) by extensions ['ignore', 'ignore_ament_install']
[1.955s] Level 1:colcon.colcon_core.package_identification:_identify(src/mqtt_subscriber) by extension 'ignore'
[1.955s] Level 1:colcon.colcon_core.package_identification:_identify(src/mqtt_subscriber) by extension 'ignore_ament_install'
[1.955s] Level 1:colcon.colcon_core.package_identification:_identify(src/mqtt_subscriber) by extensions ['colcon_pkg']
[1.956s] Level 1:colcon.colcon_core.package_identification:_identify(src/mqtt_subscriber) by extension 'colcon_pkg'
[1.956s] Level 1:colcon.colcon_core.package_identification:_identify(src/mqtt_subscriber) by extensions ['colcon_meta']
[1.956s] Level 1:colcon.colcon_core.package_identification:_identify(src/mqtt_subscriber) by extension 'colcon_meta'
[1.956s] Level 1:colcon.colcon_core.package_identification:_identify(src/mqtt_subscriber) by extensions ['ros']
[1.957s] Level 1:colcon.colcon_core.package_identification:_identify(src/mqtt_subscriber) by extension 'ros'
[1.959s] DEBUG:colcon.colcon_core.package_identification:Package 'src/mqtt_subscriber' with type 'ros.ament_python' and name 'mqtt_subscriber'
[1.959s] Level 1:colcon.colcon_core.package_discovery:discover_packages(recursive) using defaults
[1.960s] Level 1:colcon.colcon_core.package_discovery:discover_packages(ignore) discover
[1.960s] Level 1:colcon.colcon_core.package_discovery:discover_packages(ignore) using defaults
[1.960s] Level 1:colcon.colcon_core.package_discovery:discover_packages(path) discover
[1.960s] Level 1:colcon.colcon_core.package_discovery:discover_packages(path) using defaults
[2.077s] INFO:colcon.colcon_core.package_selection:Skipping not selected package 'coordinate_publisher' in 'src/coordinate_publisher'
[2.080s] Level 1:colcon.colcon_core.package_discovery:discover_packages(prefix_path) check parameters
[2.080s] Level 1:colcon.colcon_core.package_discovery:discover_packages(prefix_path) discover
[2.087s] WARNING:colcon.colcon_ros.prefix_path.ament:The path '/home/hjpi/Capstone_communication/install/mqtt_subscriber' in the environment variable AMENT_PREFIX_PATH doesn't exist
[2.088s] WARNING:colcon.colcon_ros.prefix_path.ament:The path '/home/hjpi/Capstone_communication/install/mavros_launch' in the environment variable AMENT_PREFIX_PATH doesn't exist
[2.088s] WARNING:colcon.colcon_ros.prefix_path.ament:The path '/home/hjpi/Capstone_communication/install/coordinate_publisher' in the environment variable AMENT_PREFIX_PATH doesn't exist
[2.093s] DEBUG:colcon.colcon_installed_package_information.package_discovery:Found 0 installed packages in /home/hjpi/Capstone_communication/install
[2.100s] DEBUG:colcon.colcon_installed_package_information.package_discovery:Found 180 installed packages in /opt/ros/humble
[2.105s] Level 1:colcon.colcon_core.package_discovery:discover_packages(prefix_path) using defaults
[2.323s] Level 5:colcon.colcon_core.verb:set package 'mqtt_subscriber' build argument 'cmake_args' from command line to 'None'
[2.323s] Level 5:colcon.colcon_core.verb:set package 'mqtt_subscriber' build argument 'cmake_target' from command line to 'None'
[2.323s] Level 5:colcon.colcon_core.verb:set package 'mqtt_subscriber' build argument 'cmake_target_skip_unavailable' from command line to 'False'
[2.323s] Level 5:colcon.colcon_core.verb:set package 'mqtt_subscriber' build argument 'cmake_clean_cache' from command line to 'False'
[2.324s] Level 5:colcon.colcon_core.verb:set package 'mqtt_subscriber' build argument 'cmake_clean_first' from command line to 'False'
[2.324s] Level 5:colcon.colcon_core.verb:set package 'mqtt_subscriber' build argument 'cmake_force_configure' from command line to 'False'
[2.324s] Level 5:colcon.colcon_core.verb:set package 'mqtt_subscriber' build argument 'ament_cmake_args' from command line to 'None'
[2.324s] Level 5:colcon.colcon_core.verb:set package 'mqtt_subscriber' build argument 'catkin_cmake_args' from command line to 'None'
[2.324s] Level 5:colcon.colcon_core.verb:set package 'mqtt_subscriber' build argument 'catkin_skip_building_tests' from command line to 'False'
[2.324s] DEBUG:colcon.colcon_core.verb:Building package 'mqtt_subscriber' with the following arguments: {'ament_cmake_args': None, 'build_base': '/home/hjpi/Capstone_communication/build/mqtt_subscriber', 'catkin_cmake_args': None, 'catkin_skip_building_tests': False, 'cmake_args': None, 'cmake_clean_cache': False, 'cmake_clean_first': False, 'cmake_force_configure': False, 'cmake_target': None, 'cmake_target_skip_unavailable': False, 'install_base': '/home/hjpi/Capstone_communication/install/mqtt_subscriber', 'merge_install': False, 'path': '/home/hjpi/Capstone_communication/src/mqtt_subscriber', 'symlink_install': False, 'test_result_base': None}
[2.325s] INFO:colcon.colcon_core.executor:Executing jobs using 'parallel' executor
[2.331s] DEBUG:colcon.colcon_parallel_executor.executor.parallel:run_until_complete
[2.332s] INFO:colcon.colcon_ros.task.ament_python.build:Building ROS package in '/home/hjpi/Capstone_communication/src/mqtt_subscriber' with build type 'ament_python'
[2.333s] Level 1:colcon.colcon_core.shell:create_environment_hook('mqtt_subscriber', 'ament_prefix_path')
[2.349s] INFO:colcon.colcon_core.plugin_system:Skipping extension 'colcon_core.shell.bat': Not used on non-Windows systems
[2.351s] INFO:colcon.colcon_core.shell:Creating environment hook '/home/hjpi/Capstone_communication/install/mqtt_subscriber/share/mqtt_subscriber/hook/ament_prefix_path.ps1'
[2.360s] INFO:colcon.colcon_core.shell:Creating environment descriptor '/home/hjpi/Capstone_communication/install/mqtt_subscriber/share/mqtt_subscriber/hook/ament_prefix_path.dsv'
[2.364s] INFO:colcon.colcon_core.shell:Creating environment hook '/home/hjpi/Capstone_communication/install/mqtt_subscriber/share/mqtt_subscriber/hook/ament_prefix_path.sh'
[2.369s] INFO:colcon.colcon_core.shell:Skip shell extension 'powershell' for command environment: Not usable outside of PowerShell
[2.369s] DEBUG:colcon.colcon_core.shell:Skip shell extension 'dsv' for command environment
[3.590s] WARNING:colcon.colcon_ros.task.ament_python.build:Package 'mqtt_subscriber' doesn't explicitly install a marker in the package index (colcon-ros currently does it implicitly but that fallback will be removed in the future)
[3.591s] WARNING:colcon.colcon_ros.task.ament_python.build:Package 'mqtt_subscriber' doesn't explicitly install the 'package.xml' file (colcon-ros currently does it implicitly but that fallback will be removed in the future)
[3.593s] INFO:colcon.colcon_core.task.python.build:Building Python package in '/home/hjpi/Capstone_communication/src/mqtt_subscriber'
[3.593s] INFO:colcon.colcon_core.shell:Skip shell extension 'powershell' for command environment: Not usable outside of PowerShell
[3.594s] DEBUG:colcon.colcon_core.shell:Skip shell extension 'dsv' for command environment
[5.079s] DEBUG:colcon.colcon_core.event_handler.log_command:Invoking command in '/home/hjpi/Capstone_communication/src/mqtt_subscriber': PYTHONPATH=/home/hjpi/Capstone_communication/build/mqtt_subscriber/prefix_override:/home/hjpi/Capstone_communication/install/mqtt_subscriber/lib/python3.10/site-packages:${PYTHONPATH} /usr/bin/python3 -W ignore:setup.py install is deprecated setup.py egg_info --egg-base ../../build/mqtt_subscriber build --build-base /home/hjpi/Capstone_communication/build/mqtt_subscriber/build install --record /home/hjpi/Capstone_communication/build/mqtt_subscriber/install.log --single-version-externally-managed
[6.228s] DEBUG:colcon.colcon_core.event_handler.log_command:Invoked command in '/home/hjpi/Capstone_communication/src/mqtt_subscriber' returned '0': PYTHONPATH=/home/hjpi/Capstone_communication/build/mqtt_subscriber/prefix_override:/home/hjpi/Capstone_communication/install/mqtt_subscriber/lib/python3.10/site-packages:${PYTHONPATH} /usr/bin/python3 -W ignore:setup.py install is deprecated setup.py egg_info --egg-base ../../build/mqtt_subscriber build --build-base /home/hjpi/Capstone_communication/build/mqtt_subscriber/build install --record /home/hjpi/Capstone_communication/build/mqtt_subscriber/install.log --single-version-externally-managed
[6.238s] Level 1:colcon.colcon_core.environment:checking '/home/hjpi/Capstone_communication/install/mqtt_subscriber' for CMake module files
[6.241s] Level 1:colcon.colcon_core.environment:checking '/home/hjpi/Capstone_communication/install/mqtt_subscriber' for CMake config files
[6.245s] Level 1:colcon.colcon_core.environment:checking '/home/hjpi/Capstone_communication/install/mqtt_subscriber/lib'
[6.246s] Level 1:colcon.colcon_core.environment:checking '/home/hjpi/Capstone_communication/install/mqtt_subscriber/bin'
[6.247s] Level 1:colcon.colcon_core.environment:checking '/home/hjpi/Capstone_communication/install/mqtt_subscriber/lib/pkgconfig/mqtt_subscriber.pc'
[6.248s] Level 1:colcon.colcon_core.environment:checking '/home/hjpi/Capstone_communication/install/mqtt_subscriber/lib/python3.10/site-packages'
[6.249s] Level 1:colcon.colcon_core.shell:create_environment_hook('mqtt_subscriber', 'pythonpath')
[6.250s] INFO:colcon.colcon_core.shell:Creating environment hook '/home/hjpi/Capstone_communication/install/mqtt_subscriber/share/mqtt_subscriber/hook/pythonpath.ps1'
[6.252s] INFO:colcon.colcon_core.shell:Creating environment descriptor '/home/hjpi/Capstone_communication/install/mqtt_subscriber/share/mqtt_subscriber/hook/pythonpath.dsv'
[6.253s] INFO:colcon.colcon_core.shell:Creating environment hook '/home/hjpi/Capstone_communication/install/mqtt_subscriber/share/mqtt_subscriber/hook/pythonpath.sh'
[6.256s] Level 1:colcon.colcon_core.environment:checking '/home/hjpi/Capstone_communication/install/mqtt_subscriber/bin'
[6.256s] Level 1:colcon.colcon_core.environment:create_environment_scripts_only(mqtt_subscriber)
[6.257s] INFO:colcon.colcon_core.shell:Creating package script '/home/hjpi/Capstone_communication/install/mqtt_subscriber/share/mqtt_subscriber/package.ps1'
[6.260s] INFO:colcon.colcon_core.shell:Creating package descriptor '/home/hjpi/Capstone_communication/install/mqtt_subscriber/share/mqtt_subscriber/package.dsv'
[6.263s] INFO:colcon.colcon_core.shell:Creating package script '/home/hjpi/Capstone_communication/install/mqtt_subscriber/share/mqtt_subscriber/package.sh'
[6.266s] INFO:colcon.colcon_core.shell:Creating package script '/home/hjpi/Capstone_communication/install/mqtt_subscriber/share/mqtt_subscriber/package.bash'
[6.268s] INFO:colcon.colcon_core.shell:Creating package script '/home/hjpi/Capstone_communication/install/mqtt_subscriber/share/mqtt_subscriber/package.zsh'
[6.271s] Level 1:colcon.colcon_core.environment:create_file_with_runtime_dependencies(/home/hjpi/Capstone_communication/install/mqtt_subscriber/share/colcon-core/packages/mqtt_subscriber)
[6.272s] DEBUG:colcon.colcon_parallel_executor.executor.parallel:closing loop
[6.274s] DEBUG:colcon.colcon_parallel_executor.executor.parallel:loop closed
[6.274s] DEBUG:colcon.colcon_parallel_executor.executor.parallel:run_until_complete finished with '0'
[6.274s] DEBUG:colcon.colcon_core.event_reactor:joining thread
[6.295s] INFO:colcon.colcon_core.plugin_system:Skipping extension 'colcon_notification.desktop_notification.notify_send': Could not find 'notify-send'
[6.295s] INFO:colcon.colcon_core.plugin_system:Skipping extension 'colcon_notification.desktop_notification.terminal_notifier': Not used on non-Darwin systems
[6.295s] INFO:colcon.colcon_core.plugin_system:Skipping extension 'colcon_notification.desktop_notification.win32': Not used on non-Windows systems
[6.296s] INFO:colcon.colcon_notification.desktop_notification:Sending desktop notification using 'notify2'
[6.298s] DEBUG:colcon.colcon_notification.desktop_notification.notify2:Failed to initialize notify2: org.freedesktop.DBus.Error.ServiceUnknown: The name org.freedesktop.Notifications was not provided by any .service files
[6.299s] DEBUG:colcon.colcon_core.event_reactor:joined thread
[6.300s] INFO:colcon.colcon_core.shell:Creating prefix script '/home/hjpi/Capstone_communication/install/local_setup.ps1'
[6.303s] INFO:colcon.colcon_core.shell:Creating prefix util module '/home/hjpi/Capstone_communication/install/_local_setup_util_ps1.py'
[6.308s] INFO:colcon.colcon_core.shell:Creating prefix chain script '/home/hjpi/Capstone_communication/install/setup.ps1'
[6.312s] INFO:colcon.colcon_core.shell:Creating prefix script '/home/hjpi/Capstone_communication/install/local_setup.sh'
[6.315s] INFO:colcon.colcon_core.shell:Creating prefix util module '/home/hjpi/Capstone_communication/install/_local_setup_util_sh.py'
[6.317s] INFO:colcon.colcon_core.shell:Creating prefix chain script '/home/hjpi/Capstone_communication/install/setup.sh'
[6.321s] INFO:colcon.colcon_core.shell:Creating prefix script '/home/hjpi/Capstone_communication/install/local_setup.bash'
[6.323s] INFO:colcon.colcon_core.shell:Creating prefix chain script '/home/hjpi/Capstone_communication/install/setup.bash'
[6.328s] INFO:colcon.colcon_core.shell:Creating prefix script '/home/hjpi/Capstone_communication/install/local_setup.zsh'
[6.330s] INFO:colcon.colcon_core.shell:Creating prefix chain script '/home/hjpi/Capstone_communication/install/setup.zsh'
