[0.942s] Invoking command in '/home/dj/Foxy_Communication-Waypoint/src/waypoint_converter': PYTHONPATH=/home/dj/Foxy_Communication-Waypoint/build/waypoint_converter/prefix_override:/usr/lib/python3/dist-packages/colcon_core/task/python/colcon_distutils_commands:/home/dj/Foxy_Communication-Waypoint/install/waypoint_converter/lib/python3.8/site-packages:${PYTHONPATH} /usr/bin/python3 -W ignore:setup.py install is deprecated setup.py egg_info --egg-base ../../build/waypoint_converter build --build-base /home/dj/Foxy_Communication-Waypoint/build/waypoint_converter/build install --record /home/dj/Foxy_Communication-Waypoint/build/waypoint_converter/install.log --single-version-externally-managed install_data
[1.128s] running egg_info
[1.129s] creating ../../build/waypoint_converter/waypoint_converter.egg-info
[1.129s] writing ../../build/waypoint_converter/waypoint_converter.egg-info/PKG-INFO
[1.129s] writing dependency_links to ../../build/waypoint_converter/waypoint_converter.egg-info/dependency_links.txt
[1.129s] writing entry points to ../../build/waypoint_converter/waypoint_converter.egg-info/entry_points.txt
[1.129s] writing requirements to ../../build/waypoint_converter/waypoint_converter.egg-info/requires.txt
[1.129s] writing top-level names to ../../build/waypoint_converter/waypoint_converter.egg-info/top_level.txt
[1.131s] writing manifest file '../../build/waypoint_converter/waypoint_converter.egg-info/SOURCES.txt'
[1.163s] reading manifest file '../../build/waypoint_converter/waypoint_converter.egg-info/SOURCES.txt'
[1.164s] writing manifest file '../../build/waypoint_converter/waypoint_converter.egg-info/SOURCES.txt'
[1.164s] running build
[1.164s] running build_py
[1.164s] creating /home/dj/Foxy_Communication-Waypoint/build/waypoint_converter/build
[1.165s] creating /home/dj/Foxy_Communication-Waypoint/build/waypoint_converter/build/lib
[1.165s] creating /home/dj/Foxy_Communication-Waypoint/build/waypoint_converter/build/lib/waypoint_converter
[1.165s] copying waypoint_converter/__init__.py -> /home/dj/Foxy_Communication-Waypoint/build/waypoint_converter/build/lib/waypoint_converter
[1.165s] copying waypoint_converter/waypoint_converter.py -> /home/dj/Foxy_Communication-Waypoint/build/waypoint_converter/build/lib/waypoint_converter
[1.165s] running install
[1.166s] running install_lib
[1.167s] creating /home/dj/Foxy_Communication-Waypoint/install/waypoint_converter/lib/python3.8/site-packages/waypoint_converter
[1.167s] copying /home/dj/Foxy_Communication-Waypoint/build/waypoint_converter/build/lib/waypoint_converter/__init__.py -> /home/dj/Foxy_Communication-Waypoint/install/waypoint_converter/lib/python3.8/site-packages/waypoint_converter
[1.167s] copying /home/dj/Foxy_Communication-Waypoint/build/waypoint_converter/build/lib/waypoint_converter/waypoint_converter.py -> /home/dj/Foxy_Communication-Waypoint/install/waypoint_converter/lib/python3.8/site-packages/waypoint_converter
[1.168s] byte-compiling /home/dj/Foxy_Communication-Waypoint/install/waypoint_converter/lib/python3.8/site-packages/waypoint_converter/__init__.py to __init__.cpython-38.pyc
[1.169s] byte-compiling /home/dj/Foxy_Communication-Waypoint/install/waypoint_converter/lib/python3.8/site-packages/waypoint_converter/waypoint_converter.py to waypoint_converter.cpython-38.pyc
[1.171s] running install_data
[1.171s] creating /home/dj/Foxy_Communication-Waypoint/install/waypoint_converter/share/ament_index
[1.171s] creating /home/dj/Foxy_Communication-Waypoint/install/waypoint_converter/share/ament_index/resource_index
[1.171s] creating /home/dj/Foxy_Communication-Waypoint/install/waypoint_converter/share/ament_index/resource_index/packages
[1.171s] copying resource/waypoint_converter -> /home/dj/Foxy_Communication-Waypoint/install/waypoint_converter/share/ament_index/resource_index/packages
[1.171s] copying package.xml -> /home/dj/Foxy_Communication-Waypoint/install/waypoint_converter/share/waypoint_converter
[1.171s] running install_egg_info
[1.173s] Copying ../../build/waypoint_converter/waypoint_converter.egg-info to /home/dj/Foxy_Communication-Waypoint/install/waypoint_converter/lib/python3.8/site-packages/waypoint_converter-0.0.0-py3.8.egg-info
[1.174s] running install_scripts
[1.190s] Installing waypoint_converter script to /home/dj/Foxy_Communication-Waypoint/install/waypoint_converter/lib/waypoint_converter
[1.190s] writing list of installed files to '/home/dj/Foxy_Communication-Waypoint/build/waypoint_converter/install.log'
[1.213s] Invoked command in '/home/dj/Foxy_Communication-Waypoint/src/waypoint_converter' returned '0': PYTHONPATH=/home/dj/Foxy_Communication-Waypoint/build/waypoint_converter/prefix_override:/usr/lib/python3/dist-packages/colcon_core/task/python/colcon_distutils_commands:/home/dj/Foxy_Communication-Waypoint/install/waypoint_converter/lib/python3.8/site-packages:${PYTHONPATH} /usr/bin/python3 -W ignore:setup.py install is deprecated setup.py egg_info --egg-base ../../build/waypoint_converter build --build-base /home/dj/Foxy_Communication-Waypoint/build/waypoint_converter/build install --record /home/dj/Foxy_Communication-Waypoint/build/waypoint_converter/install.log --single-version-externally-managed install_data
