[1.159s] Invoking command in '/home/theo/Foxy_Communication-Waypoint/src/waypoint_converter': PYTHONPATH=/home/theo/Foxy_Communication-Waypoint/build/waypoint_converter/prefix_override:/usr/lib/python3/dist-packages/colcon_core/task/python/colcon_distutils_commands:/home/theo/Foxy_Communication-Waypoint/install/waypoint_converter/lib/python3.8/site-packages:${PYTHONPATH} /usr/bin/python3 -W ignore:setup.py install is deprecated setup.py egg_info --egg-base ../../build/waypoint_converter build --build-base /home/theo/Foxy_Communication-Waypoint/build/waypoint_converter/build install --record /home/theo/Foxy_Communication-Waypoint/build/waypoint_converter/install.log --single-version-externally-managed install_data
[1.391s] running egg_info
[1.406s] writing ../../build/waypoint_converter/waypoint_converter.egg-info/PKG-INFO
[1.407s] writing dependency_links to ../../build/waypoint_converter/waypoint_converter.egg-info/dependency_links.txt
[1.407s] writing entry points to ../../build/waypoint_converter/waypoint_converter.egg-info/entry_points.txt
[1.407s] writing requirements to ../../build/waypoint_converter/waypoint_converter.egg-info/requires.txt
[1.407s] writing top-level names to ../../build/waypoint_converter/waypoint_converter.egg-info/top_level.txt
[1.538s] reading manifest file '../../build/waypoint_converter/waypoint_converter.egg-info/SOURCES.txt'
[1.539s] writing manifest file '../../build/waypoint_converter/waypoint_converter.egg-info/SOURCES.txt'
[1.539s] running build
[1.539s] running build_py
[1.539s] copying waypoint_converter/__init__.py -> /home/theo/Foxy_Communication-Waypoint/build/waypoint_converter/build/lib/waypoint_converter
[1.539s] copying waypoint_converter/waypoint_converter.py -> /home/theo/Foxy_Communication-Waypoint/build/waypoint_converter/build/lib/waypoint_converter
[1.539s] running install
[1.545s] running install_lib
[1.561s] running install_data
[1.561s] copying resource/waypoint_converter -> /home/theo/Foxy_Communication-Waypoint/install/waypoint_converter/share/ament_index/resource_index/packages
[1.561s] copying package.xml -> /home/theo/Foxy_Communication-Waypoint/install/waypoint_converter/share/waypoint_converter
[1.562s] running install_egg_info
[1.578s] removing '/home/theo/Foxy_Communication-Waypoint/install/waypoint_converter/lib/python3.8/site-packages/waypoint_converter-0.0.0-py3.8.egg-info' (and everything under it)
[1.579s] Copying ../../build/waypoint_converter/waypoint_converter.egg-info to /home/theo/Foxy_Communication-Waypoint/install/waypoint_converter/lib/python3.8/site-packages/waypoint_converter-0.0.0-py3.8.egg-info
[1.579s] running install_scripts
[1.626s] Installing waypoint_converter script to /home/theo/Foxy_Communication-Waypoint/install/waypoint_converter/lib/waypoint_converter
[1.626s] writing list of installed files to '/home/theo/Foxy_Communication-Waypoint/build/waypoint_converter/install.log'
[1.648s] Invoked command in '/home/theo/Foxy_Communication-Waypoint/src/waypoint_converter' returned '0': PYTHONPATH=/home/theo/Foxy_Communication-Waypoint/build/waypoint_converter/prefix_override:/usr/lib/python3/dist-packages/colcon_core/task/python/colcon_distutils_commands:/home/theo/Foxy_Communication-Waypoint/install/waypoint_converter/lib/python3.8/site-packages:${PYTHONPATH} /usr/bin/python3 -W ignore:setup.py install is deprecated setup.py egg_info --egg-base ../../build/waypoint_converter build --build-base /home/theo/Foxy_Communication-Waypoint/build/waypoint_converter/build install --record /home/theo/Foxy_Communication-Waypoint/build/waypoint_converter/install.log --single-version-externally-managed install_data
