[1.885s] Invoking command in '/home/theo/Capstone_communication/src/coordinate_publisher': PYTHONPATH=/home/theo/Capstone_communication/build/coordinate_publisher/prefix_override:/usr/lib/python3/dist-packages/colcon_core/task/python/colcon_distutils_commands:/home/theo/Capstone_communication/install/coordinate_publisher/lib/python3.8/site-packages: /usr/bin/python3 -W ignore:setup.py install is deprecated setup.py egg_info --egg-base ../../build/coordinate_publisher build --build-base /home/theo/Capstone_communication/build/coordinate_publisher/build install --record /home/theo/Capstone_communication/build/coordinate_publisher/install.log --single-version-externally-managed install_data
[2.069s] running egg_info
[2.079s] writing ../../build/coordinate_publisher/coordinate_publisher.egg-info/PKG-INFO
[2.080s] writing dependency_links to ../../build/coordinate_publisher/coordinate_publisher.egg-info/dependency_links.txt
[2.080s] writing entry points to ../../build/coordinate_publisher/coordinate_publisher.egg-info/entry_points.txt
[2.080s] writing requirements to ../../build/coordinate_publisher/coordinate_publisher.egg-info/requires.txt
[2.080s] writing top-level names to ../../build/coordinate_publisher/coordinate_publisher.egg-info/top_level.txt
[2.173s] reading manifest file '../../build/coordinate_publisher/coordinate_publisher.egg-info/SOURCES.txt'
[2.173s] writing manifest file '../../build/coordinate_publisher/coordinate_publisher.egg-info/SOURCES.txt'
[2.174s] running build
[2.174s] running build_py
[2.174s] copying coordinate_publisher/__init__.py -> /home/theo/Capstone_communication/build/coordinate_publisher/build/lib/coordinate_publisher
[2.174s] copying coordinate_publisher/publisher.py -> /home/theo/Capstone_communication/build/coordinate_publisher/build/lib/coordinate_publisher
[2.174s] running install
[2.179s] running install_lib
[2.190s] creating /home/theo/Capstone_communication/install/coordinate_publisher/lib/python3.8/site-packages/coordinate_publisher
[2.190s] copying /home/theo/Capstone_communication/build/coordinate_publisher/build/lib/coordinate_publisher/__init__.py -> /home/theo/Capstone_communication/install/coordinate_publisher/lib/python3.8/site-packages/coordinate_publisher
[2.190s] copying /home/theo/Capstone_communication/build/coordinate_publisher/build/lib/coordinate_publisher/publisher.py -> /home/theo/Capstone_communication/install/coordinate_publisher/lib/python3.8/site-packages/coordinate_publisher
[2.190s] byte-compiling /home/theo/Capstone_communication/install/coordinate_publisher/lib/python3.8/site-packages/coordinate_publisher/__init__.py to __init__.cpython-38.pyc
[2.190s] byte-compiling /home/theo/Capstone_communication/install/coordinate_publisher/lib/python3.8/site-packages/coordinate_publisher/publisher.py to publisher.cpython-38.pyc
[2.191s] running install_data
[2.191s] copying resource/coordinate_publisher -> /home/theo/Capstone_communication/install/coordinate_publisher/share/ament_index/resource_index/packages
[2.191s] copying package.xml -> /home/theo/Capstone_communication/install/coordinate_publisher/share/coordinate_publisher
[2.191s] running install_egg_info
[2.202s] Copying ../../build/coordinate_publisher/coordinate_publisher.egg-info to /home/theo/Capstone_communication/install/coordinate_publisher/lib/python3.8/site-packages/coordinate_publisher-0.0.0-py3.8.egg-info
[2.203s] running install_scripts
[2.238s] Installing coordinate_publisher script to /home/theo/Capstone_communication/install/coordinate_publisher/lib/coordinate_publisher
[2.238s] writing list of installed files to '/home/theo/Capstone_communication/build/coordinate_publisher/install.log'
[2.341s] Invoked command in '/home/theo/Capstone_communication/src/coordinate_publisher' returned '0': PYTHONPATH=/home/theo/Capstone_communication/build/coordinate_publisher/prefix_override:/usr/lib/python3/dist-packages/colcon_core/task/python/colcon_distutils_commands:/home/theo/Capstone_communication/install/coordinate_publisher/lib/python3.8/site-packages: /usr/bin/python3 -W ignore:setup.py install is deprecated setup.py egg_info --egg-base ../../build/coordinate_publisher build --build-base /home/theo/Capstone_communication/build/coordinate_publisher/build install --record /home/theo/Capstone_communication/build/coordinate_publisher/install.log --single-version-externally-managed install_data
