[1.420s] Invoking command in '/home/theo/Foxy_Communication-Waypoint/src/communication_launch': PYTHONPATH=/home/theo/Foxy_Communication-Waypoint/build/communication_launch/prefix_override:/usr/lib/python3/dist-packages/colcon_core/task/python/colcon_distutils_commands:/home/theo/Foxy_Communication-Waypoint/install/communication_launch/lib/python3.8/site-packages:${PYTHONPATH} /usr/bin/python3 -W ignore:setup.py install is deprecated setup.py egg_info --egg-base ../../build/communication_launch build --build-base /home/theo/Foxy_Communication-Waypoint/build/communication_launch/build install --record /home/theo/Foxy_Communication-Waypoint/build/communication_launch/install.log --install-scripts $base/lib/communication_launch --single-version-externally-managed install_data
[1.562s] /home/theo/.local/lib/python3.8/site-packages/setuptools/dist.py:472: SetuptoolsDeprecationWarning: Invalid dash-separated options
[1.562s] !!
[1.562s] 
[1.562s]         ********************************************************************************
[1.562s]         Usage of dash-separated 'script-dir' will not be supported in future
[1.562s]         versions. Please use the underscore name 'script_dir' instead.
[1.562s] 
[1.562s]         This deprecation is overdue, please update your project and remove deprecated
[1.563s]         calls to avoid build errors in the future.
[1.563s] 
[1.563s]         See https://setuptools.pypa.io/en/latest/userguide/declarative_config.html for details.
[1.563s]         ********************************************************************************
[1.563s] 
[1.563s] !!
[1.563s]   opt = self.warn_dash_deprecation(opt, section)
[1.682s] running egg_info
[1.682s] creating ../../build/communication_launch/communication_launch.egg-info
[1.698s] writing ../../build/communication_launch/communication_launch.egg-info/PKG-INFO
[1.699s] writing dependency_links to ../../build/communication_launch/communication_launch.egg-info/dependency_links.txt
[1.699s] writing requirements to ../../build/communication_launch/communication_launch.egg-info/requires.txt
[1.699s] writing top-level names to ../../build/communication_launch/communication_launch.egg-info/top_level.txt
[1.798s] writing manifest file '../../build/communication_launch/communication_launch.egg-info/SOURCES.txt'
[1.814s] reading manifest file '../../build/communication_launch/communication_launch.egg-info/SOURCES.txt'
[1.815s] writing manifest file '../../build/communication_launch/communication_launch.egg-info/SOURCES.txt'
[1.815s] running build
[1.815s] running install
[1.821s] running install_data
[1.821s] copying package.xml -> /home/theo/Foxy_Communication-Waypoint/install/communication_launch/share/communication_launch
[1.821s] creating /home/theo/Foxy_Communication-Waypoint/install/communication_launch/share/communication_launch/launch
[1.821s] copying launch/start_both.launch.py -> /home/theo/Foxy_Communication-Waypoint/install/communication_launch/share/communication_launch/launch
[1.821s] running install_egg_info
[1.854s] Copying ../../build/communication_launch/communication_launch.egg-info to /home/theo/Foxy_Communication-Waypoint/install/communication_launch/lib/python3.8/site-packages/communication_launch-0.0.0-py3.8.egg-info
[1.855s] running install_scripts
[1.902s] writing list of installed files to '/home/theo/Foxy_Communication-Waypoint/build/communication_launch/install.log'
[1.923s] Invoked command in '/home/theo/Foxy_Communication-Waypoint/src/communication_launch' returned '0': PYTHONPATH=/home/theo/Foxy_Communication-Waypoint/build/communication_launch/prefix_override:/usr/lib/python3/dist-packages/colcon_core/task/python/colcon_distutils_commands:/home/theo/Foxy_Communication-Waypoint/install/communication_launch/lib/python3.8/site-packages:${PYTHONPATH} /usr/bin/python3 -W ignore:setup.py install is deprecated setup.py egg_info --egg-base ../../build/communication_launch build --build-base /home/theo/Foxy_Communication-Waypoint/build/communication_launch/build install --record /home/theo/Foxy_Communication-Waypoint/build/communication_launch/install.log --install-scripts $base/lib/communication_launch --single-version-externally-managed install_data
