[0.615s] DEBUG:colcon:Command line arguments: ['/usr/bin/colcon', 'build']
[0.615s] DEBUG:colcon:Parsed command line arguments: Namespace(log_base=None, log_level=None, verb_name='build', build_base='build', install_base='install', merge_install=False, symlink_install=False, test_result_base=None, continue_on_error=False, executor='parallel', parallel_workers=4, event_handlers=None, ignore_user_meta=False, metas=['./colcon.meta'], base_paths=['.'], packages_ignore=None, packages_ignore_regex=None, paths=None, packages_up_to=None, packages_up_to_regex=None, packages_above=None, packages_above_and_dependencies=None, packages_above_depth=None, packages_select_by_dep=None, packages_skip_by_dep=None, packages_skip_up_to=None, packages_select_build_failed=False, packages_skip_build_finished=False, packages_select_test_failures=False, packages_skip_test_passed=False, packages_select=None, packages_skip=None, packages_select_regex=None, packages_skip_regex=None, packages_start=None, packages_end=None, allow_overriding=[], cmake_args=None, cmake_target=None, cmake_target_skip_unavailable=False, cmake_clean_cache=False, cmake_clean_first=False, cmake_force_configure=False, ament_cmake_args=None, catkin_cmake_args=None, catkin_skip_building_tests=False, mixin_files=None, mixin=None, verb_parser=<colcon_mixin.mixin.mixin_argument.MixinArgumentDecorator object at 0xffff93a1cc40>, verb_extension=<colcon_core.verb.build.BuildVerb object at 0xffff93a1c790>, main=<bound method BuildVerb.main of <colcon_core.verb.build.BuildVerb object at 0xffff93a1c790>>, mixin_verb=('build',))
[1.371s] Level 1:colcon.colcon_core.package_discovery:discover_packages(colcon_meta) check parameters
[1.372s] Level 1:colcon.colcon_core.package_discovery:discover_packages(recursive) check parameters
[1.372s] Level 1:colcon.colcon_core.package_discovery:discover_packages(ignore) check parameters
[1.373s] Level 1:colcon.colcon_core.package_discovery:discover_packages(path) check parameters
[1.373s] Level 1:colcon.colcon_core.package_discovery:discover_packages(colcon_meta) discover
[1.373s] Level 1:colcon.colcon_core.package_discovery:discover_packages(recursive) discover
[1.373s] INFO:colcon.colcon_core.package_discovery:Crawling recursively for packages in '/home/hjpi/Capstone_communication'
[1.374s] Level 1:colcon.colcon_core.package_identification:_identify(.) by extensions ['ignore', 'ignore_ament_install']
[1.374s] Level 1:colcon.colcon_core.package_identification:_identify(.) by extension 'ignore'
[1.375s] Level 1:colcon.colcon_core.package_identification:_identify(.) by extension 'ignore_ament_install'
[1.375s] Level 1:colcon.colcon_core.package_identification:_identify(.) by extensions ['colcon_pkg']
[1.375s] Level 1:colcon.colcon_core.package_identification:_identify(.) by extension 'colcon_pkg'
[1.376s] Level 1:colcon.colcon_core.package_identification:_identify(.) by extensions ['colcon_meta']
[1.376s] Level 1:colcon.colcon_core.package_identification:_identify(.) by extension 'colcon_meta'
[1.376s] Level 1:colcon.colcon_core.package_identification:_identify(.) by extensions ['ros']
[1.376s] Level 1:colcon.colcon_core.package_identification:_identify(.) by extension 'ros'
[1.455s] Level 1:colcon.colcon_core.package_identification:_identify(.) by extensions ['cmake', 'python']
[1.455s] Level 1:colcon.colcon_core.package_identification:_identify(.) by extension 'cmake'
[1.456s] Level 1:colcon.colcon_core.package_identification:_identify(.) by extension 'python'
[1.456s] Level 1:colcon.colcon_core.package_identification:_identify(.) by extensions ['python_setup_py']
[1.456s] Level 1:colcon.colcon_core.package_identification:_identify(.) by extension 'python_setup_py'
[1.457s] Level 1:colcon.colcon_core.package_identification:_identify(build) by extensions ['ignore', 'ignore_ament_install']
[1.458s] Level 1:colcon.colcon_core.package_identification:_identify(build) by extension 'ignore'
[1.459s] Level 1:colcon.colcon_core.package_identification:_identify(build) ignored
[1.460s] Level 1:colcon.colcon_core.package_identification:_identify(install) by extensions ['ignore', 'ignore_ament_install']
[1.460s] Level 1:colcon.colcon_core.package_identification:_identify(install) by extension 'ignore'
[1.460s] Level 1:colcon.colcon_core.package_identification:_identify(install) ignored
[1.461s] Level 1:colcon.colcon_core.package_identification:_identify(log) by extensions ['ignore', 'ignore_ament_install']
[1.462s] Level 1:colcon.colcon_core.package_identification:_identify(log) by extension 'ignore'
[1.462s] Level 1:colcon.colcon_core.package_identification:_identify(log) ignored
[1.462s] Level 1:colcon.colcon_core.package_identification:_identify(src) by extensions ['ignore', 'ignore_ament_install']
[1.463s] Level 1:colcon.colcon_core.package_identification:_identify(src) by extension 'ignore'
[1.463s] Level 1:colcon.colcon_core.package_identification:_identify(src) by extension 'ignore_ament_install'
[1.463s] Level 1:colcon.colcon_core.package_identification:_identify(src) by extensions ['colcon_pkg']
[1.464s] Level 1:colcon.colcon_core.package_identification:_identify(src) by extension 'colcon_pkg'
[1.464s] Level 1:colcon.colcon_core.package_identification:_identify(src) by extensions ['colcon_meta']
[1.464s] Level 1:colcon.colcon_core.package_identification:_identify(src) by extension 'colcon_meta'
[1.464s] Level 1:colcon.colcon_core.package_identification:_identify(src) by extensions ['ros']
[1.464s] Level 1:colcon.colcon_core.package_identification:_identify(src) by extension 'ros'
[1.465s] Level 1:colcon.colcon_core.package_identification:_identify(src) by extensions ['cmake', 'python']
[1.465s] Level 1:colcon.colcon_core.package_identification:_identify(src) by extension 'cmake'
[1.465s] Level 1:colcon.colcon_core.package_identification:_identify(src) by extension 'python'
[1.465s] Level 1:colcon.colcon_core.package_identification:_identify(src) by extensions ['python_setup_py']
[1.466s] Level 1:colcon.colcon_core.package_identification:_identify(src) by extension 'python_setup_py'
[1.466s] Level 1:colcon.colcon_core.package_identification:_identify(src/coordinate_publisher) by extensions ['ignore', 'ignore_ament_install']
[1.467s] Level 1:colcon.colcon_core.package_identification:_identify(src/coordinate_publisher) by extension 'ignore'
[1.467s] Level 1:colcon.colcon_core.package_identification:_identify(src/coordinate_publisher) by extension 'ignore_ament_install'
[1.467s] Level 1:colcon.colcon_core.package_identification:_identify(src/coordinate_publisher) by extensions ['colcon_pkg']
[1.467s] Level 1:colcon.colcon_core.package_identification:_identify(src/coordinate_publisher) by extension 'colcon_pkg'
[1.468s] Level 1:colcon.colcon_core.package_identification:_identify(src/coordinate_publisher) by extensions ['colcon_meta']
[1.468s] Level 1:colcon.colcon_core.package_identification:_identify(src/coordinate_publisher) by extension 'colcon_meta'
[1.468s] Level 1:colcon.colcon_core.package_identification:_identify(src/coordinate_publisher) by extensions ['ros']
[1.468s] Level 1:colcon.colcon_core.package_identification:_identify(src/coordinate_publisher) by extension 'ros'
[1.483s] DEBUG:colcon.colcon_core.package_identification:Package 'src/coordinate_publisher' with type 'ros.ament_python' and name 'coordinate_publisher'
[1.484s] Level 1:colcon.colcon_core.package_identification:_identify(src/mqtt_subscriber) by extensions ['ignore', 'ignore_ament_install']
[1.484s] Level 1:colcon.colcon_core.package_identification:_identify(src/mqtt_subscriber) by extension 'ignore'
[1.485s] Level 1:colcon.colcon_core.package_identification:_identify(src/mqtt_subscriber) by extension 'ignore_ament_install'
[1.485s] Level 1:colcon.colcon_core.package_identification:_identify(src/mqtt_subscriber) by extensions ['colcon_pkg']
[1.485s] Level 1:colcon.colcon_core.package_identification:_identify(src/mqtt_subscriber) by extension 'colcon_pkg'
[1.486s] Level 1:colcon.colcon_core.package_identification:_identify(src/mqtt_subscriber) by extensions ['colcon_meta']
[1.486s] Level 1:colcon.colcon_core.package_identification:_identify(src/mqtt_subscriber) by extension 'colcon_meta'
[1.486s] Level 1:colcon.colcon_core.package_identification:_identify(src/mqtt_subscriber) by extensions ['ros']
[1.486s] Level 1:colcon.colcon_core.package_identification:_identify(src/mqtt_subscriber) by extension 'ros'
[1.489s] DEBUG:colcon.colcon_core.package_identification:Package 'src/mqtt_subscriber' with type 'ros.ament_python' and name 'mqtt_subscriber'
[1.489s] Level 1:colcon.colcon_core.package_discovery:discover_packages(recursive) using defaults
[1.490s] Level 1:colcon.colcon_core.package_discovery:discover_packages(ignore) discover
[1.490s] Level 1:colcon.colcon_core.package_discovery:discover_packages(ignore) using defaults
[1.490s] Level 1:colcon.colcon_core.package_discovery:discover_packages(path) discover
[1.490s] Level 1:colcon.colcon_core.package_discovery:discover_packages(path) using defaults
[1.593s] Level 1:colcon.colcon_core.package_discovery:discover_packages(prefix_path) check parameters
[1.594s] Level 1:colcon.colcon_core.package_discovery:discover_packages(prefix_path) discover
[1.607s] DEBUG:colcon.colcon_installed_package_information.package_discovery:Found 1 installed packages in /home/hjpi/Capstone_communication/install
[1.614s] DEBUG:colcon.colcon_installed_package_information.package_discovery:Found 184 installed packages in /opt/ros/humble
[1.619s] Level 1:colcon.colcon_core.package_discovery:discover_packages(prefix_path) using defaults
[1.735s] Level 5:colcon.colcon_core.verb:set package 'coordinate_publisher' build argument 'cmake_args' from command line to 'None'
[1.735s] Level 5:colcon.colcon_core.verb:set package 'coordinate_publisher' build argument 'cmake_target' from command line to 'None'
[1.736s] Level 5:colcon.colcon_core.verb:set package 'coordinate_publisher' build argument 'cmake_target_skip_unavailable' from command line to 'False'
[1.736s] Level 5:colcon.colcon_core.verb:set package 'coordinate_publisher' build argument 'cmake_clean_cache' from command line to 'False'
[1.736s] Level 5:colcon.colcon_core.verb:set package 'coordinate_publisher' build argument 'cmake_clean_first' from command line to 'False'
[1.736s] Level 5:colcon.colcon_core.verb:set package 'coordinate_publisher' build argument 'cmake_force_configure' from command line to 'False'
[1.736s] Level 5:colcon.colcon_core.verb:set package 'coordinate_publisher' build argument 'ament_cmake_args' from command line to 'None'
[1.736s] Level 5:colcon.colcon_core.verb:set package 'coordinate_publisher' build argument 'catkin_cmake_args' from command line to 'None'
[1.736s] Level 5:colcon.colcon_core.verb:set package 'coordinate_publisher' build argument 'catkin_skip_building_tests' from command line to 'False'
[1.737s] DEBUG:colcon.colcon_core.verb:Building package 'coordinate_publisher' with the following arguments: {'ament_cmake_args': None, 'build_base': '/home/hjpi/Capstone_communication/build/coordinate_publisher', 'catkin_cmake_args': None, 'catkin_skip_building_tests': False, 'cmake_args': None, 'cmake_clean_cache': False, 'cmake_clean_first': False, 'cmake_force_configure': False, 'cmake_target': None, 'cmake_target_skip_unavailable': False, 'install_base': '/home/hjpi/Capstone_communication/install/coordinate_publisher', 'merge_install': False, 'path': '/home/hjpi/Capstone_communication/src/coordinate_publisher', 'symlink_install': False, 'test_result_base': None}
[1.738s] Level 5:colcon.colcon_core.verb:set package 'mqtt_subscriber' build argument 'cmake_args' from command line to 'None'
[1.738s] Level 5:colcon.colcon_core.verb:set package 'mqtt_subscriber' build argument 'cmake_target' from command line to 'None'
[1.738s] Level 5:colcon.colcon_core.verb:set package 'mqtt_subscriber' build argument 'cmake_target_skip_unavailable' from command line to 'False'
[1.739s] Level 5:colcon.colcon_core.verb:set package 'mqtt_subscriber' build argument 'cmake_clean_cache' from command line to 'False'
[1.739s] Level 5:colcon.colcon_core.verb:set package 'mqtt_subscriber' build argument 'cmake_clean_first' from command line to 'False'
[1.739s] Level 5:colcon.colcon_core.verb:set package 'mqtt_subscriber' build argument 'cmake_force_configure' from command line to 'False'
[1.739s] Level 5:colcon.colcon_core.verb:set package 'mqtt_subscriber' build argument 'ament_cmake_args' from command line to 'None'
[1.739s] Level 5:colcon.colcon_core.verb:set package 'mqtt_subscriber' build argument 'catkin_cmake_args' from command line to 'None'
[1.739s] Level 5:colcon.colcon_core.verb:set package 'mqtt_subscriber' build argument 'catkin_skip_building_tests' from command line to 'False'
[1.739s] DEBUG:colcon.colcon_core.verb:Building package 'mqtt_subscriber' with the following arguments: {'ament_cmake_args': None, 'build_base': '/home/hjpi/Capstone_communication/build/mqtt_subscriber', 'catkin_cmake_args': None, 'catkin_skip_building_tests': False, 'cmake_args': None, 'cmake_clean_cache': False, 'cmake_clean_first': False, 'cmake_force_configure': False, 'cmake_target': None, 'cmake_target_skip_unavailable': False, 'install_base': '/home/hjpi/Capstone_communication/install/mqtt_subscriber', 'merge_install': False, 'path': '/home/hjpi/Capstone_communication/src/mqtt_subscriber', 'symlink_install': False, 'test_result_base': None}
[1.740s] INFO:colcon.colcon_core.executor:Executing jobs using 'parallel' executor
[1.743s] DEBUG:colcon.colcon_parallel_executor.executor.parallel:run_until_complete
[1.745s] INFO:colcon.colcon_ros.task.ament_python.build:Building ROS package in '/home/hjpi/Capstone_communication/src/coordinate_publisher' with build type 'ament_python'
[1.745s] Level 1:colcon.colcon_core.shell:create_environment_hook('coordinate_publisher', 'ament_prefix_path')
[1.769s] INFO:colcon.colcon_core.plugin_system:Skipping extension 'colcon_core.shell.bat': Not used on non-Windows systems
[1.770s] INFO:colcon.colcon_core.shell:Creating environment hook '/home/hjpi/Capstone_communication/install/coordinate_publisher/share/coordinate_publisher/hook/ament_prefix_path.ps1'
[1.774s] INFO:colcon.colcon_core.shell:Creating environment descriptor '/home/hjpi/Capstone_communication/install/coordinate_publisher/share/coordinate_publisher/hook/ament_prefix_path.dsv'
[1.777s] INFO:colcon.colcon_core.shell:Creating environment hook '/home/hjpi/Capstone_communication/install/coordinate_publisher/share/coordinate_publisher/hook/ament_prefix_path.sh'
[1.781s] INFO:colcon.colcon_core.shell:Skip shell extension 'powershell' for command environment: Not usable outside of PowerShell
[1.781s] DEBUG:colcon.colcon_core.shell:Skip shell extension 'dsv' for command environment
[1.799s] INFO:colcon.colcon_ros.task.ament_python.build:Building ROS package in '/home/hjpi/Capstone_communication/src/mqtt_subscriber' with build type 'ament_python'
[1.801s] Level 1:colcon.colcon_core.shell:create_environment_hook('mqtt_subscriber', 'ament_prefix_path')
[1.802s] INFO:colcon.colcon_core.shell:Creating environment hook '/home/hjpi/Capstone_communication/install/mqtt_subscriber/share/mqtt_subscriber/hook/ament_prefix_path.ps1'
[1.805s] INFO:colcon.colcon_core.shell:Creating environment descriptor '/home/hjpi/Capstone_communication/install/mqtt_subscriber/share/mqtt_subscriber/hook/ament_prefix_path.dsv'
[1.808s] INFO:colcon.colcon_core.shell:Creating environment hook '/home/hjpi/Capstone_communication/install/mqtt_subscriber/share/mqtt_subscriber/hook/ament_prefix_path.sh'
[1.811s] INFO:colcon.colcon_core.shell:Skip shell extension 'powershell' for command environment: Not usable outside of PowerShell
[1.812s] DEBUG:colcon.colcon_core.shell:Skip shell extension 'dsv' for command environment
[2.881s] INFO:colcon.colcon_core.task.python.build:Building Python package in '/home/hjpi/Capstone_communication/src/coordinate_publisher'
[2.882s] INFO:colcon.colcon_core.shell:Skip shell extension 'powershell' for command environment: Not usable outside of PowerShell
[2.883s] DEBUG:colcon.colcon_core.shell:Skip shell extension 'dsv' for command environment
[3.998s] WARNING:colcon.colcon_ros.task.ament_python.build:Package 'mqtt_subscriber' doesn't explicitly install a marker in the package index (colcon-ros currently does it implicitly but that fallback will be removed in the future)
[3.999s] WARNING:colcon.colcon_ros.task.ament_python.build:Package 'mqtt_subscriber' doesn't explicitly install the 'package.xml' file (colcon-ros currently does it implicitly but that fallback will be removed in the future)
[4.002s] INFO:colcon.colcon_core.task.python.build:Building Python package in '/home/hjpi/Capstone_communication/src/mqtt_subscriber'
[4.004s] INFO:colcon.colcon_core.shell:Skip shell extension 'powershell' for command environment: Not usable outside of PowerShell
[4.004s] DEBUG:colcon.colcon_core.shell:Skip shell extension 'dsv' for command environment
[6.281s] DEBUG:colcon.colcon_core.event_handler.log_command:Invoking command in '/home/hjpi/Capstone_communication/src/coordinate_publisher': PYTHONPATH=/home/hjpi/Capstone_communication/build/coordinate_publisher/prefix_override:/usr/lib/python3/dist-packages/colcon_core/task/python/colcon_distutils_commands:/home/hjpi/Capstone_communication/install/coordinate_publisher/lib/python3.10/site-packages:${PYTHONPATH} /usr/bin/python3 -W ignore:setup.py install is deprecated setup.py egg_info --egg-base ../../build/coordinate_publisher build --build-base /home/hjpi/Capstone_communication/build/coordinate_publisher/build install --record /home/hjpi/Capstone_communication/build/coordinate_publisher/install.log --single-version-externally-managed install_data
[6.301s] DEBUG:colcon.colcon_core.event_handler.log_command:Invoking command in '/home/hjpi/Capstone_communication/src/mqtt_subscriber': PYTHONPATH=/home/hjpi/Capstone_communication/build/mqtt_subscriber/prefix_override:/usr/lib/python3/dist-packages/colcon_core/task/python/colcon_distutils_commands:/home/hjpi/Capstone_communication/install/mqtt_subscriber/lib/python3.10/site-packages:${PYTHONPATH} /usr/bin/python3 -W ignore:setup.py install is deprecated setup.py egg_info --egg-base ../../build/mqtt_subscriber build --build-base /home/hjpi/Capstone_communication/build/mqtt_subscriber/build install --record /home/hjpi/Capstone_communication/build/mqtt_subscriber/install.log --single-version-externally-managed
[7.717s] DEBUG:colcon.colcon_core.event_handler.log_command:Invoked command in '/home/hjpi/Capstone_communication/src/coordinate_publisher' returned '0': PYTHONPATH=/home/hjpi/Capstone_communication/build/coordinate_publisher/prefix_override:/usr/lib/python3/dist-packages/colcon_core/task/python/colcon_distutils_commands:/home/hjpi/Capstone_communication/install/coordinate_publisher/lib/python3.10/site-packages:${PYTHONPATH} /usr/bin/python3 -W ignore:setup.py install is deprecated setup.py egg_info --egg-base ../../build/coordinate_publisher build --build-base /home/hjpi/Capstone_communication/build/coordinate_publisher/build install --record /home/hjpi/Capstone_communication/build/coordinate_publisher/install.log --single-version-externally-managed install_data
[7.803s] Level 1:colcon.colcon_core.environment:checking '/home/hjpi/Capstone_communication/install/coordinate_publisher' for CMake module files
[7.806s] Level 1:colcon.colcon_core.environment:checking '/home/hjpi/Capstone_communication/install/coordinate_publisher' for CMake config files
[7.810s] Level 1:colcon.colcon_core.environment:checking '/home/hjpi/Capstone_communication/install/coordinate_publisher/lib'
[7.812s] Level 1:colcon.colcon_core.environment:checking '/home/hjpi/Capstone_communication/install/coordinate_publisher/bin'
[7.812s] Level 1:colcon.colcon_core.environment:checking '/home/hjpi/Capstone_communication/install/coordinate_publisher/lib/pkgconfig/coordinate_publisher.pc'
[7.814s] Level 1:colcon.colcon_core.environment:checking '/home/hjpi/Capstone_communication/install/coordinate_publisher/lib/python3.10/site-packages'
[7.814s] Level 1:colcon.colcon_core.shell:create_environment_hook('coordinate_publisher', 'pythonpath')
[7.815s] INFO:colcon.colcon_core.shell:Creating environment hook '/home/hjpi/Capstone_communication/install/coordinate_publisher/share/coordinate_publisher/hook/pythonpath.ps1'
[7.817s] INFO:colcon.colcon_core.shell:Creating environment descriptor '/home/hjpi/Capstone_communication/install/coordinate_publisher/share/coordinate_publisher/hook/pythonpath.dsv'
[7.820s] INFO:colcon.colcon_core.shell:Creating environment hook '/home/hjpi/Capstone_communication/install/coordinate_publisher/share/coordinate_publisher/hook/pythonpath.sh'
[7.822s] Level 1:colcon.colcon_core.environment:checking '/home/hjpi/Capstone_communication/install/coordinate_publisher/bin'
[7.823s] Level 1:colcon.colcon_core.environment:create_environment_scripts_only(coordinate_publisher)
[7.824s] INFO:colcon.colcon_core.shell:Creating package script '/home/hjpi/Capstone_communication/install/coordinate_publisher/share/coordinate_publisher/package.ps1'
[7.832s] INFO:colcon.colcon_core.shell:Creating package descriptor '/home/hjpi/Capstone_communication/install/coordinate_publisher/share/coordinate_publisher/package.dsv'
[7.836s] INFO:colcon.colcon_core.shell:Creating package script '/home/hjpi/Capstone_communication/install/coordinate_publisher/share/coordinate_publisher/package.sh'
[7.840s] INFO:colcon.colcon_core.shell:Creating package script '/home/hjpi/Capstone_communication/install/coordinate_publisher/share/coordinate_publisher/package.bash'
[7.845s] INFO:colcon.colcon_core.shell:Creating package script '/home/hjpi/Capstone_communication/install/coordinate_publisher/share/coordinate_publisher/package.zsh'
[7.850s] Level 1:colcon.colcon_core.environment:create_file_with_runtime_dependencies(/home/hjpi/Capstone_communication/install/coordinate_publisher/share/colcon-core/packages/coordinate_publisher)
[7.858s] Level 1:colcon.colcon_core.environment:checking '/home/hjpi/Capstone_communication/install/mqtt_subscriber' for CMake module files
[7.861s] DEBUG:colcon.colcon_core.event_handler.log_command:Invoked command in '/home/hjpi/Capstone_communication/src/mqtt_subscriber' returned '0': PYTHONPATH=/home/hjpi/Capstone_communication/build/mqtt_subscriber/prefix_override:/usr/lib/python3/dist-packages/colcon_core/task/python/colcon_distutils_commands:/home/hjpi/Capstone_communication/install/mqtt_subscriber/lib/python3.10/site-packages:${PYTHONPATH} /usr/bin/python3 -W ignore:setup.py install is deprecated setup.py egg_info --egg-base ../../build/mqtt_subscriber build --build-base /home/hjpi/Capstone_communication/build/mqtt_subscriber/build install --record /home/hjpi/Capstone_communication/build/mqtt_subscriber/install.log --single-version-externally-managed
[7.863s] Level 1:colcon.colcon_core.environment:checking '/home/hjpi/Capstone_communication/install/mqtt_subscriber' for CMake config files
[7.867s] Level 1:colcon.colcon_core.environment:checking '/home/hjpi/Capstone_communication/install/mqtt_subscriber/lib'
[7.868s] Level 1:colcon.colcon_core.environment:checking '/home/hjpi/Capstone_communication/install/mqtt_subscriber/bin'
[7.868s] Level 1:colcon.colcon_core.environment:checking '/home/hjpi/Capstone_communication/install/mqtt_subscriber/lib/pkgconfig/mqtt_subscriber.pc'
[7.869s] Level 1:colcon.colcon_core.environment:checking '/home/hjpi/Capstone_communication/install/mqtt_subscriber/lib/python3.10/site-packages'
[7.870s] Level 1:colcon.colcon_core.shell:create_environment_hook('mqtt_subscriber', 'pythonpath')
[7.871s] INFO:colcon.colcon_core.shell:Creating environment hook '/home/hjpi/Capstone_communication/install/mqtt_subscriber/share/mqtt_subscriber/hook/pythonpath.ps1'
[7.873s] INFO:colcon.colcon_core.shell:Creating environment descriptor '/home/hjpi/Capstone_communication/install/mqtt_subscriber/share/mqtt_subscriber/hook/pythonpath.dsv'
[7.875s] INFO:colcon.colcon_core.shell:Creating environment hook '/home/hjpi/Capstone_communication/install/mqtt_subscriber/share/mqtt_subscriber/hook/pythonpath.sh'
[7.878s] Level 1:colcon.colcon_core.environment:checking '/home/hjpi/Capstone_communication/install/mqtt_subscriber/bin'
[7.878s] Level 1:colcon.colcon_core.environment:create_environment_scripts_only(mqtt_subscriber)
[7.879s] INFO:colcon.colcon_core.shell:Creating package script '/home/hjpi/Capstone_communication/install/mqtt_subscriber/share/mqtt_subscriber/package.ps1'
[7.882s] INFO:colcon.colcon_core.shell:Creating package descriptor '/home/hjpi/Capstone_communication/install/mqtt_subscriber/share/mqtt_subscriber/package.dsv'
[7.884s] INFO:colcon.colcon_core.shell:Creating package script '/home/hjpi/Capstone_communication/install/mqtt_subscriber/share/mqtt_subscriber/package.sh'
[7.886s] INFO:colcon.colcon_core.shell:Creating package script '/home/hjpi/Capstone_communication/install/mqtt_subscriber/share/mqtt_subscriber/package.bash'
[7.888s] INFO:colcon.colcon_core.shell:Creating package script '/home/hjpi/Capstone_communication/install/mqtt_subscriber/share/mqtt_subscriber/package.zsh'
[7.890s] Level 1:colcon.colcon_core.environment:create_file_with_runtime_dependencies(/home/hjpi/Capstone_communication/install/mqtt_subscriber/share/colcon-core/packages/mqtt_subscriber)
[7.891s] DEBUG:colcon.colcon_parallel_executor.executor.parallel:closing loop
[7.893s] DEBUG:colcon.colcon_parallel_executor.executor.parallel:loop closed
[7.894s] DEBUG:colcon.colcon_parallel_executor.executor.parallel:run_until_complete finished with '0'
[7.894s] DEBUG:colcon.colcon_core.event_reactor:joining thread
[7.919s] INFO:colcon.colcon_core.plugin_system:Skipping extension 'colcon_notification.desktop_notification.notify_send': Could not find 'notify-send'
[7.920s] INFO:colcon.colcon_core.plugin_system:Skipping extension 'colcon_notification.desktop_notification.terminal_notifier': Not used on non-Darwin systems
[7.920s] INFO:colcon.colcon_core.plugin_system:Skipping extension 'colcon_notification.desktop_notification.win32': Not used on non-Windows systems
[7.920s] INFO:colcon.colcon_notification.desktop_notification:Sending desktop notification using 'notify2'
[8.251s] DEBUG:colcon.colcon_notification.desktop_notification.notify2:Failed to initialize notify2: org.freedesktop.DBus.Error.ServiceUnknown: The name org.freedesktop.Notifications was not provided by any .service files
[8.252s] DEBUG:colcon.colcon_core.event_reactor:joined thread
[8.254s] INFO:colcon.colcon_core.shell:Creating prefix script '/home/hjpi/Capstone_communication/install/local_setup.ps1'
[8.261s] INFO:colcon.colcon_core.shell:Creating prefix util module '/home/hjpi/Capstone_communication/install/_local_setup_util_ps1.py'
[8.274s] INFO:colcon.colcon_core.shell:Creating prefix chain script '/home/hjpi/Capstone_communication/install/setup.ps1'
[8.281s] INFO:colcon.colcon_core.shell:Creating prefix script '/home/hjpi/Capstone_communication/install/local_setup.sh'
[8.287s] INFO:colcon.colcon_core.shell:Creating prefix util module '/home/hjpi/Capstone_communication/install/_local_setup_util_sh.py'
[8.290s] INFO:colcon.colcon_core.shell:Creating prefix chain script '/home/hjpi/Capstone_communication/install/setup.sh'
[8.298s] INFO:colcon.colcon_core.shell:Creating prefix script '/home/hjpi/Capstone_communication/install/local_setup.bash'
[8.304s] INFO:colcon.colcon_core.shell:Creating prefix chain script '/home/hjpi/Capstone_communication/install/setup.bash'
[8.309s] INFO:colcon.colcon_core.shell:Creating prefix script '/home/hjpi/Capstone_communication/install/local_setup.zsh'
[8.313s] INFO:colcon.colcon_core.shell:Creating prefix chain script '/home/hjpi/Capstone_communication/install/setup.zsh'
