[3.920s] Invoking command in '/home/hjpi/Capstone_communication/src/coordinate_publisher': PYTHONPATH=/home/hjpi/Capstone_communication/build/coordinate_publisher/prefix_override:/usr/lib/python3/dist-packages/colcon_core/task/python/colcon_distutils_commands:/home/hjpi/Capstone_communication/install/coordinate_publisher/lib/python3.10/site-packages:${PYTHONPATH} /usr/bin/python3 -W ignore:setup.py install is deprecated setup.py egg_info --egg-base ../../build/coordinate_publisher build --build-base /home/hjpi/Capstone_communication/build/coordinate_publisher/build install --record /home/hjpi/Capstone_communication/build/coordinate_publisher/install.log --single-version-externally-managed install_data
[5.047s] running egg_info
[5.047s] writing ../../build/coordinate_publisher/coordinate_publisher.egg-info/PKG-INFO
[5.052s] writing dependency_links to ../../build/coordinate_publisher/coordinate_publisher.egg-info/dependency_links.txt
[5.052s] writing entry points to ../../build/coordinate_publisher/coordinate_publisher.egg-info/entry_points.txt
[5.053s] writing requirements to ../../build/coordinate_publisher/coordinate_publisher.egg-info/requires.txt
[5.054s] writing top-level names to ../../build/coordinate_publisher/coordinate_publisher.egg-info/top_level.txt
[5.058s] reading manifest file '../../build/coordinate_publisher/coordinate_publisher.egg-info/SOURCES.txt'
[5.064s] writing manifest file '../../build/coordinate_publisher/coordinate_publisher.egg-info/SOURCES.txt'
[5.065s] running build
[5.065s] running build_py
[5.070s] running install
[5.070s] running install_lib
[5.075s] running install_data
[5.076s] running install_egg_info
[5.084s] removing '/home/hjpi/Capstone_communication/install/coordinate_publisher/lib/python3.10/site-packages/coordinate_publisher-0.0.0-py3.10.egg-info' (and everything under it)
[5.086s] Copying ../../build/coordinate_publisher/coordinate_publisher.egg-info to /home/hjpi/Capstone_communication/install/coordinate_publisher/lib/python3.10/site-packages/coordinate_publisher-0.0.0-py3.10.egg-info
[5.098s] running install_scripts
[5.189s] Installing coordinate_publisher script to /home/hjpi/Capstone_communication/install/coordinate_publisher/lib/coordinate_publisher
[5.191s] writing list of installed files to '/home/hjpi/Capstone_communication/build/coordinate_publisher/install.log'
[5.362s] Invoked command in '/home/hjpi/Capstone_communication/src/coordinate_publisher' returned '0': PYTHONPATH=/home/hjpi/Capstone_communication/build/coordinate_publisher/prefix_override:/usr/lib/python3/dist-packages/colcon_core/task/python/colcon_distutils_commands:/home/hjpi/Capstone_communication/install/coordinate_publisher/lib/python3.10/site-packages:${PYTHONPATH} /usr/bin/python3 -W ignore:setup.py install is deprecated setup.py egg_info --egg-base ../../build/coordinate_publisher build --build-base /home/hjpi/Capstone_communication/build/coordinate_publisher/build install --record /home/hjpi/Capstone_communication/build/coordinate_publisher/install.log --single-version-externally-managed install_data
