[2.104s] Invoking command in '/home/theo/Foxy_Communication-Waypoint/src/coordinate_publisher': PYTHONPATH=/home/theo/Foxy_Communication-Waypoint/build/coordinate_publisher/prefix_override:/usr/lib/python3/dist-packages/colcon_core/task/python/colcon_distutils_commands:/home/theo/Foxy_Communication-Waypoint/install/coordinate_publisher/lib/python3.8/site-packages: /usr/bin/python3 -W ignore:setup.py install is deprecated setup.py egg_info --egg-base ../../build/coordinate_publisher build --build-base /home/theo/Foxy_Communication-Waypoint/build/coordinate_publisher/build install --record /home/theo/Foxy_Communication-Waypoint/build/coordinate_publisher/install.log --single-version-externally-managed install_data
[2.340s] running egg_info
[2.352s] writing ../../build/coordinate_publisher/coordinate_publisher.egg-info/PKG-INFO
[2.399s] writing dependency_links to ../../build/coordinate_publisher/coordinate_publisher.egg-info/dependency_links.txt
[2.502s] writing entry points to ../../build/coordinate_publisher/coordinate_publisher.egg-info/entry_points.txt
[2.538s] writing requirements to ../../build/coordinate_publisher/coordinate_publisher.egg-info/requires.txt
[2.548s] writing top-level names to ../../build/coordinate_publisher/coordinate_publisher.egg-info/top_level.txt
[2.799s] reading manifest file '../../build/coordinate_publisher/coordinate_publisher.egg-info/SOURCES.txt'
[2.808s] writing manifest file '../../build/coordinate_publisher/coordinate_publisher.egg-info/SOURCES.txt'
[2.808s] running build
[2.809s] running build_py
[2.809s] copying coordinate_publisher/__init__.py -> /home/theo/Foxy_Communication-Waypoint/build/coordinate_publisher/build/lib/coordinate_publisher
[2.809s] copying coordinate_publisher/publisher.py -> /home/theo/Foxy_Communication-Waypoint/build/coordinate_publisher/build/lib/coordinate_publisher
[2.809s] running install
[2.814s] running install_lib
[2.827s] running install_data
[2.827s] copying resource/coordinate_publisher -> /home/theo/Foxy_Communication-Waypoint/install/coordinate_publisher/share/ament_index/resource_index/packages
[2.827s] copying package.xml -> /home/theo/Foxy_Communication-Waypoint/install/coordinate_publisher/share/coordinate_publisher
[2.827s] running install_egg_info
[2.841s] removing '/home/theo/Foxy_Communication-Waypoint/install/coordinate_publisher/lib/python3.8/site-packages/coordinate_publisher-0.0.0-py3.8.egg-info' (and everything under it)
[2.841s] Copying ../../build/coordinate_publisher/coordinate_publisher.egg-info to /home/theo/Foxy_Communication-Waypoint/install/coordinate_publisher/lib/python3.8/site-packages/coordinate_publisher-0.0.0-py3.8.egg-info
[2.857s] running install_scripts
[2.898s] Installing coordinate_publisher script to /home/theo/Foxy_Communication-Waypoint/install/coordinate_publisher/lib/coordinate_publisher
[2.898s] writing list of installed files to '/home/theo/Foxy_Communication-Waypoint/build/coordinate_publisher/install.log'
[3.018s] Invoked command in '/home/theo/Foxy_Communication-Waypoint/src/coordinate_publisher' returned '0': PYTHONPATH=/home/theo/Foxy_Communication-Waypoint/build/coordinate_publisher/prefix_override:/usr/lib/python3/dist-packages/colcon_core/task/python/colcon_distutils_commands:/home/theo/Foxy_Communication-Waypoint/install/coordinate_publisher/lib/python3.8/site-packages: /usr/bin/python3 -W ignore:setup.py install is deprecated setup.py egg_info --egg-base ../../build/coordinate_publisher build --build-base /home/theo/Foxy_Communication-Waypoint/build/coordinate_publisher/build install --record /home/theo/Foxy_Communication-Waypoint/build/coordinate_publisher/install.log --single-version-externally-managed install_data
