[0.190s] DEBUG:colcon:Command line arguments: ['/usr/bin/colcon', 'build']
[0.191s] DEBUG:colcon:Parsed command line arguments: Namespace(allow_overriding=[], ament_cmake_args=None, base_paths=['.'], build_base='build', catkin_cmake_args=None, catkin_skip_building_tests=False, cmake_args=None, cmake_clean_cache=False, cmake_clean_first=False, cmake_force_configure=False, cmake_target=None, cmake_target_skip_unavailable=False, continue_on_error=False, event_handlers=None, executor='parallel', ignore_user_meta=False, install_base='install', log_base=None, log_level=None, main=<bound method BuildVerb.main of <colcon_core.verb.build.BuildVerb object at 0x7f09ff65c910>>, merge_install=False, metas=['./colcon.meta'], mixin=None, mixin_files=None, mixin_verb=('build',), packages_above=None, packages_above_and_dependencies=None, packages_above_depth=None, packages_end=None, packages_ignore=None, packages_ignore_regex=None, packages_select=None, packages_select_build_failed=False, packages_select_by_dep=None, packages_select_regex=None, packages_select_test_failures=False, packages_skip=None, packages_skip_build_finished=False, packages_skip_by_dep=None, packages_skip_regex=None, packages_skip_test_passed=False, packages_skip_up_to=None, packages_start=None, packages_up_to=None, packages_up_to_regex=None, parallel_workers=12, paths=None, symlink_install=False, test_result_base=None, verb_extension=<colcon_core.verb.build.BuildVerb object at 0x7f09ff65c910>, verb_name='build', verb_parser=<colcon_mixin.mixin.mixin_argument.MixinArgumentDecorator object at 0x7f09ff5a3b20>)
[0.230s] Level 1:colcon.colcon_core.package_discovery:discover_packages(colcon_meta) check parameters
[0.230s] Level 1:colcon.colcon_core.package_discovery:discover_packages(recursive) check parameters
[0.230s] Level 1:colcon.colcon_core.package_discovery:discover_packages(ignore) check parameters
[0.230s] Level 1:colcon.colcon_core.package_discovery:discover_packages(path) check parameters
[0.230s] Level 1:colcon.colcon_core.package_discovery:discover_packages(colcon_meta) discover
[0.230s] Level 1:colcon.colcon_core.package_discovery:discover_packages(recursive) discover
[0.231s] INFO:colcon.colcon_core.package_discovery:Crawling recursively for packages in '/home/theo/Foxy_Communication-Waypoint'
[0.231s] Level 1:colcon.colcon_core.package_identification:_identify(.) by extensions ['ignore', 'ignore_ament_install']
[0.231s] Level 1:colcon.colcon_core.package_identification:_identify(.) by extension 'ignore'
[0.231s] Level 1:colcon.colcon_core.package_identification:_identify(.) by extension 'ignore_ament_install'
[0.231s] Level 1:colcon.colcon_core.package_identification:_identify(.) by extensions ['colcon_pkg']
[0.231s] Level 1:colcon.colcon_core.package_identification:_identify(.) by extension 'colcon_pkg'
[0.231s] Level 1:colcon.colcon_core.package_identification:_identify(.) by extensions ['colcon_meta']
[0.231s] Level 1:colcon.colcon_core.package_identification:_identify(.) by extension 'colcon_meta'
[0.231s] Level 1:colcon.colcon_core.package_identification:_identify(.) by extensions ['ros']
[0.231s] Level 1:colcon.colcon_core.package_identification:_identify(.) by extension 'ros'
[0.244s] Level 1:colcon.colcon_core.package_identification:_identify(.) by extensions ['cmake', 'python']
[0.244s] Level 1:colcon.colcon_core.package_identification:_identify(.) by extension 'cmake'
[0.244s] Level 1:colcon.colcon_core.package_identification:_identify(.) by extension 'python'
[0.244s] Level 1:colcon.colcon_core.package_identification:_identify(.) by extensions ['python_setup_py']
[0.244s] Level 1:colcon.colcon_core.package_identification:_identify(.) by extension 'python_setup_py'
[0.244s] Level 1:colcon.colcon_core.package_identification:_identify(For_Yolo) by extensions ['ignore', 'ignore_ament_install']
[0.244s] Level 1:colcon.colcon_core.package_identification:_identify(For_Yolo) by extension 'ignore'
[0.244s] Level 1:colcon.colcon_core.package_identification:_identify(For_Yolo) by extension 'ignore_ament_install'
[0.244s] Level 1:colcon.colcon_core.package_identification:_identify(For_Yolo) by extensions ['colcon_pkg']
[0.244s] Level 1:colcon.colcon_core.package_identification:_identify(For_Yolo) by extension 'colcon_pkg'
[0.244s] Level 1:colcon.colcon_core.package_identification:_identify(For_Yolo) by extensions ['colcon_meta']
[0.244s] Level 1:colcon.colcon_core.package_identification:_identify(For_Yolo) by extension 'colcon_meta'
[0.244s] Level 1:colcon.colcon_core.package_identification:_identify(For_Yolo) by extensions ['ros']
[0.244s] Level 1:colcon.colcon_core.package_identification:_identify(For_Yolo) by extension 'ros'
[0.244s] Level 1:colcon.colcon_core.package_identification:_identify(For_Yolo) by extensions ['cmake', 'python']
[0.244s] Level 1:colcon.colcon_core.package_identification:_identify(For_Yolo) by extension 'cmake'
[0.244s] Level 1:colcon.colcon_core.package_identification:_identify(For_Yolo) by extension 'python'
[0.244s] Level 1:colcon.colcon_core.package_identification:_identify(For_Yolo) by extensions ['python_setup_py']
[0.244s] Level 1:colcon.colcon_core.package_identification:_identify(For_Yolo) by extension 'python_setup_py'
[0.245s] Level 1:colcon.colcon_core.package_identification:_identify(build) by extensions ['ignore', 'ignore_ament_install']
[0.245s] Level 1:colcon.colcon_core.package_identification:_identify(build) by extension 'ignore'
[0.245s] Level 1:colcon.colcon_core.package_identification:_identify(build) ignored
[0.245s] Level 1:colcon.colcon_core.package_identification:_identify(install) by extensions ['ignore', 'ignore_ament_install']
[0.245s] Level 1:colcon.colcon_core.package_identification:_identify(install) by extension 'ignore'
[0.245s] Level 1:colcon.colcon_core.package_identification:_identify(install) ignored
[0.245s] Level 1:colcon.colcon_core.package_identification:_identify(log) by extensions ['ignore', 'ignore_ament_install']
[0.245s] Level 1:colcon.colcon_core.package_identification:_identify(log) by extension 'ignore'
[0.245s] Level 1:colcon.colcon_core.package_identification:_identify(log) ignored
[0.245s] Level 1:colcon.colcon_core.package_identification:_identify(src) by extensions ['ignore', 'ignore_ament_install']
[0.245s] Level 1:colcon.colcon_core.package_identification:_identify(src) by extension 'ignore'
[0.245s] Level 1:colcon.colcon_core.package_identification:_identify(src) by extension 'ignore_ament_install'
[0.245s] Level 1:colcon.colcon_core.package_identification:_identify(src) by extensions ['colcon_pkg']
[0.245s] Level 1:colcon.colcon_core.package_identification:_identify(src) by extension 'colcon_pkg'
[0.245s] Level 1:colcon.colcon_core.package_identification:_identify(src) by extensions ['colcon_meta']
[0.245s] Level 1:colcon.colcon_core.package_identification:_identify(src) by extension 'colcon_meta'
[0.245s] Level 1:colcon.colcon_core.package_identification:_identify(src) by extensions ['ros']
[0.245s] Level 1:colcon.colcon_core.package_identification:_identify(src) by extension 'ros'
[0.246s] Level 1:colcon.colcon_core.package_identification:_identify(src) by extensions ['cmake', 'python']
[0.246s] Level 1:colcon.colcon_core.package_identification:_identify(src) by extension 'cmake'
[0.246s] Level 1:colcon.colcon_core.package_identification:_identify(src) by extension 'python'
[0.246s] Level 1:colcon.colcon_core.package_identification:_identify(src) by extensions ['python_setup_py']
[0.246s] Level 1:colcon.colcon_core.package_identification:_identify(src) by extension 'python_setup_py'
[0.246s] Level 1:colcon.colcon_core.package_identification:_identify(src/communication_launch) by extensions ['ignore', 'ignore_ament_install']
[0.246s] Level 1:colcon.colcon_core.package_identification:_identify(src/communication_launch) by extension 'ignore'
[0.246s] Level 1:colcon.colcon_core.package_identification:_identify(src/communication_launch) by extension 'ignore_ament_install'
[0.246s] Level 1:colcon.colcon_core.package_identification:_identify(src/communication_launch) by extensions ['colcon_pkg']
[0.246s] Level 1:colcon.colcon_core.package_identification:_identify(src/communication_launch) by extension 'colcon_pkg'
[0.246s] Level 1:colcon.colcon_core.package_identification:_identify(src/communication_launch) by extensions ['colcon_meta']
[0.246s] Level 1:colcon.colcon_core.package_identification:_identify(src/communication_launch) by extension 'colcon_meta'
[0.246s] Level 1:colcon.colcon_core.package_identification:_identify(src/communication_launch) by extensions ['ros']
[0.246s] Level 1:colcon.colcon_core.package_identification:_identify(src/communication_launch) by extension 'ros'
[0.248s] DEBUG:colcon.colcon_core.package_identification:Package 'src/communication_launch' with type 'ros.ament_python' and name 'communication_launch'
[0.248s] Level 1:colcon.colcon_core.package_identification:_identify(src/coordinate_publisher) by extensions ['ignore', 'ignore_ament_install']
[0.248s] Level 1:colcon.colcon_core.package_identification:_identify(src/coordinate_publisher) by extension 'ignore'
[0.248s] Level 1:colcon.colcon_core.package_identification:_identify(src/coordinate_publisher) by extension 'ignore_ament_install'
[0.248s] Level 1:colcon.colcon_core.package_identification:_identify(src/coordinate_publisher) by extensions ['colcon_pkg']
[0.248s] Level 1:colcon.colcon_core.package_identification:_identify(src/coordinate_publisher) by extension 'colcon_pkg'
[0.249s] Level 1:colcon.colcon_core.package_identification:_identify(src/coordinate_publisher) by extensions ['colcon_meta']
[0.249s] Level 1:colcon.colcon_core.package_identification:_identify(src/coordinate_publisher) by extension 'colcon_meta'
[0.249s] Level 1:colcon.colcon_core.package_identification:_identify(src/coordinate_publisher) by extensions ['ros']
[0.249s] Level 1:colcon.colcon_core.package_identification:_identify(src/coordinate_publisher) by extension 'ros'
[0.249s] DEBUG:colcon.colcon_core.package_identification:Package 'src/coordinate_publisher' with type 'ros.ament_python' and name 'coordinate_publisher'
[0.249s] Level 1:colcon.colcon_core.package_identification:_identify(src/mqtt_subscriber) by extensions ['ignore', 'ignore_ament_install']
[0.249s] Level 1:colcon.colcon_core.package_identification:_identify(src/mqtt_subscriber) by extension 'ignore'
[0.249s] Level 1:colcon.colcon_core.package_identification:_identify(src/mqtt_subscriber) by extension 'ignore_ament_install'
[0.249s] Level 1:colcon.colcon_core.package_identification:_identify(src/mqtt_subscriber) by extensions ['colcon_pkg']
[0.250s] Level 1:colcon.colcon_core.package_identification:_identify(src/mqtt_subscriber) by extension 'colcon_pkg'
[0.250s] Level 1:colcon.colcon_core.package_identification:_identify(src/mqtt_subscriber) by extensions ['colcon_meta']
[0.250s] Level 1:colcon.colcon_core.package_identification:_identify(src/mqtt_subscriber) by extension 'colcon_meta'
[0.250s] Level 1:colcon.colcon_core.package_identification:_identify(src/mqtt_subscriber) by extensions ['ros']
[0.250s] Level 1:colcon.colcon_core.package_identification:_identify(src/mqtt_subscriber) by extension 'ros'
[0.250s] DEBUG:colcon.colcon_core.package_identification:Package 'src/mqtt_subscriber' with type 'ros.ament_python' and name 'mqtt_subscriber'
[0.250s] Level 1:colcon.colcon_core.package_identification:_identify(src/waypoint_converter) by extensions ['ignore', 'ignore_ament_install']
[0.250s] Level 1:colcon.colcon_core.package_identification:_identify(src/waypoint_converter) by extension 'ignore'
[0.250s] Level 1:colcon.colcon_core.package_identification:_identify(src/waypoint_converter) by extension 'ignore_ament_install'
[0.251s] Level 1:colcon.colcon_core.package_identification:_identify(src/waypoint_converter) by extensions ['colcon_pkg']
[0.251s] Level 1:colcon.colcon_core.package_identification:_identify(src/waypoint_converter) by extension 'colcon_pkg'
[0.251s] Level 1:colcon.colcon_core.package_identification:_identify(src/waypoint_converter) by extensions ['colcon_meta']
[0.251s] Level 1:colcon.colcon_core.package_identification:_identify(src/waypoint_converter) by extension 'colcon_meta'
[0.251s] Level 1:colcon.colcon_core.package_identification:_identify(src/waypoint_converter) by extensions ['ros']
[0.251s] Level 1:colcon.colcon_core.package_identification:_identify(src/waypoint_converter) by extension 'ros'
[0.251s] DEBUG:colcon.colcon_core.package_identification:Package 'src/waypoint_converter' with type 'ros.ament_python' and name 'waypoint_converter'
[0.251s] Level 1:colcon.colcon_core.package_discovery:discover_packages(recursive) using defaults
[0.251s] Level 1:colcon.colcon_core.package_discovery:discover_packages(ignore) discover
[0.251s] Level 1:colcon.colcon_core.package_discovery:discover_packages(ignore) using defaults
[0.251s] Level 1:colcon.colcon_core.package_discovery:discover_packages(path) discover
[0.251s] Level 1:colcon.colcon_core.package_discovery:discover_packages(path) using defaults
[0.268s] Level 1:colcon.colcon_core.package_discovery:discover_packages(prefix_path) check parameters
[0.268s] Level 1:colcon.colcon_core.package_discovery:discover_packages(prefix_path) discover
[0.270s] DEBUG:colcon.colcon_installed_package_information.package_discovery:Found 269 installed packages in /opt/ros/foxy
[0.271s] Level 1:colcon.colcon_core.package_discovery:discover_packages(prefix_path) using defaults
[0.317s] Level 5:colcon.colcon_core.verb:set package 'coordinate_publisher' build argument 'cmake_args' from command line to 'None'
[0.317s] Level 5:colcon.colcon_core.verb:set package 'coordinate_publisher' build argument 'cmake_target' from command line to 'None'
[0.317s] Level 5:colcon.colcon_core.verb:set package 'coordinate_publisher' build argument 'cmake_target_skip_unavailable' from command line to 'False'
[0.317s] Level 5:colcon.colcon_core.verb:set package 'coordinate_publisher' build argument 'cmake_clean_cache' from command line to 'False'
[0.317s] Level 5:colcon.colcon_core.verb:set package 'coordinate_publisher' build argument 'cmake_clean_first' from command line to 'False'
[0.317s] Level 5:colcon.colcon_core.verb:set package 'coordinate_publisher' build argument 'cmake_force_configure' from command line to 'False'
[0.317s] Level 5:colcon.colcon_core.verb:set package 'coordinate_publisher' build argument 'ament_cmake_args' from command line to 'None'
[0.317s] Level 5:colcon.colcon_core.verb:set package 'coordinate_publisher' build argument 'catkin_cmake_args' from command line to 'None'
[0.317s] Level 5:colcon.colcon_core.verb:set package 'coordinate_publisher' build argument 'catkin_skip_building_tests' from command line to 'False'
[0.317s] DEBUG:colcon.colcon_core.verb:Building package 'coordinate_publisher' with the following arguments: {'ament_cmake_args': None, 'build_base': '/home/theo/Foxy_Communication-Waypoint/build/coordinate_publisher', 'catkin_cmake_args': None, 'catkin_skip_building_tests': False, 'cmake_args': None, 'cmake_clean_cache': False, 'cmake_clean_first': False, 'cmake_force_configure': False, 'cmake_target': None, 'cmake_target_skip_unavailable': False, 'install_base': '/home/theo/Foxy_Communication-Waypoint/install/coordinate_publisher', 'merge_install': False, 'path': '/home/theo/Foxy_Communication-Waypoint/src/coordinate_publisher', 'symlink_install': False, 'test_result_base': None}
[0.317s] Level 5:colcon.colcon_core.verb:set package 'mqtt_subscriber' build argument 'cmake_args' from command line to 'None'
[0.317s] Level 5:colcon.colcon_core.verb:set package 'mqtt_subscriber' build argument 'cmake_target' from command line to 'None'
[0.317s] Level 5:colcon.colcon_core.verb:set package 'mqtt_subscriber' build argument 'cmake_target_skip_unavailable' from command line to 'False'
[0.317s] Level 5:colcon.colcon_core.verb:set package 'mqtt_subscriber' build argument 'cmake_clean_cache' from command line to 'False'
[0.317s] Level 5:colcon.colcon_core.verb:set package 'mqtt_subscriber' build argument 'cmake_clean_first' from command line to 'False'
[0.317s] Level 5:colcon.colcon_core.verb:set package 'mqtt_subscriber' build argument 'cmake_force_configure' from command line to 'False'
[0.317s] Level 5:colcon.colcon_core.verb:set package 'mqtt_subscriber' build argument 'ament_cmake_args' from command line to 'None'
[0.317s] Level 5:colcon.colcon_core.verb:set package 'mqtt_subscriber' build argument 'catkin_cmake_args' from command line to 'None'
[0.317s] Level 5:colcon.colcon_core.verb:set package 'mqtt_subscriber' build argument 'catkin_skip_building_tests' from command line to 'False'
[0.317s] DEBUG:colcon.colcon_core.verb:Building package 'mqtt_subscriber' with the following arguments: {'ament_cmake_args': None, 'build_base': '/home/theo/Foxy_Communication-Waypoint/build/mqtt_subscriber', 'catkin_cmake_args': None, 'catkin_skip_building_tests': False, 'cmake_args': None, 'cmake_clean_cache': False, 'cmake_clean_first': False, 'cmake_force_configure': False, 'cmake_target': None, 'cmake_target_skip_unavailable': False, 'install_base': '/home/theo/Foxy_Communication-Waypoint/install/mqtt_subscriber', 'merge_install': False, 'path': '/home/theo/Foxy_Communication-Waypoint/src/mqtt_subscriber', 'symlink_install': False, 'test_result_base': None}
[0.318s] Level 5:colcon.colcon_core.verb:set package 'waypoint_converter' build argument 'cmake_args' from command line to 'None'
[0.318s] Level 5:colcon.colcon_core.verb:set package 'waypoint_converter' build argument 'cmake_target' from command line to 'None'
[0.318s] Level 5:colcon.colcon_core.verb:set package 'waypoint_converter' build argument 'cmake_target_skip_unavailable' from command line to 'False'
[0.318s] Level 5:colcon.colcon_core.verb:set package 'waypoint_converter' build argument 'cmake_clean_cache' from command line to 'False'
[0.318s] Level 5:colcon.colcon_core.verb:set package 'waypoint_converter' build argument 'cmake_clean_first' from command line to 'False'
[0.318s] Level 5:colcon.colcon_core.verb:set package 'waypoint_converter' build argument 'cmake_force_configure' from command line to 'False'
[0.318s] Level 5:colcon.colcon_core.verb:set package 'waypoint_converter' build argument 'ament_cmake_args' from command line to 'None'
[0.318s] Level 5:colcon.colcon_core.verb:set package 'waypoint_converter' build argument 'catkin_cmake_args' from command line to 'None'
[0.318s] Level 5:colcon.colcon_core.verb:set package 'waypoint_converter' build argument 'catkin_skip_building_tests' from command line to 'False'
[0.318s] DEBUG:colcon.colcon_core.verb:Building package 'waypoint_converter' with the following arguments: {'ament_cmake_args': None, 'build_base': '/home/theo/Foxy_Communication-Waypoint/build/waypoint_converter', 'catkin_cmake_args': None, 'catkin_skip_building_tests': False, 'cmake_args': None, 'cmake_clean_cache': False, 'cmake_clean_first': False, 'cmake_force_configure': False, 'cmake_target': None, 'cmake_target_skip_unavailable': False, 'install_base': '/home/theo/Foxy_Communication-Waypoint/install/waypoint_converter', 'merge_install': False, 'path': '/home/theo/Foxy_Communication-Waypoint/src/waypoint_converter', 'symlink_install': False, 'test_result_base': None}
[0.318s] Level 5:colcon.colcon_core.verb:set package 'communication_launch' build argument 'cmake_args' from command line to 'None'
[0.318s] Level 5:colcon.colcon_core.verb:set package 'communication_launch' build argument 'cmake_target' from command line to 'None'
[0.318s] Level 5:colcon.colcon_core.verb:set package 'communication_launch' build argument 'cmake_target_skip_unavailable' from command line to 'False'
[0.318s] Level 5:colcon.colcon_core.verb:set package 'communication_launch' build argument 'cmake_clean_cache' from command line to 'False'
[0.318s] Level 5:colcon.colcon_core.verb:set package 'communication_launch' build argument 'cmake_clean_first' from command line to 'False'
[0.318s] Level 5:colcon.colcon_core.verb:set package 'communication_launch' build argument 'cmake_force_configure' from command line to 'False'
[0.318s] Level 5:colcon.colcon_core.verb:set package 'communication_launch' build argument 'ament_cmake_args' from command line to 'None'
[0.318s] Level 5:colcon.colcon_core.verb:set package 'communication_launch' build argument 'catkin_cmake_args' from command line to 'None'
[0.318s] Level 5:colcon.colcon_core.verb:set package 'communication_launch' build argument 'catkin_skip_building_tests' from command line to 'False'
[0.318s] DEBUG:colcon.colcon_core.verb:Building package 'communication_launch' with the following arguments: {'ament_cmake_args': None, 'build_base': '/home/theo/Foxy_Communication-Waypoint/build/communication_launch', 'catkin_cmake_args': None, 'catkin_skip_building_tests': False, 'cmake_args': None, 'cmake_clean_cache': False, 'cmake_clean_first': False, 'cmake_force_configure': False, 'cmake_target': None, 'cmake_target_skip_unavailable': False, 'install_base': '/home/theo/Foxy_Communication-Waypoint/install/communication_launch', 'merge_install': False, 'path': '/home/theo/Foxy_Communication-Waypoint/src/communication_launch', 'symlink_install': False, 'test_result_base': None}
[0.319s] INFO:colcon.colcon_core.executor:Executing jobs using 'parallel' executor
[0.319s] DEBUG:colcon.colcon_parallel_executor.executor.parallel:run_until_complete
[0.320s] INFO:colcon.colcon_ros.task.ament_python.build:Building ROS package in '/home/theo/Foxy_Communication-Waypoint/src/mqtt_subscriber' with build type 'ament_python'
[0.320s] Level 1:colcon.colcon_core.shell:create_environment_hook('mqtt_subscriber', 'ament_prefix_path')
[0.322s] INFO:colcon.colcon_core.plugin_system:Skipping extension 'colcon_core.shell.bat': Not used on non-Windows systems
[0.322s] INFO:colcon.colcon_core.shell:Creating environment hook '/home/theo/Foxy_Communication-Waypoint/install/mqtt_subscriber/share/mqtt_subscriber/hook/ament_prefix_path.ps1'
[0.323s] INFO:colcon.colcon_core.shell:Creating environment descriptor '/home/theo/Foxy_Communication-Waypoint/install/mqtt_subscriber/share/mqtt_subscriber/hook/ament_prefix_path.dsv'
[0.323s] INFO:colcon.colcon_core.shell:Creating environment hook '/home/theo/Foxy_Communication-Waypoint/install/mqtt_subscriber/share/mqtt_subscriber/hook/ament_prefix_path.sh'
[0.324s] INFO:colcon.colcon_core.shell:Skip shell extension 'powershell' for command environment: Not usable outside of PowerShell
[0.324s] DEBUG:colcon.colcon_core.shell:Skip shell extension 'dsv' for command environment
[0.328s] INFO:colcon.colcon_ros.task.ament_python.build:Building ROS package in '/home/theo/Foxy_Communication-Waypoint/src/waypoint_converter' with build type 'ament_python'
[0.328s] Level 1:colcon.colcon_core.shell:create_environment_hook('waypoint_converter', 'ament_prefix_path')
[0.328s] INFO:colcon.colcon_core.shell:Creating environment hook '/home/theo/Foxy_Communication-Waypoint/install/waypoint_converter/share/waypoint_converter/hook/ament_prefix_path.ps1'
[0.329s] INFO:colcon.colcon_core.shell:Creating environment descriptor '/home/theo/Foxy_Communication-Waypoint/install/waypoint_converter/share/waypoint_converter/hook/ament_prefix_path.dsv'
[0.330s] INFO:colcon.colcon_core.shell:Creating environment hook '/home/theo/Foxy_Communication-Waypoint/install/waypoint_converter/share/waypoint_converter/hook/ament_prefix_path.sh'
[0.330s] INFO:colcon.colcon_core.shell:Skip shell extension 'powershell' for command environment: Not usable outside of PowerShell
[0.330s] DEBUG:colcon.colcon_core.shell:Skip shell extension 'dsv' for command environment
[0.334s] INFO:colcon.colcon_ros.task.ament_python.build:Building ROS package in '/home/theo/Foxy_Communication-Waypoint/src/coordinate_publisher' with build type 'ament_python'
[0.334s] Level 1:colcon.colcon_core.shell:create_environment_hook('coordinate_publisher', 'ament_prefix_path')
[0.334s] INFO:colcon.colcon_core.shell:Creating environment hook '/home/theo/Foxy_Communication-Waypoint/install/coordinate_publisher/share/coordinate_publisher/hook/ament_prefix_path.ps1'
[0.336s] INFO:colcon.colcon_core.shell:Creating environment descriptor '/home/theo/Foxy_Communication-Waypoint/install/coordinate_publisher/share/coordinate_publisher/hook/ament_prefix_path.dsv'
[0.336s] INFO:colcon.colcon_core.shell:Creating environment hook '/home/theo/Foxy_Communication-Waypoint/install/coordinate_publisher/share/coordinate_publisher/hook/ament_prefix_path.sh'
[0.337s] INFO:colcon.colcon_core.shell:Skip shell extension 'powershell' for command environment: Not usable outside of PowerShell
[0.337s] DEBUG:colcon.colcon_core.shell:Skip shell extension 'dsv' for command environment
[0.510s] WARNING:colcon.colcon_ros.task.ament_python.build:Package 'mqtt_subscriber' doesn't explicitly install a marker in the package index (colcon-ros currently does it implicitly but that fallback will be removed in the future)
[0.511s] WARNING:colcon.colcon_ros.task.ament_python.build:Package 'mqtt_subscriber' doesn't explicitly install the 'package.xml' file (colcon-ros currently does it implicitly but that fallback will be removed in the future)
[0.511s] INFO:colcon.colcon_core.task.python.build:Building Python package in '/home/theo/Foxy_Communication-Waypoint/src/mqtt_subscriber'
[0.511s] INFO:colcon.colcon_core.shell:Skip shell extension 'powershell' for command environment: Not usable outside of PowerShell
[0.511s] DEBUG:colcon.colcon_core.shell:Skip shell extension 'dsv' for command environment
[0.678s] INFO:colcon.colcon_core.task.python.build:Building Python package in '/home/theo/Foxy_Communication-Waypoint/src/waypoint_converter'
[0.679s] INFO:colcon.colcon_core.shell:Skip shell extension 'powershell' for command environment: Not usable outside of PowerShell
[0.679s] DEBUG:colcon.colcon_core.shell:Skip shell extension 'dsv' for command environment
[0.848s] INFO:colcon.colcon_core.task.python.build:Building Python package in '/home/theo/Foxy_Communication-Waypoint/src/coordinate_publisher'
[0.848s] INFO:colcon.colcon_core.shell:Skip shell extension 'powershell' for command environment: Not usable outside of PowerShell
[0.848s] DEBUG:colcon.colcon_core.shell:Skip shell extension 'dsv' for command environment
[1.418s] DEBUG:colcon.colcon_core.event_handler.log_command:Invoking command in '/home/theo/Foxy_Communication-Waypoint/src/waypoint_converter': PYTHONPATH=/home/theo/Foxy_Communication-Waypoint/build/waypoint_converter/prefix_override:/usr/lib/python3/dist-packages/colcon_core/task/python/colcon_distutils_commands:/home/theo/Foxy_Communication-Waypoint/install/waypoint_converter/lib/python3.8/site-packages:${PYTHONPATH} /usr/bin/python3 -W ignore:setup.py install is deprecated setup.py egg_info --egg-base ../../build/waypoint_converter build --build-base /home/theo/Foxy_Communication-Waypoint/build/waypoint_converter/build install --record /home/theo/Foxy_Communication-Waypoint/build/waypoint_converter/install.log --single-version-externally-managed install_data
[1.434s] DEBUG:colcon.colcon_core.event_handler.log_command:Invoking command in '/home/theo/Foxy_Communication-Waypoint/src/mqtt_subscriber': PYTHONPATH=/home/theo/Foxy_Communication-Waypoint/build/mqtt_subscriber/prefix_override:/usr/lib/python3/dist-packages/colcon_core/task/python/colcon_distutils_commands:/home/theo/Foxy_Communication-Waypoint/install/mqtt_subscriber/lib/python3.8/site-packages:${PYTHONPATH} /usr/bin/python3 -W ignore:setup.py install is deprecated setup.py egg_info --egg-base ../../build/mqtt_subscriber build --build-base /home/theo/Foxy_Communication-Waypoint/build/mqtt_subscriber/build install --record /home/theo/Foxy_Communication-Waypoint/build/mqtt_subscriber/install.log --single-version-externally-managed
[1.440s] DEBUG:colcon.colcon_core.event_handler.log_command:Invoking command in '/home/theo/Foxy_Communication-Waypoint/src/coordinate_publisher': PYTHONPATH=/home/theo/Foxy_Communication-Waypoint/build/coordinate_publisher/prefix_override:/usr/lib/python3/dist-packages/colcon_core/task/python/colcon_distutils_commands:/home/theo/Foxy_Communication-Waypoint/install/coordinate_publisher/lib/python3.8/site-packages:${PYTHONPATH} /usr/bin/python3 -W ignore:setup.py install is deprecated setup.py egg_info --egg-base ../../build/coordinate_publisher build --build-base /home/theo/Foxy_Communication-Waypoint/build/coordinate_publisher/build install --record /home/theo/Foxy_Communication-Waypoint/build/coordinate_publisher/install.log --single-version-externally-managed install_data
[1.904s] DEBUG:colcon.colcon_core.event_handler.log_command:Invoked command in '/home/theo/Foxy_Communication-Waypoint/src/waypoint_converter' returned '0': PYTHONPATH=/home/theo/Foxy_Communication-Waypoint/build/waypoint_converter/prefix_override:/usr/lib/python3/dist-packages/colcon_core/task/python/colcon_distutils_commands:/home/theo/Foxy_Communication-Waypoint/install/waypoint_converter/lib/python3.8/site-packages:${PYTHONPATH} /usr/bin/python3 -W ignore:setup.py install is deprecated setup.py egg_info --egg-base ../../build/waypoint_converter build --build-base /home/theo/Foxy_Communication-Waypoint/build/waypoint_converter/build install --record /home/theo/Foxy_Communication-Waypoint/build/waypoint_converter/install.log --single-version-externally-managed install_data
[1.907s] Level 1:colcon.colcon_core.environment:checking '/home/theo/Foxy_Communication-Waypoint/install/waypoint_converter' for CMake module files
[1.908s] Level 1:colcon.colcon_core.environment:checking '/home/theo/Foxy_Communication-Waypoint/install/waypoint_converter' for CMake config files
[1.909s] Level 1:colcon.colcon_core.environment:checking '/home/theo/Foxy_Communication-Waypoint/install/waypoint_converter/lib'
[1.909s] Level 1:colcon.colcon_core.environment:checking '/home/theo/Foxy_Communication-Waypoint/install/waypoint_converter/bin'
[1.909s] Level 1:colcon.colcon_core.environment:checking '/home/theo/Foxy_Communication-Waypoint/install/waypoint_converter/lib/pkgconfig/waypoint_converter.pc'
[1.909s] Level 1:colcon.colcon_core.environment:checking '/home/theo/Foxy_Communication-Waypoint/install/waypoint_converter/lib/python3.8/site-packages'
[1.909s] Level 1:colcon.colcon_core.shell:create_environment_hook('waypoint_converter', 'pythonpath')
[1.910s] INFO:colcon.colcon_core.shell:Creating environment hook '/home/theo/Foxy_Communication-Waypoint/install/waypoint_converter/share/waypoint_converter/hook/pythonpath.ps1'
[1.910s] INFO:colcon.colcon_core.shell:Creating environment descriptor '/home/theo/Foxy_Communication-Waypoint/install/waypoint_converter/share/waypoint_converter/hook/pythonpath.dsv'
[1.910s] INFO:colcon.colcon_core.shell:Creating environment hook '/home/theo/Foxy_Communication-Waypoint/install/waypoint_converter/share/waypoint_converter/hook/pythonpath.sh'
[1.911s] Level 1:colcon.colcon_core.environment:checking '/home/theo/Foxy_Communication-Waypoint/install/waypoint_converter/bin'
[1.911s] Level 1:colcon.colcon_core.environment:create_environment_scripts_only(waypoint_converter)
[1.911s] INFO:colcon.colcon_core.shell:Creating package script '/home/theo/Foxy_Communication-Waypoint/install/waypoint_converter/share/waypoint_converter/package.ps1'
[1.913s] INFO:colcon.colcon_core.shell:Creating package descriptor '/home/theo/Foxy_Communication-Waypoint/install/waypoint_converter/share/waypoint_converter/package.dsv'
[1.913s] INFO:colcon.colcon_core.shell:Creating package script '/home/theo/Foxy_Communication-Waypoint/install/waypoint_converter/share/waypoint_converter/package.sh'
[1.914s] INFO:colcon.colcon_core.shell:Creating package script '/home/theo/Foxy_Communication-Waypoint/install/waypoint_converter/share/waypoint_converter/package.bash'
[1.915s] INFO:colcon.colcon_core.shell:Creating package script '/home/theo/Foxy_Communication-Waypoint/install/waypoint_converter/share/waypoint_converter/package.zsh'
[1.916s] Level 1:colcon.colcon_core.environment:create_file_with_runtime_dependencies(/home/theo/Foxy_Communication-Waypoint/install/waypoint_converter/share/colcon-core/packages/waypoint_converter)
[1.917s] Level 1:colcon.colcon_core.environment:checking '/home/theo/Foxy_Communication-Waypoint/install/mqtt_subscriber' for CMake module files
[1.918s] DEBUG:colcon.colcon_core.event_handler.log_command:Invoked command in '/home/theo/Foxy_Communication-Waypoint/src/mqtt_subscriber' returned '0': PYTHONPATH=/home/theo/Foxy_Communication-Waypoint/build/mqtt_subscriber/prefix_override:/usr/lib/python3/dist-packages/colcon_core/task/python/colcon_distutils_commands:/home/theo/Foxy_Communication-Waypoint/install/mqtt_subscriber/lib/python3.8/site-packages:${PYTHONPATH} /usr/bin/python3 -W ignore:setup.py install is deprecated setup.py egg_info --egg-base ../../build/mqtt_subscriber build --build-base /home/theo/Foxy_Communication-Waypoint/build/mqtt_subscriber/build install --record /home/theo/Foxy_Communication-Waypoint/build/mqtt_subscriber/install.log --single-version-externally-managed
[1.918s] Level 1:colcon.colcon_core.environment:checking '/home/theo/Foxy_Communication-Waypoint/install/mqtt_subscriber' for CMake config files
[1.919s] Level 1:colcon.colcon_core.environment:checking '/home/theo/Foxy_Communication-Waypoint/install/mqtt_subscriber/lib'
[1.919s] Level 1:colcon.colcon_core.environment:checking '/home/theo/Foxy_Communication-Waypoint/install/mqtt_subscriber/bin'
[1.919s] Level 1:colcon.colcon_core.environment:checking '/home/theo/Foxy_Communication-Waypoint/install/mqtt_subscriber/lib/pkgconfig/mqtt_subscriber.pc'
[1.919s] Level 1:colcon.colcon_core.environment:checking '/home/theo/Foxy_Communication-Waypoint/install/mqtt_subscriber/lib/python3.8/site-packages'
[1.919s] Level 1:colcon.colcon_core.shell:create_environment_hook('mqtt_subscriber', 'pythonpath')
[1.920s] INFO:colcon.colcon_core.shell:Creating environment hook '/home/theo/Foxy_Communication-Waypoint/install/mqtt_subscriber/share/mqtt_subscriber/hook/pythonpath.ps1'
[1.920s] INFO:colcon.colcon_core.shell:Creating environment descriptor '/home/theo/Foxy_Communication-Waypoint/install/mqtt_subscriber/share/mqtt_subscriber/hook/pythonpath.dsv'
[1.920s] INFO:colcon.colcon_core.shell:Creating environment hook '/home/theo/Foxy_Communication-Waypoint/install/mqtt_subscriber/share/mqtt_subscriber/hook/pythonpath.sh'
[1.921s] Level 1:colcon.colcon_core.environment:checking '/home/theo/Foxy_Communication-Waypoint/install/mqtt_subscriber/bin'
[1.921s] Level 1:colcon.colcon_core.environment:create_environment_scripts_only(mqtt_subscriber)
[1.921s] INFO:colcon.colcon_core.shell:Creating package script '/home/theo/Foxy_Communication-Waypoint/install/mqtt_subscriber/share/mqtt_subscriber/package.ps1'
[1.922s] INFO:colcon.colcon_core.shell:Creating package descriptor '/home/theo/Foxy_Communication-Waypoint/install/mqtt_subscriber/share/mqtt_subscriber/package.dsv'
[1.922s] INFO:colcon.colcon_core.shell:Creating package script '/home/theo/Foxy_Communication-Waypoint/install/mqtt_subscriber/share/mqtt_subscriber/package.sh'
[1.923s] INFO:colcon.colcon_core.shell:Creating package script '/home/theo/Foxy_Communication-Waypoint/install/mqtt_subscriber/share/mqtt_subscriber/package.bash'
[1.923s] INFO:colcon.colcon_core.shell:Creating package script '/home/theo/Foxy_Communication-Waypoint/install/mqtt_subscriber/share/mqtt_subscriber/package.zsh'
[1.923s] Level 1:colcon.colcon_core.environment:create_file_with_runtime_dependencies(/home/theo/Foxy_Communication-Waypoint/install/mqtt_subscriber/share/colcon-core/packages/mqtt_subscriber)
[1.923s] INFO:colcon.colcon_ros.task.ament_python.build:Building ROS package in '/home/theo/Foxy_Communication-Waypoint/src/communication_launch' with build type 'ament_python'
[1.924s] Level 1:colcon.colcon_core.shell:create_environment_hook('communication_launch', 'ament_prefix_path')
[1.924s] INFO:colcon.colcon_core.shell:Creating environment hook '/home/theo/Foxy_Communication-Waypoint/install/communication_launch/share/communication_launch/hook/ament_prefix_path.ps1'
[1.925s] INFO:colcon.colcon_core.shell:Creating environment descriptor '/home/theo/Foxy_Communication-Waypoint/install/communication_launch/share/communication_launch/hook/ament_prefix_path.dsv'
[1.925s] INFO:colcon.colcon_core.shell:Creating environment hook '/home/theo/Foxy_Communication-Waypoint/install/communication_launch/share/communication_launch/hook/ament_prefix_path.sh'
[1.926s] INFO:colcon.colcon_core.shell:Skip shell extension 'powershell' for command environment: Not usable outside of PowerShell
[1.926s] DEBUG:colcon.colcon_core.shell:Skip shell extension 'dsv' for command environment
[1.930s] Level 1:colcon.colcon_core.environment:checking '/home/theo/Foxy_Communication-Waypoint/install/coordinate_publisher' for CMake module files
[1.931s] DEBUG:colcon.colcon_core.event_handler.log_command:Invoked command in '/home/theo/Foxy_Communication-Waypoint/src/coordinate_publisher' returned '0': PYTHONPATH=/home/theo/Foxy_Communication-Waypoint/build/coordinate_publisher/prefix_override:/usr/lib/python3/dist-packages/colcon_core/task/python/colcon_distutils_commands:/home/theo/Foxy_Communication-Waypoint/install/coordinate_publisher/lib/python3.8/site-packages:${PYTHONPATH} /usr/bin/python3 -W ignore:setup.py install is deprecated setup.py egg_info --egg-base ../../build/coordinate_publisher build --build-base /home/theo/Foxy_Communication-Waypoint/build/coordinate_publisher/build install --record /home/theo/Foxy_Communication-Waypoint/build/coordinate_publisher/install.log --single-version-externally-managed install_data
[1.931s] Level 1:colcon.colcon_core.environment:checking '/home/theo/Foxy_Communication-Waypoint/install/coordinate_publisher' for CMake config files
[1.932s] Level 1:colcon.colcon_core.environment:checking '/home/theo/Foxy_Communication-Waypoint/install/coordinate_publisher/lib'
[1.932s] Level 1:colcon.colcon_core.environment:checking '/home/theo/Foxy_Communication-Waypoint/install/coordinate_publisher/bin'
[1.932s] Level 1:colcon.colcon_core.environment:checking '/home/theo/Foxy_Communication-Waypoint/install/coordinate_publisher/lib/pkgconfig/coordinate_publisher.pc'
[1.932s] Level 1:colcon.colcon_core.environment:checking '/home/theo/Foxy_Communication-Waypoint/install/coordinate_publisher/lib/python3.8/site-packages'
[1.932s] Level 1:colcon.colcon_core.shell:create_environment_hook('coordinate_publisher', 'pythonpath')
[1.933s] INFO:colcon.colcon_core.shell:Creating environment hook '/home/theo/Foxy_Communication-Waypoint/install/coordinate_publisher/share/coordinate_publisher/hook/pythonpath.ps1'
[1.933s] INFO:colcon.colcon_core.shell:Creating environment descriptor '/home/theo/Foxy_Communication-Waypoint/install/coordinate_publisher/share/coordinate_publisher/hook/pythonpath.dsv'
[1.933s] INFO:colcon.colcon_core.shell:Creating environment hook '/home/theo/Foxy_Communication-Waypoint/install/coordinate_publisher/share/coordinate_publisher/hook/pythonpath.sh'
[1.934s] Level 1:colcon.colcon_core.environment:checking '/home/theo/Foxy_Communication-Waypoint/install/coordinate_publisher/bin'
[1.934s] Level 1:colcon.colcon_core.environment:create_environment_scripts_only(coordinate_publisher)
[1.934s] INFO:colcon.colcon_core.shell:Creating package script '/home/theo/Foxy_Communication-Waypoint/install/coordinate_publisher/share/coordinate_publisher/package.ps1'
[1.935s] INFO:colcon.colcon_core.shell:Creating package descriptor '/home/theo/Foxy_Communication-Waypoint/install/coordinate_publisher/share/coordinate_publisher/package.dsv'
[1.935s] INFO:colcon.colcon_core.shell:Creating package script '/home/theo/Foxy_Communication-Waypoint/install/coordinate_publisher/share/coordinate_publisher/package.sh'
[1.935s] INFO:colcon.colcon_core.shell:Creating package script '/home/theo/Foxy_Communication-Waypoint/install/coordinate_publisher/share/coordinate_publisher/package.bash'
[1.935s] INFO:colcon.colcon_core.shell:Creating package script '/home/theo/Foxy_Communication-Waypoint/install/coordinate_publisher/share/coordinate_publisher/package.zsh'
[1.936s] Level 1:colcon.colcon_core.environment:create_file_with_runtime_dependencies(/home/theo/Foxy_Communication-Waypoint/install/coordinate_publisher/share/colcon-core/packages/coordinate_publisher)
[2.112s] WARNING:colcon.colcon_ros.task.ament_python.build:Package 'communication_launch' doesn't explicitly install a marker in the package index (colcon-ros currently does it implicitly but that fallback will be removed in the future)
[2.113s] INFO:colcon.colcon_core.task.python.build:Building Python package in '/home/theo/Foxy_Communication-Waypoint/src/communication_launch'
[2.113s] INFO:colcon.colcon_core.shell:Skip shell extension 'powershell' for command environment: Not usable outside of PowerShell
[2.113s] DEBUG:colcon.colcon_core.shell:Skip shell extension 'dsv' for command environment
[2.654s] DEBUG:colcon.colcon_core.event_handler.log_command:Invoking command in '/home/theo/Foxy_Communication-Waypoint/src/communication_launch': AMENT_PREFIX_PATH=/home/theo/Foxy_Communication-Waypoint/install/waypoint_converter:/home/theo/Foxy_Communication-Waypoint/install/mqtt_subscriber:${AMENT_PREFIX_PATH} PYTHONPATH=/home/theo/Foxy_Communication-Waypoint/build/communication_launch/prefix_override:/usr/lib/python3/dist-packages/colcon_core/task/python/colcon_distutils_commands:/home/theo/Foxy_Communication-Waypoint/install/communication_launch/lib/python3.8/site-packages:/home/theo/Foxy_Communication-Waypoint/install/waypoint_converter/lib/python3.8/site-packages:/home/theo/Foxy_Communication-Waypoint/install/mqtt_subscriber/lib/python3.8/site-packages:${PYTHONPATH} /usr/bin/python3 -W ignore:setup.py install is deprecated setup.py egg_info --egg-base ../../build/communication_launch build --build-base /home/theo/Foxy_Communication-Waypoint/build/communication_launch/build install --record /home/theo/Foxy_Communication-Waypoint/build/communication_launch/install.log --install-scripts $base/lib/communication_launch --single-version-externally-managed install_data
[3.094s] Level 1:colcon.colcon_core.environment:checking '/home/theo/Foxy_Communication-Waypoint/install/communication_launch' for CMake module files
[3.094s] DEBUG:colcon.colcon_core.event_handler.log_command:Invoked command in '/home/theo/Foxy_Communication-Waypoint/src/communication_launch' returned '0': AMENT_PREFIX_PATH=/home/theo/Foxy_Communication-Waypoint/install/waypoint_converter:/home/theo/Foxy_Communication-Waypoint/install/mqtt_subscriber:${AMENT_PREFIX_PATH} PYTHONPATH=/home/theo/Foxy_Communication-Waypoint/build/communication_launch/prefix_override:/usr/lib/python3/dist-packages/colcon_core/task/python/colcon_distutils_commands:/home/theo/Foxy_Communication-Waypoint/install/communication_launch/lib/python3.8/site-packages:/home/theo/Foxy_Communication-Waypoint/install/waypoint_converter/lib/python3.8/site-packages:/home/theo/Foxy_Communication-Waypoint/install/mqtt_subscriber/lib/python3.8/site-packages:${PYTHONPATH} /usr/bin/python3 -W ignore:setup.py install is deprecated setup.py egg_info --egg-base ../../build/communication_launch build --build-base /home/theo/Foxy_Communication-Waypoint/build/communication_launch/build install --record /home/theo/Foxy_Communication-Waypoint/build/communication_launch/install.log --install-scripts $base/lib/communication_launch --single-version-externally-managed install_data
[3.095s] Level 1:colcon.colcon_core.environment:checking '/home/theo/Foxy_Communication-Waypoint/install/communication_launch' for CMake config files
[3.095s] Level 1:colcon.colcon_core.environment:checking '/home/theo/Foxy_Communication-Waypoint/install/communication_launch/lib'
[3.095s] Level 1:colcon.colcon_core.environment:checking '/home/theo/Foxy_Communication-Waypoint/install/communication_launch/bin'
[3.095s] Level 1:colcon.colcon_core.environment:checking '/home/theo/Foxy_Communication-Waypoint/install/communication_launch/lib/pkgconfig/communication_launch.pc'
[3.095s] Level 1:colcon.colcon_core.environment:checking '/home/theo/Foxy_Communication-Waypoint/install/communication_launch/lib/python3.8/site-packages'
[3.095s] Level 1:colcon.colcon_core.shell:create_environment_hook('communication_launch', 'pythonpath')
[3.096s] INFO:colcon.colcon_core.shell:Creating environment hook '/home/theo/Foxy_Communication-Waypoint/install/communication_launch/share/communication_launch/hook/pythonpath.ps1'
[3.096s] INFO:colcon.colcon_core.shell:Creating environment descriptor '/home/theo/Foxy_Communication-Waypoint/install/communication_launch/share/communication_launch/hook/pythonpath.dsv'
[3.096s] INFO:colcon.colcon_core.shell:Creating environment hook '/home/theo/Foxy_Communication-Waypoint/install/communication_launch/share/communication_launch/hook/pythonpath.sh'
[3.097s] Level 1:colcon.colcon_core.environment:checking '/home/theo/Foxy_Communication-Waypoint/install/communication_launch/bin'
[3.097s] Level 1:colcon.colcon_core.environment:create_environment_scripts_only(communication_launch)
[3.097s] INFO:colcon.colcon_core.shell:Creating package script '/home/theo/Foxy_Communication-Waypoint/install/communication_launch/share/communication_launch/package.ps1'
[3.097s] INFO:colcon.colcon_core.shell:Creating package descriptor '/home/theo/Foxy_Communication-Waypoint/install/communication_launch/share/communication_launch/package.dsv'
[3.098s] INFO:colcon.colcon_core.shell:Creating package script '/home/theo/Foxy_Communication-Waypoint/install/communication_launch/share/communication_launch/package.sh'
[3.098s] INFO:colcon.colcon_core.shell:Creating package script '/home/theo/Foxy_Communication-Waypoint/install/communication_launch/share/communication_launch/package.bash'
[3.098s] INFO:colcon.colcon_core.shell:Creating package script '/home/theo/Foxy_Communication-Waypoint/install/communication_launch/share/communication_launch/package.zsh'
[3.099s] Level 1:colcon.colcon_core.environment:create_file_with_runtime_dependencies(/home/theo/Foxy_Communication-Waypoint/install/communication_launch/share/colcon-core/packages/communication_launch)
[3.099s] DEBUG:colcon.colcon_parallel_executor.executor.parallel:closing loop
[3.099s] DEBUG:colcon.colcon_parallel_executor.executor.parallel:loop closed
[3.099s] DEBUG:colcon.colcon_parallel_executor.executor.parallel:run_until_complete finished with '0'
[3.100s] DEBUG:colcon.colcon_core.event_reactor:joining thread
[3.104s] INFO:colcon.colcon_core.plugin_system:Skipping extension 'colcon_notification.desktop_notification.terminal_notifier': Not used on non-Darwin systems
[3.104s] INFO:colcon.colcon_core.plugin_system:Skipping extension 'colcon_notification.desktop_notification.win32': Not used on non-Windows systems
[3.104s] INFO:colcon.colcon_notification.desktop_notification:Sending desktop notification using 'notify2'
[3.116s] DEBUG:colcon.colcon_core.event_reactor:joined thread
[3.116s] INFO:colcon.colcon_core.shell:Creating prefix script '/home/theo/Foxy_Communication-Waypoint/install/local_setup.ps1'
[3.117s] INFO:colcon.colcon_core.shell:Creating prefix util module '/home/theo/Foxy_Communication-Waypoint/install/_local_setup_util_ps1.py'
[3.118s] INFO:colcon.colcon_core.shell:Creating prefix chain script '/home/theo/Foxy_Communication-Waypoint/install/setup.ps1'
[3.119s] INFO:colcon.colcon_core.shell:Creating prefix script '/home/theo/Foxy_Communication-Waypoint/install/local_setup.sh'
[3.120s] INFO:colcon.colcon_core.shell:Creating prefix util module '/home/theo/Foxy_Communication-Waypoint/install/_local_setup_util_sh.py'
[3.120s] INFO:colcon.colcon_core.shell:Creating prefix chain script '/home/theo/Foxy_Communication-Waypoint/install/setup.sh'
[3.121s] INFO:colcon.colcon_core.shell:Creating prefix script '/home/theo/Foxy_Communication-Waypoint/install/local_setup.bash'
[3.121s] INFO:colcon.colcon_core.shell:Creating prefix chain script '/home/theo/Foxy_Communication-Waypoint/install/setup.bash'
[3.122s] INFO:colcon.colcon_core.shell:Creating prefix script '/home/theo/Foxy_Communication-Waypoint/install/local_setup.zsh'
[3.123s] INFO:colcon.colcon_core.shell:Creating prefix chain script '/home/theo/Foxy_Communication-Waypoint/install/setup.zsh'
