[0.217s] DEBUG:colcon:Command line arguments: ['/usr/bin/colcon', 'build']
[0.218s] DEBUG:colcon:Parsed command line arguments: Namespace(allow_overriding=[], ament_cmake_args=None, base_paths=['.'], build_base='build', catkin_cmake_args=None, catkin_skip_building_tests=False, cmake_args=None, cmake_clean_cache=False, cmake_clean_first=False, cmake_force_configure=False, cmake_target=None, cmake_target_skip_unavailable=False, continue_on_error=False, event_handlers=None, executor='parallel', ignore_user_meta=False, install_base='install', log_base=None, log_level=None, main=<bound method BuildVerb.main of <colcon_core.verb.build.BuildVerb object at 0x7fdef1bf88b0>>, merge_install=False, metas=['./colcon.meta'], mixin=None, mixin_files=None, mixin_verb=('build',), packages_above=None, packages_above_and_dependencies=None, packages_above_depth=None, packages_end=None, packages_ignore=None, packages_ignore_regex=None, packages_select=None, packages_select_build_failed=False, packages_select_by_dep=None, packages_select_regex=None, packages_select_test_failures=False, packages_skip=None, packages_skip_build_finished=False, packages_skip_by_dep=None, packages_skip_regex=None, packages_skip_test_passed=False, packages_skip_up_to=None, packages_start=None, packages_up_to=None, packages_up_to_regex=None, parallel_workers=12, paths=None, symlink_install=False, test_result_base=None, verb_extension=<colcon_core.verb.build.BuildVerb object at 0x7fdef1bf88b0>, verb_name='build', verb_parser=<colcon_mixin.mixin.mixin_argument.MixinArgumentDecorator object at 0x7fdef1b40b50>)
[0.257s] Level 1:colcon.colcon_core.package_discovery:discover_packages(colcon_meta) check parameters
[0.257s] Level 1:colcon.colcon_core.package_discovery:discover_packages(recursive) check parameters
[0.257s] Level 1:colcon.colcon_core.package_discovery:discover_packages(ignore) check parameters
[0.257s] Level 1:colcon.colcon_core.package_discovery:discover_packages(path) check parameters
[0.257s] Level 1:colcon.colcon_core.package_discovery:discover_packages(colcon_meta) discover
[0.257s] Level 1:colcon.colcon_core.package_discovery:discover_packages(recursive) discover
[0.257s] INFO:colcon.colcon_core.package_discovery:Crawling recursively for packages in '/home/theo/Foxy_Communication-Waypoint'
[0.257s] Level 1:colcon.colcon_core.package_identification:_identify(.) by extensions ['ignore', 'ignore_ament_install']
[0.257s] Level 1:colcon.colcon_core.package_identification:_identify(.) by extension 'ignore'
[0.257s] Level 1:colcon.colcon_core.package_identification:_identify(.) by extension 'ignore_ament_install'
[0.257s] Level 1:colcon.colcon_core.package_identification:_identify(.) by extensions ['colcon_pkg']
[0.257s] Level 1:colcon.colcon_core.package_identification:_identify(.) by extension 'colcon_pkg'
[0.257s] Level 1:colcon.colcon_core.package_identification:_identify(.) by extensions ['colcon_meta']
[0.257s] Level 1:colcon.colcon_core.package_identification:_identify(.) by extension 'colcon_meta'
[0.258s] Level 1:colcon.colcon_core.package_identification:_identify(.) by extensions ['ros']
[0.258s] Level 1:colcon.colcon_core.package_identification:_identify(.) by extension 'ros'
[0.269s] Level 1:colcon.colcon_core.package_identification:_identify(.) by extensions ['cmake', 'python']
[0.269s] Level 1:colcon.colcon_core.package_identification:_identify(.) by extension 'cmake'
[0.270s] Level 1:colcon.colcon_core.package_identification:_identify(.) by extension 'python'
[0.270s] Level 1:colcon.colcon_core.package_identification:_identify(.) by extensions ['python_setup_py']
[0.270s] Level 1:colcon.colcon_core.package_identification:_identify(.) by extension 'python_setup_py'
[0.270s] Level 1:colcon.colcon_core.package_identification:_identify(build) by extensions ['ignore', 'ignore_ament_install']
[0.270s] Level 1:colcon.colcon_core.package_identification:_identify(build) by extension 'ignore'
[0.270s] Level 1:colcon.colcon_core.package_identification:_identify(build) ignored
[0.270s] Level 1:colcon.colcon_core.package_identification:_identify(install) by extensions ['ignore', 'ignore_ament_install']
[0.270s] Level 1:colcon.colcon_core.package_identification:_identify(install) by extension 'ignore'
[0.270s] Level 1:colcon.colcon_core.package_identification:_identify(install) ignored
[0.270s] Level 1:colcon.colcon_core.package_identification:_identify(log) by extensions ['ignore', 'ignore_ament_install']
[0.270s] Level 1:colcon.colcon_core.package_identification:_identify(log) by extension 'ignore'
[0.270s] Level 1:colcon.colcon_core.package_identification:_identify(log) ignored
[0.270s] Level 1:colcon.colcon_core.package_identification:_identify(src) by extensions ['ignore', 'ignore_ament_install']
[0.271s] Level 1:colcon.colcon_core.package_identification:_identify(src) by extension 'ignore'
[0.271s] Level 1:colcon.colcon_core.package_identification:_identify(src) by extension 'ignore_ament_install'
[0.271s] Level 1:colcon.colcon_core.package_identification:_identify(src) by extensions ['colcon_pkg']
[0.271s] Level 1:colcon.colcon_core.package_identification:_identify(src) by extension 'colcon_pkg'
[0.271s] Level 1:colcon.colcon_core.package_identification:_identify(src) by extensions ['colcon_meta']
[0.271s] Level 1:colcon.colcon_core.package_identification:_identify(src) by extension 'colcon_meta'
[0.271s] Level 1:colcon.colcon_core.package_identification:_identify(src) by extensions ['ros']
[0.271s] Level 1:colcon.colcon_core.package_identification:_identify(src) by extension 'ros'
[0.271s] Level 1:colcon.colcon_core.package_identification:_identify(src) by extensions ['cmake', 'python']
[0.271s] Level 1:colcon.colcon_core.package_identification:_identify(src) by extension 'cmake'
[0.271s] Level 1:colcon.colcon_core.package_identification:_identify(src) by extension 'python'
[0.271s] Level 1:colcon.colcon_core.package_identification:_identify(src) by extensions ['python_setup_py']
[0.271s] Level 1:colcon.colcon_core.package_identification:_identify(src) by extension 'python_setup_py'
[0.271s] Level 1:colcon.colcon_core.package_identification:_identify(src/coordinate_publisher) by extensions ['ignore', 'ignore_ament_install']
[0.271s] Level 1:colcon.colcon_core.package_identification:_identify(src/coordinate_publisher) by extension 'ignore'
[0.271s] Level 1:colcon.colcon_core.package_identification:_identify(src/coordinate_publisher) by extension 'ignore_ament_install'
[0.271s] Level 1:colcon.colcon_core.package_identification:_identify(src/coordinate_publisher) by extensions ['colcon_pkg']
[0.271s] Level 1:colcon.colcon_core.package_identification:_identify(src/coordinate_publisher) by extension 'colcon_pkg'
[0.271s] Level 1:colcon.colcon_core.package_identification:_identify(src/coordinate_publisher) by extensions ['colcon_meta']
[0.271s] Level 1:colcon.colcon_core.package_identification:_identify(src/coordinate_publisher) by extension 'colcon_meta'
[0.271s] Level 1:colcon.colcon_core.package_identification:_identify(src/coordinate_publisher) by extensions ['ros']
[0.271s] Level 1:colcon.colcon_core.package_identification:_identify(src/coordinate_publisher) by extension 'ros'
[0.274s] DEBUG:colcon.colcon_core.package_identification:Package 'src/coordinate_publisher' with type 'ros.ament_python' and name 'coordinate_publisher'
[0.274s] Level 1:colcon.colcon_core.package_identification:_identify(src/mqtt_subscriber) by extensions ['ignore', 'ignore_ament_install']
[0.274s] Level 1:colcon.colcon_core.package_identification:_identify(src/mqtt_subscriber) by extension 'ignore'
[0.274s] Level 1:colcon.colcon_core.package_identification:_identify(src/mqtt_subscriber) by extension 'ignore_ament_install'
[0.274s] Level 1:colcon.colcon_core.package_identification:_identify(src/mqtt_subscriber) by extensions ['colcon_pkg']
[0.274s] Level 1:colcon.colcon_core.package_identification:_identify(src/mqtt_subscriber) by extension 'colcon_pkg'
[0.274s] Level 1:colcon.colcon_core.package_identification:_identify(src/mqtt_subscriber) by extensions ['colcon_meta']
[0.274s] Level 1:colcon.colcon_core.package_identification:_identify(src/mqtt_subscriber) by extension 'colcon_meta'
[0.274s] Level 1:colcon.colcon_core.package_identification:_identify(src/mqtt_subscriber) by extensions ['ros']
[0.274s] Level 1:colcon.colcon_core.package_identification:_identify(src/mqtt_subscriber) by extension 'ros'
[0.275s] DEBUG:colcon.colcon_core.package_identification:Package 'src/mqtt_subscriber' with type 'ros.ament_python' and name 'mqtt_subscriber'
[0.275s] Level 1:colcon.colcon_core.package_identification:_identify(src/waypoint_converter) by extensions ['ignore', 'ignore_ament_install']
[0.275s] Level 1:colcon.colcon_core.package_identification:_identify(src/waypoint_converter) by extension 'ignore'
[0.275s] Level 1:colcon.colcon_core.package_identification:_identify(src/waypoint_converter) by extension 'ignore_ament_install'
[0.275s] Level 1:colcon.colcon_core.package_identification:_identify(src/waypoint_converter) by extensions ['colcon_pkg']
[0.275s] Level 1:colcon.colcon_core.package_identification:_identify(src/waypoint_converter) by extension 'colcon_pkg'
[0.275s] Level 1:colcon.colcon_core.package_identification:_identify(src/waypoint_converter) by extensions ['colcon_meta']
[0.275s] Level 1:colcon.colcon_core.package_identification:_identify(src/waypoint_converter) by extension 'colcon_meta'
[0.275s] Level 1:colcon.colcon_core.package_identification:_identify(src/waypoint_converter) by extensions ['ros']
[0.275s] Level 1:colcon.colcon_core.package_identification:_identify(src/waypoint_converter) by extension 'ros'
[0.276s] DEBUG:colcon.colcon_core.package_identification:Package 'src/waypoint_converter' with type 'ros.ament_python' and name 'waypoint_converter'
[0.276s] Level 1:colcon.colcon_core.package_discovery:discover_packages(recursive) using defaults
[0.276s] Level 1:colcon.colcon_core.package_discovery:discover_packages(ignore) discover
[0.276s] Level 1:colcon.colcon_core.package_discovery:discover_packages(ignore) using defaults
[0.276s] Level 1:colcon.colcon_core.package_discovery:discover_packages(path) discover
[0.276s] Level 1:colcon.colcon_core.package_discovery:discover_packages(path) using defaults
[0.291s] Level 1:colcon.colcon_core.package_discovery:discover_packages(prefix_path) check parameters
[0.291s] Level 1:colcon.colcon_core.package_discovery:discover_packages(prefix_path) discover
[0.293s] WARNING:colcon.colcon_ros.prefix_path.ament:The path '/home/theo/Foxy_Communication-Waypoint/install/coordinate_publisher' in the environment variable AMENT_PREFIX_PATH doesn't exist
[0.294s] DEBUG:colcon.colcon_installed_package_information.package_discovery:Found 2 installed packages in /home/theo/Foxy_Communication-Waypoint/install
[0.297s] DEBUG:colcon.colcon_installed_package_information.package_discovery:Found 265 installed packages in /opt/ros/foxy
[0.300s] Level 1:colcon.colcon_core.package_discovery:discover_packages(prefix_path) using defaults
[0.363s] Level 5:colcon.colcon_core.verb:set package 'coordinate_publisher' build argument 'cmake_args' from command line to 'None'
[0.363s] Level 5:colcon.colcon_core.verb:set package 'coordinate_publisher' build argument 'cmake_target' from command line to 'None'
[0.363s] Level 5:colcon.colcon_core.verb:set package 'coordinate_publisher' build argument 'cmake_target_skip_unavailable' from command line to 'False'
[0.363s] Level 5:colcon.colcon_core.verb:set package 'coordinate_publisher' build argument 'cmake_clean_cache' from command line to 'False'
[0.363s] Level 5:colcon.colcon_core.verb:set package 'coordinate_publisher' build argument 'cmake_clean_first' from command line to 'False'
[0.363s] Level 5:colcon.colcon_core.verb:set package 'coordinate_publisher' build argument 'cmake_force_configure' from command line to 'False'
[0.364s] Level 5:colcon.colcon_core.verb:set package 'coordinate_publisher' build argument 'ament_cmake_args' from command line to 'None'
[0.364s] Level 5:colcon.colcon_core.verb:set package 'coordinate_publisher' build argument 'catkin_cmake_args' from command line to 'None'
[0.364s] Level 5:colcon.colcon_core.verb:set package 'coordinate_publisher' build argument 'catkin_skip_building_tests' from command line to 'False'
[0.364s] DEBUG:colcon.colcon_core.verb:Building package 'coordinate_publisher' with the following arguments: {'ament_cmake_args': None, 'build_base': '/home/theo/Foxy_Communication-Waypoint/build/coordinate_publisher', 'catkin_cmake_args': None, 'catkin_skip_building_tests': False, 'cmake_args': None, 'cmake_clean_cache': False, 'cmake_clean_first': False, 'cmake_force_configure': False, 'cmake_target': None, 'cmake_target_skip_unavailable': False, 'install_base': '/home/theo/Foxy_Communication-Waypoint/install/coordinate_publisher', 'merge_install': False, 'path': '/home/theo/Foxy_Communication-Waypoint/src/coordinate_publisher', 'symlink_install': False, 'test_result_base': None}
[0.364s] Level 5:colcon.colcon_core.verb:set package 'mqtt_subscriber' build argument 'cmake_args' from command line to 'None'
[0.364s] Level 5:colcon.colcon_core.verb:set package 'mqtt_subscriber' build argument 'cmake_target' from command line to 'None'
[0.364s] Level 5:colcon.colcon_core.verb:set package 'mqtt_subscriber' build argument 'cmake_target_skip_unavailable' from command line to 'False'
[0.364s] Level 5:colcon.colcon_core.verb:set package 'mqtt_subscriber' build argument 'cmake_clean_cache' from command line to 'False'
[0.364s] Level 5:colcon.colcon_core.verb:set package 'mqtt_subscriber' build argument 'cmake_clean_first' from command line to 'False'
[0.364s] Level 5:colcon.colcon_core.verb:set package 'mqtt_subscriber' build argument 'cmake_force_configure' from command line to 'False'
[0.364s] Level 5:colcon.colcon_core.verb:set package 'mqtt_subscriber' build argument 'ament_cmake_args' from command line to 'None'
[0.364s] Level 5:colcon.colcon_core.verb:set package 'mqtt_subscriber' build argument 'catkin_cmake_args' from command line to 'None'
[0.364s] Level 5:colcon.colcon_core.verb:set package 'mqtt_subscriber' build argument 'catkin_skip_building_tests' from command line to 'False'
[0.364s] DEBUG:colcon.colcon_core.verb:Building package 'mqtt_subscriber' with the following arguments: {'ament_cmake_args': None, 'build_base': '/home/theo/Foxy_Communication-Waypoint/build/mqtt_subscriber', 'catkin_cmake_args': None, 'catkin_skip_building_tests': False, 'cmake_args': None, 'cmake_clean_cache': False, 'cmake_clean_first': False, 'cmake_force_configure': False, 'cmake_target': None, 'cmake_target_skip_unavailable': False, 'install_base': '/home/theo/Foxy_Communication-Waypoint/install/mqtt_subscriber', 'merge_install': False, 'path': '/home/theo/Foxy_Communication-Waypoint/src/mqtt_subscriber', 'symlink_install': False, 'test_result_base': None}
[0.364s] Level 5:colcon.colcon_core.verb:set package 'waypoint_converter' build argument 'cmake_args' from command line to 'None'
[0.365s] Level 5:colcon.colcon_core.verb:set package 'waypoint_converter' build argument 'cmake_target' from command line to 'None'
[0.365s] Level 5:colcon.colcon_core.verb:set package 'waypoint_converter' build argument 'cmake_target_skip_unavailable' from command line to 'False'
[0.365s] Level 5:colcon.colcon_core.verb:set package 'waypoint_converter' build argument 'cmake_clean_cache' from command line to 'False'
[0.365s] Level 5:colcon.colcon_core.verb:set package 'waypoint_converter' build argument 'cmake_clean_first' from command line to 'False'
[0.365s] Level 5:colcon.colcon_core.verb:set package 'waypoint_converter' build argument 'cmake_force_configure' from command line to 'False'
[0.365s] Level 5:colcon.colcon_core.verb:set package 'waypoint_converter' build argument 'ament_cmake_args' from command line to 'None'
[0.365s] Level 5:colcon.colcon_core.verb:set package 'waypoint_converter' build argument 'catkin_cmake_args' from command line to 'None'
[0.365s] Level 5:colcon.colcon_core.verb:set package 'waypoint_converter' build argument 'catkin_skip_building_tests' from command line to 'False'
[0.365s] DEBUG:colcon.colcon_core.verb:Building package 'waypoint_converter' with the following arguments: {'ament_cmake_args': None, 'build_base': '/home/theo/Foxy_Communication-Waypoint/build/waypoint_converter', 'catkin_cmake_args': None, 'catkin_skip_building_tests': False, 'cmake_args': None, 'cmake_clean_cache': False, 'cmake_clean_first': False, 'cmake_force_configure': False, 'cmake_target': None, 'cmake_target_skip_unavailable': False, 'install_base': '/home/theo/Foxy_Communication-Waypoint/install/waypoint_converter', 'merge_install': False, 'path': '/home/theo/Foxy_Communication-Waypoint/src/waypoint_converter', 'symlink_install': False, 'test_result_base': None}
[0.365s] INFO:colcon.colcon_core.executor:Executing jobs using 'parallel' executor
[0.365s] DEBUG:colcon.colcon_parallel_executor.executor.parallel:run_until_complete
[0.366s] INFO:colcon.colcon_ros.task.ament_python.build:Building ROS package in '/home/theo/Foxy_Communication-Waypoint/src/coordinate_publisher' with build type 'ament_python'
[0.366s] Level 1:colcon.colcon_core.shell:create_environment_hook('coordinate_publisher', 'ament_prefix_path')
[0.368s] INFO:colcon.colcon_core.plugin_system:Skipping extension 'colcon_core.shell.bat': Not used on non-Windows systems
[0.368s] INFO:colcon.colcon_core.shell:Creating environment hook '/home/theo/Foxy_Communication-Waypoint/install/coordinate_publisher/share/coordinate_publisher/hook/ament_prefix_path.ps1'
[0.369s] INFO:colcon.colcon_core.shell:Creating environment descriptor '/home/theo/Foxy_Communication-Waypoint/install/coordinate_publisher/share/coordinate_publisher/hook/ament_prefix_path.dsv'
[0.369s] INFO:colcon.colcon_core.shell:Creating environment hook '/home/theo/Foxy_Communication-Waypoint/install/coordinate_publisher/share/coordinate_publisher/hook/ament_prefix_path.sh'
[0.369s] INFO:colcon.colcon_core.shell:Skip shell extension 'powershell' for command environment: Not usable outside of PowerShell
[0.369s] DEBUG:colcon.colcon_core.shell:Skip shell extension 'dsv' for command environment
[0.373s] INFO:colcon.colcon_ros.task.ament_python.build:Building ROS package in '/home/theo/Foxy_Communication-Waypoint/src/mqtt_subscriber' with build type 'ament_python'
[0.374s] Level 1:colcon.colcon_core.shell:create_environment_hook('mqtt_subscriber', 'ament_prefix_path')
[0.374s] INFO:colcon.colcon_core.shell:Creating environment hook '/home/theo/Foxy_Communication-Waypoint/install/mqtt_subscriber/share/mqtt_subscriber/hook/ament_prefix_path.ps1'
[0.375s] INFO:colcon.colcon_core.shell:Creating environment descriptor '/home/theo/Foxy_Communication-Waypoint/install/mqtt_subscriber/share/mqtt_subscriber/hook/ament_prefix_path.dsv'
[0.375s] INFO:colcon.colcon_core.shell:Creating environment hook '/home/theo/Foxy_Communication-Waypoint/install/mqtt_subscriber/share/mqtt_subscriber/hook/ament_prefix_path.sh'
[0.376s] INFO:colcon.colcon_core.shell:Skip shell extension 'powershell' for command environment: Not usable outside of PowerShell
[0.376s] DEBUG:colcon.colcon_core.shell:Skip shell extension 'dsv' for command environment
[0.380s] INFO:colcon.colcon_ros.task.ament_python.build:Building ROS package in '/home/theo/Foxy_Communication-Waypoint/src/waypoint_converter' with build type 'ament_python'
[0.380s] Level 1:colcon.colcon_core.shell:create_environment_hook('waypoint_converter', 'ament_prefix_path')
[0.381s] INFO:colcon.colcon_core.shell:Creating environment hook '/home/theo/Foxy_Communication-Waypoint/install/waypoint_converter/share/waypoint_converter/hook/ament_prefix_path.ps1'
[0.382s] INFO:colcon.colcon_core.shell:Creating environment descriptor '/home/theo/Foxy_Communication-Waypoint/install/waypoint_converter/share/waypoint_converter/hook/ament_prefix_path.dsv'
[0.382s] INFO:colcon.colcon_core.shell:Creating environment hook '/home/theo/Foxy_Communication-Waypoint/install/waypoint_converter/share/waypoint_converter/hook/ament_prefix_path.sh'
[0.383s] INFO:colcon.colcon_core.shell:Skip shell extension 'powershell' for command environment: Not usable outside of PowerShell
[0.383s] DEBUG:colcon.colcon_core.shell:Skip shell extension 'dsv' for command environment
[0.574s] INFO:colcon.colcon_core.task.python.build:Building Python package in '/home/theo/Foxy_Communication-Waypoint/src/coordinate_publisher'
[0.575s] INFO:colcon.colcon_core.shell:Skip shell extension 'powershell' for command environment: Not usable outside of PowerShell
[0.575s] DEBUG:colcon.colcon_core.shell:Skip shell extension 'dsv' for command environment
[0.775s] WARNING:colcon.colcon_ros.task.ament_python.build:Package 'mqtt_subscriber' doesn't explicitly install a marker in the package index (colcon-ros currently does it implicitly but that fallback will be removed in the future)
[0.776s] WARNING:colcon.colcon_ros.task.ament_python.build:Package 'mqtt_subscriber' doesn't explicitly install the 'package.xml' file (colcon-ros currently does it implicitly but that fallback will be removed in the future)
[0.776s] INFO:colcon.colcon_core.task.python.build:Building Python package in '/home/theo/Foxy_Communication-Waypoint/src/mqtt_subscriber'
[0.776s] INFO:colcon.colcon_core.shell:Skip shell extension 'powershell' for command environment: Not usable outside of PowerShell
[0.776s] DEBUG:colcon.colcon_core.shell:Skip shell extension 'dsv' for command environment
[0.991s] INFO:colcon.colcon_core.task.python.build:Building Python package in '/home/theo/Foxy_Communication-Waypoint/src/waypoint_converter'
[0.991s] INFO:colcon.colcon_core.shell:Skip shell extension 'powershell' for command environment: Not usable outside of PowerShell
[0.991s] DEBUG:colcon.colcon_core.shell:Skip shell extension 'dsv' for command environment
[1.627s] DEBUG:colcon.colcon_core.event_handler.log_command:Invoking command in '/home/theo/Foxy_Communication-Waypoint/src/coordinate_publisher': PYTHONPATH=/home/theo/Foxy_Communication-Waypoint/build/coordinate_publisher/prefix_override:/usr/lib/python3/dist-packages/colcon_core/task/python/colcon_distutils_commands:/home/theo/Foxy_Communication-Waypoint/install/coordinate_publisher/lib/python3.8/site-packages:${PYTHONPATH} /usr/bin/python3 -W ignore:setup.py install is deprecated setup.py egg_info --egg-base ../../build/coordinate_publisher build --build-base /home/theo/Foxy_Communication-Waypoint/build/coordinate_publisher/build install --record /home/theo/Foxy_Communication-Waypoint/build/coordinate_publisher/install.log --single-version-externally-managed install_data
[1.631s] DEBUG:colcon.colcon_core.event_handler.log_command:Invoking command in '/home/theo/Foxy_Communication-Waypoint/build/mqtt_subscriber': PYTHONPATH=/home/theo/Foxy_Communication-Waypoint/build/mqtt_subscriber/prefix_override:/usr/lib/python3/dist-packages/colcon_core/task/python/colcon_distutils_commands:/home/theo/Foxy_Communication-Waypoint/install/mqtt_subscriber/lib/python3.8/site-packages:${PYTHONPATH} /usr/bin/python3 -W ignore:setup.py install is deprecated setup.py develop --uninstall --editable --build-directory /home/theo/Foxy_Communication-Waypoint/build/mqtt_subscriber/build
[1.636s] DEBUG:colcon.colcon_core.event_handler.log_command:Invoking command in '/home/theo/Foxy_Communication-Waypoint/build/waypoint_converter': PYTHONPATH=/home/theo/Foxy_Communication-Waypoint/build/waypoint_converter/prefix_override:/usr/lib/python3/dist-packages/colcon_core/task/python/colcon_distutils_commands:/home/theo/Foxy_Communication-Waypoint/install/waypoint_converter/lib/python3.8/site-packages:${PYTHONPATH} /usr/bin/python3 -W ignore:setup.py install is deprecated setup.py develop --uninstall --editable --build-directory /home/theo/Foxy_Communication-Waypoint/build/waypoint_converter/build
[2.159s] DEBUG:colcon.colcon_core.event_handler.log_command:Invoked command in '/home/theo/Foxy_Communication-Waypoint/src/coordinate_publisher' returned '0': PYTHONPATH=/home/theo/Foxy_Communication-Waypoint/build/coordinate_publisher/prefix_override:/usr/lib/python3/dist-packages/colcon_core/task/python/colcon_distutils_commands:/home/theo/Foxy_Communication-Waypoint/install/coordinate_publisher/lib/python3.8/site-packages:${PYTHONPATH} /usr/bin/python3 -W ignore:setup.py install is deprecated setup.py egg_info --egg-base ../../build/coordinate_publisher build --build-base /home/theo/Foxy_Communication-Waypoint/build/coordinate_publisher/build install --record /home/theo/Foxy_Communication-Waypoint/build/coordinate_publisher/install.log --single-version-externally-managed install_data
[2.163s] Level 1:colcon.colcon_core.environment:checking '/home/theo/Foxy_Communication-Waypoint/install/coordinate_publisher' for CMake module files
[2.163s] Level 1:colcon.colcon_core.environment:checking '/home/theo/Foxy_Communication-Waypoint/install/coordinate_publisher' for CMake config files
[2.164s] Level 1:colcon.colcon_core.environment:checking '/home/theo/Foxy_Communication-Waypoint/install/coordinate_publisher/lib'
[2.165s] Level 1:colcon.colcon_core.environment:checking '/home/theo/Foxy_Communication-Waypoint/install/coordinate_publisher/bin'
[2.165s] Level 1:colcon.colcon_core.environment:checking '/home/theo/Foxy_Communication-Waypoint/install/coordinate_publisher/lib/pkgconfig/coordinate_publisher.pc'
[2.165s] Level 1:colcon.colcon_core.environment:checking '/home/theo/Foxy_Communication-Waypoint/install/coordinate_publisher/lib/python3.8/site-packages'
[2.165s] Level 1:colcon.colcon_core.shell:create_environment_hook('coordinate_publisher', 'pythonpath')
[2.166s] INFO:colcon.colcon_core.shell:Creating environment hook '/home/theo/Foxy_Communication-Waypoint/install/coordinate_publisher/share/coordinate_publisher/hook/pythonpath.ps1'
[2.166s] INFO:colcon.colcon_core.shell:Creating environment descriptor '/home/theo/Foxy_Communication-Waypoint/install/coordinate_publisher/share/coordinate_publisher/hook/pythonpath.dsv'
[2.167s] INFO:colcon.colcon_core.shell:Creating environment hook '/home/theo/Foxy_Communication-Waypoint/install/coordinate_publisher/share/coordinate_publisher/hook/pythonpath.sh'
[2.167s] Level 1:colcon.colcon_core.environment:checking '/home/theo/Foxy_Communication-Waypoint/install/coordinate_publisher/bin'
[2.167s] Level 1:colcon.colcon_core.environment:create_environment_scripts_only(coordinate_publisher)
[2.168s] INFO:colcon.colcon_core.shell:Creating package script '/home/theo/Foxy_Communication-Waypoint/install/coordinate_publisher/share/coordinate_publisher/package.ps1'
[2.169s] INFO:colcon.colcon_core.shell:Creating package descriptor '/home/theo/Foxy_Communication-Waypoint/install/coordinate_publisher/share/coordinate_publisher/package.dsv'
[2.170s] INFO:colcon.colcon_core.shell:Creating package script '/home/theo/Foxy_Communication-Waypoint/install/coordinate_publisher/share/coordinate_publisher/package.sh'
[2.171s] INFO:colcon.colcon_core.shell:Creating package script '/home/theo/Foxy_Communication-Waypoint/install/coordinate_publisher/share/coordinate_publisher/package.bash'
[2.172s] INFO:colcon.colcon_core.shell:Creating package script '/home/theo/Foxy_Communication-Waypoint/install/coordinate_publisher/share/coordinate_publisher/package.zsh'
[2.173s] Level 1:colcon.colcon_core.environment:create_file_with_runtime_dependencies(/home/theo/Foxy_Communication-Waypoint/install/coordinate_publisher/share/colcon-core/packages/coordinate_publisher)
[2.207s] DEBUG:colcon.colcon_core.event_handler.log_command:Invoked command in '/home/theo/Foxy_Communication-Waypoint/build/mqtt_subscriber' returned '0': PYTHONPATH=/home/theo/Foxy_Communication-Waypoint/build/mqtt_subscriber/prefix_override:/usr/lib/python3/dist-packages/colcon_core/task/python/colcon_distutils_commands:/home/theo/Foxy_Communication-Waypoint/install/mqtt_subscriber/lib/python3.8/site-packages:${PYTHONPATH} /usr/bin/python3 -W ignore:setup.py install is deprecated setup.py develop --uninstall --editable --build-directory /home/theo/Foxy_Communication-Waypoint/build/mqtt_subscriber/build
[2.212s] DEBUG:colcon.colcon_core.event_handler.log_command:Invoking command in '/home/theo/Foxy_Communication-Waypoint/src/mqtt_subscriber': PYTHONPATH=/home/theo/Foxy_Communication-Waypoint/build/mqtt_subscriber/prefix_override:/usr/lib/python3/dist-packages/colcon_core/task/python/colcon_distutils_commands:/home/theo/Foxy_Communication-Waypoint/install/mqtt_subscriber/lib/python3.8/site-packages:${PYTHONPATH} /usr/bin/python3 -W ignore:setup.py install is deprecated setup.py egg_info --egg-base ../../build/mqtt_subscriber build --build-base /home/theo/Foxy_Communication-Waypoint/build/mqtt_subscriber/build install --record /home/theo/Foxy_Communication-Waypoint/build/mqtt_subscriber/install.log --single-version-externally-managed
[2.236s] DEBUG:colcon.colcon_core.event_handler.log_command:Invoked command in '/home/theo/Foxy_Communication-Waypoint/build/waypoint_converter' returned '0': PYTHONPATH=/home/theo/Foxy_Communication-Waypoint/build/waypoint_converter/prefix_override:/usr/lib/python3/dist-packages/colcon_core/task/python/colcon_distutils_commands:/home/theo/Foxy_Communication-Waypoint/install/waypoint_converter/lib/python3.8/site-packages:${PYTHONPATH} /usr/bin/python3 -W ignore:setup.py install is deprecated setup.py develop --uninstall --editable --build-directory /home/theo/Foxy_Communication-Waypoint/build/waypoint_converter/build
[2.238s] DEBUG:colcon.colcon_core.event_handler.log_command:Invoking command in '/home/theo/Foxy_Communication-Waypoint/src/waypoint_converter': PYTHONPATH=/home/theo/Foxy_Communication-Waypoint/build/waypoint_converter/prefix_override:/usr/lib/python3/dist-packages/colcon_core/task/python/colcon_distutils_commands:/home/theo/Foxy_Communication-Waypoint/install/waypoint_converter/lib/python3.8/site-packages:${PYTHONPATH} /usr/bin/python3 -W ignore:setup.py install is deprecated setup.py egg_info --egg-base ../../build/waypoint_converter build --build-base /home/theo/Foxy_Communication-Waypoint/build/waypoint_converter/build install --record /home/theo/Foxy_Communication-Waypoint/build/waypoint_converter/install.log --single-version-externally-managed install_data --force
[2.868s] Level 1:colcon.colcon_core.environment:checking '/home/theo/Foxy_Communication-Waypoint/install/mqtt_subscriber' for CMake module files
[2.869s] DEBUG:colcon.colcon_core.event_handler.log_command:Invoked command in '/home/theo/Foxy_Communication-Waypoint/src/mqtt_subscriber' returned '0': PYTHONPATH=/home/theo/Foxy_Communication-Waypoint/build/mqtt_subscriber/prefix_override:/usr/lib/python3/dist-packages/colcon_core/task/python/colcon_distutils_commands:/home/theo/Foxy_Communication-Waypoint/install/mqtt_subscriber/lib/python3.8/site-packages:${PYTHONPATH} /usr/bin/python3 -W ignore:setup.py install is deprecated setup.py egg_info --egg-base ../../build/mqtt_subscriber build --build-base /home/theo/Foxy_Communication-Waypoint/build/mqtt_subscriber/build install --record /home/theo/Foxy_Communication-Waypoint/build/mqtt_subscriber/install.log --single-version-externally-managed
[2.869s] Level 1:colcon.colcon_core.environment:checking '/home/theo/Foxy_Communication-Waypoint/install/mqtt_subscriber' for CMake config files
[2.870s] Level 1:colcon.colcon_core.environment:checking '/home/theo/Foxy_Communication-Waypoint/install/mqtt_subscriber/lib'
[2.870s] Level 1:colcon.colcon_core.environment:checking '/home/theo/Foxy_Communication-Waypoint/install/mqtt_subscriber/bin'
[2.870s] Level 1:colcon.colcon_core.environment:checking '/home/theo/Foxy_Communication-Waypoint/install/mqtt_subscriber/lib/pkgconfig/mqtt_subscriber.pc'
[2.870s] Level 1:colcon.colcon_core.environment:checking '/home/theo/Foxy_Communication-Waypoint/install/mqtt_subscriber/lib/python3.8/site-packages'
[2.870s] Level 1:colcon.colcon_core.shell:create_environment_hook('mqtt_subscriber', 'pythonpath')
[2.871s] INFO:colcon.colcon_core.shell:Creating environment hook '/home/theo/Foxy_Communication-Waypoint/install/mqtt_subscriber/share/mqtt_subscriber/hook/pythonpath.ps1'
[2.871s] INFO:colcon.colcon_core.shell:Creating environment descriptor '/home/theo/Foxy_Communication-Waypoint/install/mqtt_subscriber/share/mqtt_subscriber/hook/pythonpath.dsv'
[2.872s] INFO:colcon.colcon_core.shell:Creating environment hook '/home/theo/Foxy_Communication-Waypoint/install/mqtt_subscriber/share/mqtt_subscriber/hook/pythonpath.sh'
[2.872s] Level 1:colcon.colcon_core.environment:checking '/home/theo/Foxy_Communication-Waypoint/install/mqtt_subscriber/bin'
[2.873s] Level 1:colcon.colcon_core.environment:create_environment_scripts_only(mqtt_subscriber)
[2.873s] INFO:colcon.colcon_core.shell:Creating package script '/home/theo/Foxy_Communication-Waypoint/install/mqtt_subscriber/share/mqtt_subscriber/package.ps1'
[2.874s] INFO:colcon.colcon_core.shell:Creating package descriptor '/home/theo/Foxy_Communication-Waypoint/install/mqtt_subscriber/share/mqtt_subscriber/package.dsv'
[2.874s] INFO:colcon.colcon_core.shell:Creating package script '/home/theo/Foxy_Communication-Waypoint/install/mqtt_subscriber/share/mqtt_subscriber/package.sh'
[2.875s] INFO:colcon.colcon_core.shell:Creating package script '/home/theo/Foxy_Communication-Waypoint/install/mqtt_subscriber/share/mqtt_subscriber/package.bash'
[2.875s] INFO:colcon.colcon_core.shell:Creating package script '/home/theo/Foxy_Communication-Waypoint/install/mqtt_subscriber/share/mqtt_subscriber/package.zsh'
[2.875s] Level 1:colcon.colcon_core.environment:create_file_with_runtime_dependencies(/home/theo/Foxy_Communication-Waypoint/install/mqtt_subscriber/share/colcon-core/packages/mqtt_subscriber)
[2.911s] Level 1:colcon.colcon_core.environment:checking '/home/theo/Foxy_Communication-Waypoint/install/waypoint_converter' for CMake module files
[2.912s] DEBUG:colcon.colcon_core.event_handler.log_command:Invoked command in '/home/theo/Foxy_Communication-Waypoint/src/waypoint_converter' returned '0': PYTHONPATH=/home/theo/Foxy_Communication-Waypoint/build/waypoint_converter/prefix_override:/usr/lib/python3/dist-packages/colcon_core/task/python/colcon_distutils_commands:/home/theo/Foxy_Communication-Waypoint/install/waypoint_converter/lib/python3.8/site-packages:${PYTHONPATH} /usr/bin/python3 -W ignore:setup.py install is deprecated setup.py egg_info --egg-base ../../build/waypoint_converter build --build-base /home/theo/Foxy_Communication-Waypoint/build/waypoint_converter/build install --record /home/theo/Foxy_Communication-Waypoint/build/waypoint_converter/install.log --single-version-externally-managed install_data --force
[2.912s] Level 1:colcon.colcon_core.environment:checking '/home/theo/Foxy_Communication-Waypoint/install/waypoint_converter' for CMake config files
[2.912s] Level 1:colcon.colcon_core.environment:checking '/home/theo/Foxy_Communication-Waypoint/install/waypoint_converter/lib'
[2.912s] Level 1:colcon.colcon_core.environment:checking '/home/theo/Foxy_Communication-Waypoint/install/waypoint_converter/bin'
[2.912s] Level 1:colcon.colcon_core.environment:checking '/home/theo/Foxy_Communication-Waypoint/install/waypoint_converter/lib/pkgconfig/waypoint_converter.pc'
[2.913s] Level 1:colcon.colcon_core.environment:checking '/home/theo/Foxy_Communication-Waypoint/install/waypoint_converter/lib/python3.8/site-packages'
[2.913s] Level 1:colcon.colcon_core.shell:create_environment_hook('waypoint_converter', 'pythonpath')
[2.913s] INFO:colcon.colcon_core.shell:Creating environment hook '/home/theo/Foxy_Communication-Waypoint/install/waypoint_converter/share/waypoint_converter/hook/pythonpath.ps1'
[2.913s] INFO:colcon.colcon_core.shell:Creating environment descriptor '/home/theo/Foxy_Communication-Waypoint/install/waypoint_converter/share/waypoint_converter/hook/pythonpath.dsv'
[2.913s] INFO:colcon.colcon_core.shell:Creating environment hook '/home/theo/Foxy_Communication-Waypoint/install/waypoint_converter/share/waypoint_converter/hook/pythonpath.sh'
[2.914s] Level 1:colcon.colcon_core.environment:checking '/home/theo/Foxy_Communication-Waypoint/install/waypoint_converter/bin'
[2.914s] Level 1:colcon.colcon_core.environment:create_environment_scripts_only(waypoint_converter)
[2.914s] INFO:colcon.colcon_core.shell:Creating package script '/home/theo/Foxy_Communication-Waypoint/install/waypoint_converter/share/waypoint_converter/package.ps1'
[2.914s] INFO:colcon.colcon_core.shell:Creating package descriptor '/home/theo/Foxy_Communication-Waypoint/install/waypoint_converter/share/waypoint_converter/package.dsv'
[2.915s] INFO:colcon.colcon_core.shell:Creating package script '/home/theo/Foxy_Communication-Waypoint/install/waypoint_converter/share/waypoint_converter/package.sh'
[2.915s] INFO:colcon.colcon_core.shell:Creating package script '/home/theo/Foxy_Communication-Waypoint/install/waypoint_converter/share/waypoint_converter/package.bash'
[2.915s] INFO:colcon.colcon_core.shell:Creating package script '/home/theo/Foxy_Communication-Waypoint/install/waypoint_converter/share/waypoint_converter/package.zsh'
[2.916s] Level 1:colcon.colcon_core.environment:create_file_with_runtime_dependencies(/home/theo/Foxy_Communication-Waypoint/install/waypoint_converter/share/colcon-core/packages/waypoint_converter)
[2.916s] DEBUG:colcon.colcon_parallel_executor.executor.parallel:closing loop
[2.916s] DEBUG:colcon.colcon_parallel_executor.executor.parallel:loop closed
[2.916s] DEBUG:colcon.colcon_parallel_executor.executor.parallel:run_until_complete finished with '0'
[2.916s] DEBUG:colcon.colcon_core.event_reactor:joining thread
[2.921s] INFO:colcon.colcon_core.plugin_system:Skipping extension 'colcon_notification.desktop_notification.terminal_notifier': Not used on non-Darwin systems
[2.921s] INFO:colcon.colcon_core.plugin_system:Skipping extension 'colcon_notification.desktop_notification.win32': Not used on non-Windows systems
[2.921s] INFO:colcon.colcon_notification.desktop_notification:Sending desktop notification using 'notify2'
[2.935s] DEBUG:colcon.colcon_core.event_reactor:joined thread
[2.935s] INFO:colcon.colcon_core.shell:Creating prefix script '/home/theo/Foxy_Communication-Waypoint/install/local_setup.ps1'
[2.936s] INFO:colcon.colcon_core.shell:Creating prefix util module '/home/theo/Foxy_Communication-Waypoint/install/_local_setup_util_ps1.py'
[2.937s] INFO:colcon.colcon_core.shell:Creating prefix chain script '/home/theo/Foxy_Communication-Waypoint/install/setup.ps1'
[2.938s] INFO:colcon.colcon_core.shell:Creating prefix script '/home/theo/Foxy_Communication-Waypoint/install/local_setup.sh'
[2.938s] INFO:colcon.colcon_core.shell:Creating prefix util module '/home/theo/Foxy_Communication-Waypoint/install/_local_setup_util_sh.py'
[2.938s] INFO:colcon.colcon_core.shell:Creating prefix chain script '/home/theo/Foxy_Communication-Waypoint/install/setup.sh'
[2.939s] INFO:colcon.colcon_core.shell:Creating prefix script '/home/theo/Foxy_Communication-Waypoint/install/local_setup.bash'
[2.940s] INFO:colcon.colcon_core.shell:Creating prefix chain script '/home/theo/Foxy_Communication-Waypoint/install/setup.bash'
[2.941s] INFO:colcon.colcon_core.shell:Creating prefix script '/home/theo/Foxy_Communication-Waypoint/install/local_setup.zsh'
[2.941s] INFO:colcon.colcon_core.shell:Creating prefix chain script '/home/theo/Foxy_Communication-Waypoint/install/setup.zsh'
