[0.972s] Invoking command in '/home/theo/Foxy_Communication-Waypoint/src/waypoint_converter': PYTHONPATH=/home/theo/Foxy_Communication-Waypoint/build/waypoint_converter/prefix_override:/usr/lib/python3/dist-packages/colcon_core/task/python/colcon_distutils_commands:/home/theo/Foxy_Communication-Waypoint/install/waypoint_converter/lib/python3.8/site-packages: /usr/bin/python3 -W ignore:setup.py install is deprecated setup.py egg_info --egg-base ../../build/waypoint_converter build --build-base /home/theo/Foxy_Communication-Waypoint/build/waypoint_converter/build install --record /home/theo/Foxy_Communication-Waypoint/build/waypoint_converter/install.log --single-version-externally-managed install_data
[1.160s] running egg_info
[1.171s] writing ../../build/waypoint_converter/waypoint_converter.egg-info/PKG-INFO
[1.171s] writing dependency_links to ../../build/waypoint_converter/waypoint_converter.egg-info/dependency_links.txt
[1.171s] writing entry points to ../../build/waypoint_converter/waypoint_converter.egg-info/entry_points.txt
[1.172s] writing requirements to ../../build/waypoint_converter/waypoint_converter.egg-info/requires.txt
[1.172s] writing top-level names to ../../build/waypoint_converter/waypoint_converter.egg-info/top_level.txt
[1.275s] reading manifest file '../../build/waypoint_converter/waypoint_converter.egg-info/SOURCES.txt'
[1.276s] writing manifest file '../../build/waypoint_converter/waypoint_converter.egg-info/SOURCES.txt'
[1.276s] running build
[1.276s] running build_py
[1.276s] copying waypoint_converter/__init__.py -> /home/theo/Foxy_Communication-Waypoint/build/waypoint_converter/build/lib/waypoint_converter
[1.276s] copying waypoint_converter/waypoint_converter.py -> /home/theo/Foxy_Communication-Waypoint/build/waypoint_converter/build/lib/waypoint_converter
[1.277s] running install
[1.282s] running install_lib
[1.294s] running install_data
[1.295s] copying resource/waypoint_converter -> /home/theo/Foxy_Communication-Waypoint/install/waypoint_converter/share/ament_index/resource_index/packages
[1.295s] copying package.xml -> /home/theo/Foxy_Communication-Waypoint/install/waypoint_converter/share/waypoint_converter
[1.295s] running install_egg_info
[1.309s] removing '/home/theo/Foxy_Communication-Waypoint/install/waypoint_converter/lib/python3.8/site-packages/waypoint_converter-0.0.0-py3.8.egg-info' (and everything under it)
[1.310s] Copying ../../build/waypoint_converter/waypoint_converter.egg-info to /home/theo/Foxy_Communication-Waypoint/install/waypoint_converter/lib/python3.8/site-packages/waypoint_converter-0.0.0-py3.8.egg-info
[1.310s] running install_scripts
[1.356s] Installing waypoint_converter script to /home/theo/Foxy_Communication-Waypoint/install/waypoint_converter/lib/waypoint_converter
[1.356s] writing list of installed files to '/home/theo/Foxy_Communication-Waypoint/build/waypoint_converter/install.log'
[1.385s] Invoked command in '/home/theo/Foxy_Communication-Waypoint/src/waypoint_converter' returned '0': PYTHONPATH=/home/theo/Foxy_Communication-Waypoint/build/waypoint_converter/prefix_override:/usr/lib/python3/dist-packages/colcon_core/task/python/colcon_distutils_commands:/home/theo/Foxy_Communication-Waypoint/install/waypoint_converter/lib/python3.8/site-packages: /usr/bin/python3 -W ignore:setup.py install is deprecated setup.py egg_info --egg-base ../../build/waypoint_converter build --build-base /home/theo/Foxy_Communication-Waypoint/build/waypoint_converter/build install --record /home/theo/Foxy_Communication-Waypoint/build/waypoint_converter/install.log --single-version-externally-managed install_data
