[1.142s] Invoking command in '/home/theo/Foxy_Communication-Waypoint/src/coordinate_publisher': PYTHONPATH=/home/theo/Foxy_Communication-Waypoint/build/coordinate_publisher/prefix_override:/usr/lib/python3/dist-packages/colcon_core/task/python/colcon_distutils_commands:/home/theo/Foxy_Communication-Waypoint/install/coordinate_publisher/lib/python3.8/site-packages:${PYTHONPATH} /usr/bin/python3 -W ignore:setup.py install is deprecated setup.py egg_info --egg-base ../../build/coordinate_publisher build --build-base /home/theo/Foxy_Communication-Waypoint/build/coordinate_publisher/build install --record /home/theo/Foxy_Communication-Waypoint/build/coordinate_publisher/install.log --single-version-externally-managed install_data
[1.369s] running egg_info
[1.385s] writing ../../build/coordinate_publisher/coordinate_publisher.egg-info/PKG-INFO
[1.385s] writing dependency_links to ../../build/coordinate_publisher/coordinate_publisher.egg-info/dependency_links.txt
[1.386s] writing entry points to ../../build/coordinate_publisher/coordinate_publisher.egg-info/entry_points.txt
[1.386s] writing requirements to ../../build/coordinate_publisher/coordinate_publisher.egg-info/requires.txt
[1.386s] writing top-level names to ../../build/coordinate_publisher/coordinate_publisher.egg-info/top_level.txt
[1.527s] reading manifest file '../../build/coordinate_publisher/coordinate_publisher.egg-info/SOURCES.txt'
[1.529s] writing manifest file '../../build/coordinate_publisher/coordinate_publisher.egg-info/SOURCES.txt'
[1.529s] running build
[1.529s] running build_py
[1.529s] copying coordinate_publisher/__init__.py -> /home/theo/Foxy_Communication-Waypoint/build/coordinate_publisher/build/lib/coordinate_publisher
[1.529s] copying coordinate_publisher/publisher.py -> /home/theo/Foxy_Communication-Waypoint/build/coordinate_publisher/build/lib/coordinate_publisher
[1.530s] running install
[1.536s] running install_lib
[1.552s] running install_data
[1.552s] copying resource/coordinate_publisher -> /home/theo/Foxy_Communication-Waypoint/install/coordinate_publisher/share/ament_index/resource_index/packages
[1.552s] copying package.xml -> /home/theo/Foxy_Communication-Waypoint/install/coordinate_publisher/share/coordinate_publisher
[1.552s] running install_egg_info
[1.569s] removing '/home/theo/Foxy_Communication-Waypoint/install/coordinate_publisher/lib/python3.8/site-packages/coordinate_publisher-0.0.0-py3.8.egg-info' (and everything under it)
[1.569s] Copying ../../build/coordinate_publisher/coordinate_publisher.egg-info to /home/theo/Foxy_Communication-Waypoint/install/coordinate_publisher/lib/python3.8/site-packages/coordinate_publisher-0.0.0-py3.8.egg-info
[1.570s] running install_scripts
[1.617s] Installing coordinate_publisher script to /home/theo/Foxy_Communication-Waypoint/install/coordinate_publisher/lib/coordinate_publisher
[1.617s] writing list of installed files to '/home/theo/Foxy_Communication-Waypoint/build/coordinate_publisher/install.log'
[1.836s] Invoked command in '/home/theo/Foxy_Communication-Waypoint/src/coordinate_publisher' returned '0': PYTHONPATH=/home/theo/Foxy_Communication-Waypoint/build/coordinate_publisher/prefix_override:/usr/lib/python3/dist-packages/colcon_core/task/python/colcon_distutils_commands:/home/theo/Foxy_Communication-Waypoint/install/coordinate_publisher/lib/python3.8/site-packages:${PYTHONPATH} /usr/bin/python3 -W ignore:setup.py install is deprecated setup.py egg_info --egg-base ../../build/coordinate_publisher build --build-base /home/theo/Foxy_Communication-Waypoint/build/coordinate_publisher/build install --record /home/theo/Foxy_Communication-Waypoint/build/coordinate_publisher/install.log --single-version-externally-managed install_data
