[0.921s] Invoking command in '/home/theo/Capstone_communication/build/coordinate_publisher': PYTHONPATH=/home/theo/Capstone_communication/build/coordinate_publisher/prefix_override:/usr/lib/python3/dist-packages/colcon_core/task/python/colcon_distutils_commands:/home/theo/Capstone_communication/install/coordinate_publisher/lib/python3.8/site-packages:${PYTHONPATH} /usr/bin/python3 -W ignore:setup.py install is deprecated setup.py develop --editable --build-directory /home/theo/Capstone_communication/build/coordinate_publisher/build --no-deps symlink_data --force
[1.242s] running develop
[1.242s] /home/theo/.local/lib/python3.8/site-packages/setuptools/command/develop.py:40: EasyInstallDeprecationWarning: easy_install command is deprecated.
[1.242s] !!
[1.242s] 
[1.242s]         ********************************************************************************
[1.243s]         Please avoid running ``setup.py`` and ``easy_install``.
[1.243s]         Instead, use pypa/build, pypa/installer or other
[1.243s]         standards-based tools.
[1.243s] 
[1.243s]         See https://github.com/pypa/setuptools/issues/917 for details.
[1.243s]         ********************************************************************************
[1.243s] 
[1.243s] !!
[1.243s]   easy_install.initialize_options(self)
[1.428s] running egg_info
[1.442s] writing coordinate_publisher.egg-info/PKG-INFO
[1.443s] writing dependency_links to coordinate_publisher.egg-info/dependency_links.txt
[1.443s] writing entry points to coordinate_publisher.egg-info/entry_points.txt
[1.443s] writing requirements to coordinate_publisher.egg-info/requires.txt
[1.443s] writing top-level names to coordinate_publisher.egg-info/top_level.txt
[1.474s] reading manifest file 'coordinate_publisher.egg-info/SOURCES.txt'
[1.474s] writing manifest file 'coordinate_publisher.egg-info/SOURCES.txt'
[1.524s] running build_ext
[1.524s] Creating /home/theo/Capstone_communication/install/coordinate_publisher/lib/python3.8/site-packages/coordinate-publisher.egg-link (link to .)
[1.524s] Installing coordinate_publisher script to /home/theo/Capstone_communication/install/coordinate_publisher/lib/coordinate_publisher
[1.524s] 
[1.525s] Installed /home/theo/Capstone_communication/build/coordinate_publisher
[1.525s] running symlink_data
[1.525s] symbolically linking /home/theo/Capstone_communication/build/coordinate_publisher/resource/coordinate_publisher -> /home/theo/Capstone_communication/install/coordinate_publisher/share/ament_index/resource_index/packages
[1.525s] symbolically linking /home/theo/Capstone_communication/build/coordinate_publisher/package.xml -> /home/theo/Capstone_communication/install/coordinate_publisher/share/coordinate_publisher
[1.548s] Invoked command in '/home/theo/Capstone_communication/build/coordinate_publisher' returned '0': PYTHONPATH=/home/theo/Capstone_communication/build/coordinate_publisher/prefix_override:/usr/lib/python3/dist-packages/colcon_core/task/python/colcon_distutils_commands:/home/theo/Capstone_communication/install/coordinate_publisher/lib/python3.8/site-packages:${PYTHONPATH} /usr/bin/python3 -W ignore:setup.py install is deprecated setup.py develop --editable --build-directory /home/theo/Capstone_communication/build/coordinate_publisher/build --no-deps symlink_data --force
