running develop
/home/theo/.local/lib/python3.8/site-packages/setuptools/command/develop.py:40: EasyInstallDeprecationWarning: easy_install command is deprecated.
!!

        ********************************************************************************
        Please avoid running ``setup.py`` and ``easy_install``.
        Instead, use pypa/build, pypa/installer or other
        standards-based tools.

        See https://github.com/pypa/setuptools/issues/917 for details.
        ********************************************************************************

!!
  easy_install.initialize_options(self)
running egg_info
writing coordinate_publisher.egg-info/PKG-INFO
writing dependency_links to coordinate_publisher.egg-info/dependency_links.txt
writing entry points to coordinate_publisher.egg-info/entry_points.txt
writing requirements to coordinate_publisher.egg-info/requires.txt
writing top-level names to coordinate_publisher.egg-info/top_level.txt
reading manifest file 'coordinate_publisher.egg-info/SOURCES.txt'
writing manifest file 'coordinate_publisher.egg-info/SOURCES.txt'
running build_ext
Creating /home/theo/Foxy_Communication-Waypoint/install/coordinate_publisher/lib/python3.8/site-packages/coordinate-publisher.egg-link (link to .)
Installing coordinate_publisher script to /home/theo/Foxy_Communication-Waypoint/install/coordinate_publisher/lib/coordinate_publisher

Installed /home/theo/Foxy_Communication-Waypoint/build/coordinate_publisher
running symlink_data
symbolically linking /home/theo/Foxy_Communication-Waypoint/build/coordinate_publisher/resource/coordinate_publisher -> /home/theo/Foxy_Communication-Waypoint/install/coordinate_publisher/share/ament_index/resource_index/packages
error: [Errno 17] File exists: '/home/theo/Foxy_Communication-Waypoint/build/coordinate_publisher/resource/coordinate_publisher' -> '/home/theo/Foxy_Communication-Waypoint/install/coordinate_publisher/share/ament_index/resource_index/packages/coordinate_publisher'
