[0.629s] Invoking command in '/home/theo/Foxy_Communication-Waypoint/src/communication_launch': AMENT_PREFIX_PATH=/home/theo/Foxy_Communication-Waypoint/install/waypoint_converter:/home/theo/Foxy_Communication-Waypoint/install/mqtt_subscriber PYTHONPATH=/home/theo/Foxy_Communication-Waypoint/build/communication_launch/prefix_override:/usr/lib/python3/dist-packages/colcon_core/task/python/colcon_distutils_commands:/home/theo/Foxy_Communication-Waypoint/install/communication_launch/lib/python3.8/site-packages:/home/theo/Foxy_Communication-Waypoint/install/waypoint_converter/lib/python3.8/site-packages:/home/theo/Foxy_Communication-Waypoint/install/mqtt_subscriber/lib/python3.8/site-packages /usr/bin/python3 -W ignore:setup.py install is deprecated setup.py egg_info --egg-base ../../build/communication_launch build --build-base /home/theo/Foxy_Communication-Waypoint/build/communication_launch/build install --record /home/theo/Foxy_Communication-Waypoint/build/communication_launch/install.log --install-scripts $base/lib/communication_launch --single-version-externally-managed install_data
[0.728s] /home/theo/.local/lib/python3.8/site-packages/setuptools/dist.py:472: SetuptoolsDeprecationWarning: Invalid dash-separated options
[0.728s] !!
[0.728s] 
[0.728s]         ********************************************************************************
[0.728s]         Usage of dash-separated 'script-dir' will not be supported in future
[0.728s]         versions. Please use the underscore name 'script_dir' instead.
[0.728s] 
[0.728s]         This deprecation is overdue, please update your project and remove deprecated
[0.728s]         calls to avoid build errors in the future.
[0.728s] 
[0.728s]         See https://setuptools.pypa.io/en/latest/userguide/declarative_config.html for details.
[0.728s]         ********************************************************************************
[0.728s] 
[0.729s] !!
[0.729s]   opt = self.warn_dash_deprecation(opt, section)
[0.812s] running egg_info
[0.822s] writing ../../build/communication_launch/communication_launch.egg-info/PKG-INFO
[0.823s] writing dependency_links to ../../build/communication_launch/communication_launch.egg-info/dependency_links.txt
[0.823s] writing requirements to ../../build/communication_launch/communication_launch.egg-info/requires.txt
[0.823s] writing top-level names to ../../build/communication_launch/communication_launch.egg-info/top_level.txt
[0.913s] reading manifest file '../../build/communication_launch/communication_launch.egg-info/SOURCES.txt'
[0.914s] writing manifest file '../../build/communication_launch/communication_launch.egg-info/SOURCES.txt'
[0.914s] running build
[0.914s] running install
[0.920s] running install_data
[0.920s] copying package.xml -> /home/theo/Foxy_Communication-Waypoint/install/communication_launch/share/communication_launch
[0.920s] copying launch/start_both.launch.py -> /home/theo/Foxy_Communication-Waypoint/install/communication_launch/share/communication_launch/launch
[0.920s] running install_egg_info
[0.945s] removing '/home/theo/Foxy_Communication-Waypoint/install/communication_launch/lib/python3.8/site-packages/communication_launch-0.0.0-py3.8.egg-info' (and everything under it)
[0.945s] Copying ../../build/communication_launch/communication_launch.egg-info to /home/theo/Foxy_Communication-Waypoint/install/communication_launch/lib/python3.8/site-packages/communication_launch-0.0.0-py3.8.egg-info
[0.946s] running install_scripts
[0.983s] writing list of installed files to '/home/theo/Foxy_Communication-Waypoint/build/communication_launch/install.log'
[1.000s] Invoked command in '/home/theo/Foxy_Communication-Waypoint/src/communication_launch' returned '0': AMENT_PREFIX_PATH=/home/theo/Foxy_Communication-Waypoint/install/waypoint_converter:/home/theo/Foxy_Communication-Waypoint/install/mqtt_subscriber PYTHONPATH=/home/theo/Foxy_Communication-Waypoint/build/communication_launch/prefix_override:/usr/lib/python3/dist-packages/colcon_core/task/python/colcon_distutils_commands:/home/theo/Foxy_Communication-Waypoint/install/communication_launch/lib/python3.8/site-packages:/home/theo/Foxy_Communication-Waypoint/install/waypoint_converter/lib/python3.8/site-packages:/home/theo/Foxy_Communication-Waypoint/install/mqtt_subscriber/lib/python3.8/site-packages /usr/bin/python3 -W ignore:setup.py install is deprecated setup.py egg_info --egg-base ../../build/communication_launch build --build-base /home/theo/Foxy_Communication-Waypoint/build/communication_launch/build install --record /home/theo/Foxy_Communication-Waypoint/build/communication_launch/install.log --install-scripts $base/lib/communication_launch --single-version-externally-managed install_data
