[0.611s] DEBUG:colcon:Command line arguments: ['/usr/bin/colcon', 'build']
[0.611s] DEBUG:colcon:Parsed command line arguments: Namespace(allow_overriding=[], ament_cmake_args=None, base_paths=['.'], build_base='build', catkin_cmake_args=None, catkin_skip_building_tests=False, cmake_args=None, cmake_clean_cache=False, cmake_clean_first=False, cmake_force_configure=False, cmake_target=None, cmake_target_skip_unavailable=False, continue_on_error=False, event_handlers=None, executor='parallel', ignore_user_meta=False, install_base='install', log_base=None, log_level=None, main=<bound method BuildVerb.main of <colcon_core.verb.build.BuildVerb object at 0x7f27e7e16820>>, merge_install=False, metas=['./colcon.meta'], mixin=None, mixin_files=None, mixin_verb=('build',), packages_above=None, packages_above_and_dependencies=None, packages_above_depth=None, packages_end=None, packages_ignore=None, packages_ignore_regex=None, packages_select=None, packages_select_build_failed=False, packages_select_by_dep=None, packages_select_regex=None, packages_select_test_failures=False, packages_skip=None, packages_skip_build_finished=False, packages_skip_by_dep=None, packages_skip_regex=None, packages_skip_test_passed=False, packages_skip_up_to=None, packages_start=None, packages_up_to=None, packages_up_to_regex=None, parallel_workers=12, paths=None, symlink_install=False, test_result_base=None, verb_extension=<colcon_core.verb.build.BuildVerb object at 0x7f27e7e16820>, verb_name='build', verb_parser=<colcon_mixin.mixin.mixin_argument.MixinArgumentDecorator object at 0x7f27e7d5eac0>)
[0.850s] Level 1:colcon.colcon_core.package_discovery:discover_packages(colcon_meta) check parameters
[0.850s] Level 1:colcon.colcon_core.package_discovery:discover_packages(recursive) check parameters
[0.850s] Level 1:colcon.colcon_core.package_discovery:discover_packages(ignore) check parameters
[0.850s] Level 1:colcon.colcon_core.package_discovery:discover_packages(path) check parameters
[0.850s] Level 1:colcon.colcon_core.package_discovery:discover_packages(colcon_meta) discover
[0.850s] Level 1:colcon.colcon_core.package_discovery:discover_packages(recursive) discover
[0.850s] INFO:colcon.colcon_core.package_discovery:Crawling recursively for packages in '/home/theo/Capstone_communication'
[0.850s] Level 1:colcon.colcon_core.package_identification:_identify(.) by extensions ['ignore', 'ignore_ament_install']
[0.850s] Level 1:colcon.colcon_core.package_identification:_identify(.) by extension 'ignore'
[0.850s] Level 1:colcon.colcon_core.package_identification:_identify(.) by extension 'ignore_ament_install'
[0.850s] Level 1:colcon.colcon_core.package_identification:_identify(.) by extensions ['colcon_pkg']
[0.850s] Level 1:colcon.colcon_core.package_identification:_identify(.) by extension 'colcon_pkg'
[0.850s] Level 1:colcon.colcon_core.package_identification:_identify(.) by extensions ['colcon_meta']
[0.850s] Level 1:colcon.colcon_core.package_identification:_identify(.) by extension 'colcon_meta'
[0.850s] Level 1:colcon.colcon_core.package_identification:_identify(.) by extensions ['ros']
[0.850s] Level 1:colcon.colcon_core.package_identification:_identify(.) by extension 'ros'
[0.870s] Level 1:colcon.colcon_core.package_identification:_identify(.) by extensions ['cmake', 'python']
[0.870s] Level 1:colcon.colcon_core.package_identification:_identify(.) by extension 'cmake'
[0.870s] Level 1:colcon.colcon_core.package_identification:_identify(.) by extension 'python'
[0.871s] Level 1:colcon.colcon_core.package_identification:_identify(.) by extensions ['python_setup_py']
[0.871s] Level 1:colcon.colcon_core.package_identification:_identify(.) by extension 'python_setup_py'
[0.871s] Level 1:colcon.colcon_core.package_identification:_identify(build) by extensions ['ignore', 'ignore_ament_install']
[0.871s] Level 1:colcon.colcon_core.package_identification:_identify(build) by extension 'ignore'
[0.871s] Level 1:colcon.colcon_core.package_identification:_identify(build) ignored
[0.871s] Level 1:colcon.colcon_core.package_identification:_identify(install) by extensions ['ignore', 'ignore_ament_install']
[0.871s] Level 1:colcon.colcon_core.package_identification:_identify(install) by extension 'ignore'
[0.871s] Level 1:colcon.colcon_core.package_identification:_identify(install) ignored
[0.872s] Level 1:colcon.colcon_core.package_identification:_identify(log) by extensions ['ignore', 'ignore_ament_install']
[0.872s] Level 1:colcon.colcon_core.package_identification:_identify(log) by extension 'ignore'
[0.872s] Level 1:colcon.colcon_core.package_identification:_identify(log) ignored
[0.876s] Level 1:colcon.colcon_core.package_identification:_identify(src) by extensions ['ignore', 'ignore_ament_install']
[0.876s] Level 1:colcon.colcon_core.package_identification:_identify(src) by extension 'ignore'
[0.876s] Level 1:colcon.colcon_core.package_identification:_identify(src) by extension 'ignore_ament_install'
[0.876s] Level 1:colcon.colcon_core.package_identification:_identify(src) by extensions ['colcon_pkg']
[0.876s] Level 1:colcon.colcon_core.package_identification:_identify(src) by extension 'colcon_pkg'
[0.876s] Level 1:colcon.colcon_core.package_identification:_identify(src) by extensions ['colcon_meta']
[0.876s] Level 1:colcon.colcon_core.package_identification:_identify(src) by extension 'colcon_meta'
[0.876s] Level 1:colcon.colcon_core.package_identification:_identify(src) by extensions ['ros']
[0.876s] Level 1:colcon.colcon_core.package_identification:_identify(src) by extension 'ros'
[0.876s] Level 1:colcon.colcon_core.package_identification:_identify(src) by extensions ['cmake', 'python']
[0.876s] Level 1:colcon.colcon_core.package_identification:_identify(src) by extension 'cmake'
[0.876s] Level 1:colcon.colcon_core.package_identification:_identify(src) by extension 'python'
[0.877s] Level 1:colcon.colcon_core.package_identification:_identify(src) by extensions ['python_setup_py']
[0.877s] Level 1:colcon.colcon_core.package_identification:_identify(src) by extension 'python_setup_py'
[0.914s] Level 1:colcon.colcon_core.package_identification:_identify(src/coordinate_publisher) by extensions ['ignore', 'ignore_ament_install']
[0.914s] Level 1:colcon.colcon_core.package_identification:_identify(src/coordinate_publisher) by extension 'ignore'
[0.914s] Level 1:colcon.colcon_core.package_identification:_identify(src/coordinate_publisher) by extension 'ignore_ament_install'
[0.914s] Level 1:colcon.colcon_core.package_identification:_identify(src/coordinate_publisher) by extensions ['colcon_pkg']
[0.914s] Level 1:colcon.colcon_core.package_identification:_identify(src/coordinate_publisher) by extension 'colcon_pkg'
[0.914s] Level 1:colcon.colcon_core.package_identification:_identify(src/coordinate_publisher) by extensions ['colcon_meta']
[0.915s] Level 1:colcon.colcon_core.package_identification:_identify(src/coordinate_publisher) by extension 'colcon_meta'
[0.915s] Level 1:colcon.colcon_core.package_identification:_identify(src/coordinate_publisher) by extensions ['ros']
[0.915s] Level 1:colcon.colcon_core.package_identification:_identify(src/coordinate_publisher) by extension 'ros'
[0.930s] DEBUG:colcon.colcon_core.package_identification:Package 'src/coordinate_publisher' with type 'ros.ament_python' and name 'coordinate_publisher'
[0.931s] Level 1:colcon.colcon_core.package_identification:_identify(src/mqtt_subscriber) by extensions ['ignore', 'ignore_ament_install']
[0.931s] Level 1:colcon.colcon_core.package_identification:_identify(src/mqtt_subscriber) by extension 'ignore'
[0.931s] Level 1:colcon.colcon_core.package_identification:_identify(src/mqtt_subscriber) by extension 'ignore_ament_install'
[0.931s] Level 1:colcon.colcon_core.package_identification:_identify(src/mqtt_subscriber) by extensions ['colcon_pkg']
[0.931s] Level 1:colcon.colcon_core.package_identification:_identify(src/mqtt_subscriber) by extension 'colcon_pkg'
[0.931s] Level 1:colcon.colcon_core.package_identification:_identify(src/mqtt_subscriber) by extensions ['colcon_meta']
[0.931s] Level 1:colcon.colcon_core.package_identification:_identify(src/mqtt_subscriber) by extension 'colcon_meta'
[0.931s] Level 1:colcon.colcon_core.package_identification:_identify(src/mqtt_subscriber) by extensions ['ros']
[0.931s] Level 1:colcon.colcon_core.package_identification:_identify(src/mqtt_subscriber) by extension 'ros'
[0.932s] DEBUG:colcon.colcon_core.package_identification:Package 'src/mqtt_subscriber' with type 'ros.ament_python' and name 'mqtt_subscriber'
[0.932s] Level 1:colcon.colcon_core.package_discovery:discover_packages(recursive) using defaults
[0.932s] Level 1:colcon.colcon_core.package_discovery:discover_packages(ignore) discover
[0.932s] Level 1:colcon.colcon_core.package_discovery:discover_packages(ignore) using defaults
[0.932s] Level 1:colcon.colcon_core.package_discovery:discover_packages(path) discover
[0.932s] Level 1:colcon.colcon_core.package_discovery:discover_packages(path) using defaults
[0.950s] Level 1:colcon.colcon_core.package_discovery:discover_packages(prefix_path) check parameters
[0.950s] Level 1:colcon.colcon_core.package_discovery:discover_packages(prefix_path) discover
[0.964s] DEBUG:colcon.colcon_installed_package_information.package_discovery:Found 265 installed packages in /opt/ros/foxy
[0.965s] Level 1:colcon.colcon_core.package_discovery:discover_packages(prefix_path) using defaults
[1.235s] Level 5:colcon.colcon_core.verb:set package 'coordinate_publisher' build argument 'cmake_args' from command line to 'None'
[1.235s] Level 5:colcon.colcon_core.verb:set package 'coordinate_publisher' build argument 'cmake_target' from command line to 'None'
[1.235s] Level 5:colcon.colcon_core.verb:set package 'coordinate_publisher' build argument 'cmake_target_skip_unavailable' from command line to 'False'
[1.235s] Level 5:colcon.colcon_core.verb:set package 'coordinate_publisher' build argument 'cmake_clean_cache' from command line to 'False'
[1.235s] Level 5:colcon.colcon_core.verb:set package 'coordinate_publisher' build argument 'cmake_clean_first' from command line to 'False'
[1.235s] Level 5:colcon.colcon_core.verb:set package 'coordinate_publisher' build argument 'cmake_force_configure' from command line to 'False'
[1.236s] Level 5:colcon.colcon_core.verb:set package 'coordinate_publisher' build argument 'ament_cmake_args' from command line to 'None'
[1.236s] Level 5:colcon.colcon_core.verb:set package 'coordinate_publisher' build argument 'catkin_cmake_args' from command line to 'None'
[1.236s] Level 5:colcon.colcon_core.verb:set package 'coordinate_publisher' build argument 'catkin_skip_building_tests' from command line to 'False'
[1.236s] DEBUG:colcon.colcon_core.verb:Building package 'coordinate_publisher' with the following arguments: {'ament_cmake_args': None, 'build_base': '/home/theo/Capstone_communication/build/coordinate_publisher', 'catkin_cmake_args': None, 'catkin_skip_building_tests': False, 'cmake_args': None, 'cmake_clean_cache': False, 'cmake_clean_first': False, 'cmake_force_configure': False, 'cmake_target': None, 'cmake_target_skip_unavailable': False, 'install_base': '/home/theo/Capstone_communication/install/coordinate_publisher', 'merge_install': False, 'path': '/home/theo/Capstone_communication/src/coordinate_publisher', 'symlink_install': False, 'test_result_base': None}
[1.236s] Level 5:colcon.colcon_core.verb:set package 'mqtt_subscriber' build argument 'cmake_args' from command line to 'None'
[1.237s] Level 5:colcon.colcon_core.verb:set package 'mqtt_subscriber' build argument 'cmake_target' from command line to 'None'
[1.237s] Level 5:colcon.colcon_core.verb:set package 'mqtt_subscriber' build argument 'cmake_target_skip_unavailable' from command line to 'False'
[1.237s] Level 5:colcon.colcon_core.verb:set package 'mqtt_subscriber' build argument 'cmake_clean_cache' from command line to 'False'
[1.237s] Level 5:colcon.colcon_core.verb:set package 'mqtt_subscriber' build argument 'cmake_clean_first' from command line to 'False'
[1.237s] Level 5:colcon.colcon_core.verb:set package 'mqtt_subscriber' build argument 'cmake_force_configure' from command line to 'False'
[1.237s] Level 5:colcon.colcon_core.verb:set package 'mqtt_subscriber' build argument 'ament_cmake_args' from command line to 'None'
[1.237s] Level 5:colcon.colcon_core.verb:set package 'mqtt_subscriber' build argument 'catkin_cmake_args' from command line to 'None'
[1.237s] Level 5:colcon.colcon_core.verb:set package 'mqtt_subscriber' build argument 'catkin_skip_building_tests' from command line to 'False'
[1.237s] DEBUG:colcon.colcon_core.verb:Building package 'mqtt_subscriber' with the following arguments: {'ament_cmake_args': None, 'build_base': '/home/theo/Capstone_communication/build/mqtt_subscriber', 'catkin_cmake_args': None, 'catkin_skip_building_tests': False, 'cmake_args': None, 'cmake_clean_cache': False, 'cmake_clean_first': False, 'cmake_force_configure': False, 'cmake_target': None, 'cmake_target_skip_unavailable': False, 'install_base': '/home/theo/Capstone_communication/install/mqtt_subscriber', 'merge_install': False, 'path': '/home/theo/Capstone_communication/src/mqtt_subscriber', 'symlink_install': False, 'test_result_base': None}
[1.237s] INFO:colcon.colcon_core.executor:Executing jobs using 'parallel' executor
[1.239s] DEBUG:colcon.colcon_parallel_executor.executor.parallel:run_until_complete
[1.239s] INFO:colcon.colcon_ros.task.ament_python.build:Building ROS package in '/home/theo/Capstone_communication/src/coordinate_publisher' with build type 'ament_python'
[1.240s] Level 1:colcon.colcon_core.shell:create_environment_hook('coordinate_publisher', 'ament_prefix_path')
[1.243s] INFO:colcon.colcon_core.plugin_system:Skipping extension 'colcon_core.shell.bat': Not used on non-Windows systems
[1.244s] INFO:colcon.colcon_core.shell:Creating environment hook '/home/theo/Capstone_communication/install/coordinate_publisher/share/coordinate_publisher/hook/ament_prefix_path.ps1'
[1.257s] INFO:colcon.colcon_core.shell:Creating environment descriptor '/home/theo/Capstone_communication/install/coordinate_publisher/share/coordinate_publisher/hook/ament_prefix_path.dsv'
[1.258s] INFO:colcon.colcon_core.shell:Creating environment hook '/home/theo/Capstone_communication/install/coordinate_publisher/share/coordinate_publisher/hook/ament_prefix_path.sh'
[1.260s] INFO:colcon.colcon_core.shell:Skip shell extension 'powershell' for command environment: Not usable outside of PowerShell
[1.260s] DEBUG:colcon.colcon_core.shell:Skip shell extension 'dsv' for command environment
[1.268s] INFO:colcon.colcon_ros.task.ament_python.build:Building ROS package in '/home/theo/Capstone_communication/src/mqtt_subscriber' with build type 'ament_python'
[1.269s] Level 1:colcon.colcon_core.shell:create_environment_hook('mqtt_subscriber', 'ament_prefix_path')
[1.270s] INFO:colcon.colcon_core.shell:Creating environment hook '/home/theo/Capstone_communication/install/mqtt_subscriber/share/mqtt_subscriber/hook/ament_prefix_path.ps1'
[1.272s] INFO:colcon.colcon_core.shell:Creating environment descriptor '/home/theo/Capstone_communication/install/mqtt_subscriber/share/mqtt_subscriber/hook/ament_prefix_path.dsv'
[1.273s] INFO:colcon.colcon_core.shell:Creating environment hook '/home/theo/Capstone_communication/install/mqtt_subscriber/share/mqtt_subscriber/hook/ament_prefix_path.sh'
[1.274s] INFO:colcon.colcon_core.shell:Skip shell extension 'powershell' for command environment: Not usable outside of PowerShell
[1.274s] DEBUG:colcon.colcon_core.shell:Skip shell extension 'dsv' for command environment
[1.455s] INFO:colcon.colcon_core.task.python.build:Building Python package in '/home/theo/Capstone_communication/src/coordinate_publisher'
[1.455s] INFO:colcon.colcon_core.shell:Skip shell extension 'powershell' for command environment: Not usable outside of PowerShell
[1.455s] DEBUG:colcon.colcon_core.shell:Skip shell extension 'dsv' for command environment
[1.731s] WARNING:colcon.colcon_ros.task.ament_python.build:Package 'mqtt_subscriber' doesn't explicitly install a marker in the package index (colcon-ros currently does it implicitly but that fallback will be removed in the future)
[1.789s] WARNING:colcon.colcon_ros.task.ament_python.build:Package 'mqtt_subscriber' doesn't explicitly install the 'package.xml' file (colcon-ros currently does it implicitly but that fallback will be removed in the future)
[1.790s] INFO:colcon.colcon_core.task.python.build:Building Python package in '/home/theo/Capstone_communication/src/mqtt_subscriber'
[1.791s] INFO:colcon.colcon_core.shell:Skip shell extension 'powershell' for command environment: Not usable outside of PowerShell
[1.791s] DEBUG:colcon.colcon_core.shell:Skip shell extension 'dsv' for command environment
[2.460s] DEBUG:colcon.colcon_core.event_handler.log_command:Invoking command in '/home/theo/Capstone_communication/src/coordinate_publisher': PYTHONPATH=/home/theo/Capstone_communication/build/coordinate_publisher/prefix_override:/usr/lib/python3/dist-packages/colcon_core/task/python/colcon_distutils_commands:/home/theo/Capstone_communication/install/coordinate_publisher/lib/python3.8/site-packages:${PYTHONPATH} /usr/bin/python3 -W ignore:setup.py install is deprecated setup.py egg_info --egg-base ../../build/coordinate_publisher build --build-base /home/theo/Capstone_communication/build/coordinate_publisher/build install --record /home/theo/Capstone_communication/build/coordinate_publisher/install.log --single-version-externally-managed install_data
[2.549s] DEBUG:colcon.colcon_core.event_handler.log_command:Invoking command in '/home/theo/Capstone_communication/src/mqtt_subscriber': PYTHONPATH=/home/theo/Capstone_communication/build/mqtt_subscriber/prefix_override:/usr/lib/python3/dist-packages/colcon_core/task/python/colcon_distutils_commands:/home/theo/Capstone_communication/install/mqtt_subscriber/lib/python3.8/site-packages:${PYTHONPATH} /usr/bin/python3 -W ignore:setup.py install is deprecated setup.py egg_info --egg-base ../../build/mqtt_subscriber build --build-base /home/theo/Capstone_communication/build/mqtt_subscriber/build install --record /home/theo/Capstone_communication/build/mqtt_subscriber/install.log --single-version-externally-managed
[3.290s] DEBUG:colcon.colcon_core.event_handler.log_command:Invoked command in '/home/theo/Capstone_communication/src/mqtt_subscriber' returned '0': PYTHONPATH=/home/theo/Capstone_communication/build/mqtt_subscriber/prefix_override:/usr/lib/python3/dist-packages/colcon_core/task/python/colcon_distutils_commands:/home/theo/Capstone_communication/install/mqtt_subscriber/lib/python3.8/site-packages:${PYTHONPATH} /usr/bin/python3 -W ignore:setup.py install is deprecated setup.py egg_info --egg-base ../../build/mqtt_subscriber build --build-base /home/theo/Capstone_communication/build/mqtt_subscriber/build install --record /home/theo/Capstone_communication/build/mqtt_subscriber/install.log --single-version-externally-managed
[3.624s] Level 1:colcon.colcon_core.environment:checking '/home/theo/Capstone_communication/install/mqtt_subscriber' for CMake module files
[3.626s] Level 1:colcon.colcon_core.environment:checking '/home/theo/Capstone_communication/install/mqtt_subscriber' for CMake config files
[3.631s] Level 1:colcon.colcon_core.environment:checking '/home/theo/Capstone_communication/install/mqtt_subscriber/lib'
[3.632s] Level 1:colcon.colcon_core.environment:checking '/home/theo/Capstone_communication/install/mqtt_subscriber/bin'
[3.632s] Level 1:colcon.colcon_core.environment:checking '/home/theo/Capstone_communication/install/mqtt_subscriber/lib/pkgconfig/mqtt_subscriber.pc'
[3.634s] Level 1:colcon.colcon_core.environment:checking '/home/theo/Capstone_communication/install/mqtt_subscriber/lib/python3.8/site-packages'
[3.634s] Level 1:colcon.colcon_core.shell:create_environment_hook('mqtt_subscriber', 'pythonpath')
[3.636s] INFO:colcon.colcon_core.shell:Creating environment hook '/home/theo/Capstone_communication/install/mqtt_subscriber/share/mqtt_subscriber/hook/pythonpath.ps1'
[3.637s] INFO:colcon.colcon_core.shell:Creating environment descriptor '/home/theo/Capstone_communication/install/mqtt_subscriber/share/mqtt_subscriber/hook/pythonpath.dsv'
[3.638s] INFO:colcon.colcon_core.shell:Creating environment hook '/home/theo/Capstone_communication/install/mqtt_subscriber/share/mqtt_subscriber/hook/pythonpath.sh'
[3.643s] Level 1:colcon.colcon_core.environment:checking '/home/theo/Capstone_communication/install/mqtt_subscriber/bin'
[3.643s] Level 1:colcon.colcon_core.environment:create_environment_scripts_only(mqtt_subscriber)
[3.644s] INFO:colcon.colcon_core.shell:Creating package script '/home/theo/Capstone_communication/install/mqtt_subscriber/share/mqtt_subscriber/package.ps1'
[3.693s] INFO:colcon.colcon_core.shell:Creating package descriptor '/home/theo/Capstone_communication/install/mqtt_subscriber/share/mqtt_subscriber/package.dsv'
[3.731s] INFO:colcon.colcon_core.shell:Creating package script '/home/theo/Capstone_communication/install/mqtt_subscriber/share/mqtt_subscriber/package.sh'
[3.735s] INFO:colcon.colcon_core.shell:Creating package script '/home/theo/Capstone_communication/install/mqtt_subscriber/share/mqtt_subscriber/package.bash'
[3.754s] INFO:colcon.colcon_core.shell:Creating package script '/home/theo/Capstone_communication/install/mqtt_subscriber/share/mqtt_subscriber/package.zsh'
[3.876s] Level 1:colcon.colcon_core.environment:create_file_with_runtime_dependencies(/home/theo/Capstone_communication/install/mqtt_subscriber/share/colcon-core/packages/mqtt_subscriber)
[3.882s] Level 1:colcon.colcon_core.environment:checking '/home/theo/Capstone_communication/install/coordinate_publisher' for CMake module files
[3.884s] DEBUG:colcon.colcon_core.event_handler.log_command:Invoked command in '/home/theo/Capstone_communication/src/coordinate_publisher' returned '0': PYTHONPATH=/home/theo/Capstone_communication/build/coordinate_publisher/prefix_override:/usr/lib/python3/dist-packages/colcon_core/task/python/colcon_distutils_commands:/home/theo/Capstone_communication/install/coordinate_publisher/lib/python3.8/site-packages:${PYTHONPATH} /usr/bin/python3 -W ignore:setup.py install is deprecated setup.py egg_info --egg-base ../../build/coordinate_publisher build --build-base /home/theo/Capstone_communication/build/coordinate_publisher/build install --record /home/theo/Capstone_communication/build/coordinate_publisher/install.log --single-version-externally-managed install_data
[3.886s] Level 1:colcon.colcon_core.environment:checking '/home/theo/Capstone_communication/install/coordinate_publisher' for CMake config files
[3.892s] Level 1:colcon.colcon_core.environment:checking '/home/theo/Capstone_communication/install/coordinate_publisher/lib'
[3.892s] Level 1:colcon.colcon_core.environment:checking '/home/theo/Capstone_communication/install/coordinate_publisher/bin'
[3.892s] Level 1:colcon.colcon_core.environment:checking '/home/theo/Capstone_communication/install/coordinate_publisher/lib/pkgconfig/coordinate_publisher.pc'
[3.893s] Level 1:colcon.colcon_core.environment:checking '/home/theo/Capstone_communication/install/coordinate_publisher/lib/python3.8/site-packages'
[3.893s] Level 1:colcon.colcon_core.shell:create_environment_hook('coordinate_publisher', 'pythonpath')
[3.894s] INFO:colcon.colcon_core.shell:Creating environment hook '/home/theo/Capstone_communication/install/coordinate_publisher/share/coordinate_publisher/hook/pythonpath.ps1'
[3.895s] INFO:colcon.colcon_core.shell:Creating environment descriptor '/home/theo/Capstone_communication/install/coordinate_publisher/share/coordinate_publisher/hook/pythonpath.dsv'
[3.896s] INFO:colcon.colcon_core.shell:Creating environment hook '/home/theo/Capstone_communication/install/coordinate_publisher/share/coordinate_publisher/hook/pythonpath.sh'
[3.898s] Level 1:colcon.colcon_core.environment:checking '/home/theo/Capstone_communication/install/coordinate_publisher/bin'
[3.898s] Level 1:colcon.colcon_core.environment:create_environment_scripts_only(coordinate_publisher)
[3.899s] INFO:colcon.colcon_core.shell:Creating package script '/home/theo/Capstone_communication/install/coordinate_publisher/share/coordinate_publisher/package.ps1'
[3.901s] INFO:colcon.colcon_core.shell:Creating package descriptor '/home/theo/Capstone_communication/install/coordinate_publisher/share/coordinate_publisher/package.dsv'
[3.902s] INFO:colcon.colcon_core.shell:Creating package script '/home/theo/Capstone_communication/install/coordinate_publisher/share/coordinate_publisher/package.sh'
[3.904s] INFO:colcon.colcon_core.shell:Creating package script '/home/theo/Capstone_communication/install/coordinate_publisher/share/coordinate_publisher/package.bash'
[3.905s] INFO:colcon.colcon_core.shell:Creating package script '/home/theo/Capstone_communication/install/coordinate_publisher/share/coordinate_publisher/package.zsh'
[3.906s] Level 1:colcon.colcon_core.environment:create_file_with_runtime_dependencies(/home/theo/Capstone_communication/install/coordinate_publisher/share/colcon-core/packages/coordinate_publisher)
[3.907s] DEBUG:colcon.colcon_parallel_executor.executor.parallel:closing loop
[3.908s] DEBUG:colcon.colcon_parallel_executor.executor.parallel:loop closed
[3.908s] DEBUG:colcon.colcon_parallel_executor.executor.parallel:run_until_complete finished with '0'
[3.908s] DEBUG:colcon.colcon_core.event_reactor:joining thread
[3.989s] INFO:colcon.colcon_core.plugin_system:Skipping extension 'colcon_notification.desktop_notification.terminal_notifier': Not used on non-Darwin systems
[3.989s] INFO:colcon.colcon_core.plugin_system:Skipping extension 'colcon_notification.desktop_notification.win32': Not used on non-Windows systems
[3.990s] INFO:colcon.colcon_notification.desktop_notification:Sending desktop notification using 'notify2'
[4.022s] DEBUG:colcon.colcon_core.event_reactor:joined thread
[4.022s] INFO:colcon.colcon_core.shell:Creating prefix script '/home/theo/Capstone_communication/install/local_setup.ps1'
[4.024s] INFO:colcon.colcon_core.shell:Creating prefix util module '/home/theo/Capstone_communication/install/_local_setup_util_ps1.py'
[4.026s] INFO:colcon.colcon_core.shell:Creating prefix chain script '/home/theo/Capstone_communication/install/setup.ps1'
[4.027s] INFO:colcon.colcon_core.shell:Creating prefix script '/home/theo/Capstone_communication/install/local_setup.sh'
[4.028s] INFO:colcon.colcon_core.shell:Creating prefix util module '/home/theo/Capstone_communication/install/_local_setup_util_sh.py'
[4.028s] INFO:colcon.colcon_core.shell:Creating prefix chain script '/home/theo/Capstone_communication/install/setup.sh'
[4.029s] INFO:colcon.colcon_core.shell:Creating prefix script '/home/theo/Capstone_communication/install/local_setup.bash'
[4.041s] INFO:colcon.colcon_core.shell:Creating prefix chain script '/home/theo/Capstone_communication/install/setup.bash'
[4.042s] INFO:colcon.colcon_core.shell:Creating prefix script '/home/theo/Capstone_communication/install/local_setup.zsh'
[4.042s] INFO:colcon.colcon_core.shell:Creating prefix chain script '/home/theo/Capstone_communication/install/setup.zsh'
