[1.403s] Invoking command in '/home/theo/Foxy_Communication-Waypoint/build/coordinate_publisher': PYTHONPATH=/home/theo/Foxy_Communication-Waypoint/build/coordinate_publisher/prefix_override:/usr/lib/python3/dist-packages/colcon_core/task/python/colcon_distutils_commands:/home/theo/Foxy_Communication-Waypoint/install/coordinate_publisher/lib/python3.8/site-packages:${PYTHONPATH} /usr/bin/python3 -W ignore:setup.py install is deprecated setup.py develop --uninstall --editable --build-directory /home/theo/Foxy_Communication-Waypoint/build/coordinate_publisher/build
[1.715s] running develop
[1.715s] /home/theo/.local/lib/python3.8/site-packages/setuptools/command/develop.py:40: EasyInstallDeprecationWarning: easy_install command is deprecated.
[1.715s] !!
[1.716s] 
[1.716s]         ********************************************************************************
[1.716s]         Please avoid running ``setup.py`` and ``easy_install``.
[1.716s]         Instead, use pypa/build, pypa/installer or other
[1.716s]         standards-based tools.
[1.716s] 
[1.716s]         See https://github.com/pypa/setuptools/issues/917 for details.
[1.716s]         ********************************************************************************
[1.716s] 
[1.716s] !!
[1.716s]   easy_install.initialize_options(self)
[1.949s] Removing /home/theo/Foxy_Communication-Waypoint/install/coordinate_publisher/lib/python3.8/site-packages/coordinate-publisher.egg-link (link to .)
[1.988s] Invoked command in '/home/theo/Foxy_Communication-Waypoint/build/coordinate_publisher' returned '0': PYTHONPATH=/home/theo/Foxy_Communication-Waypoint/build/coordinate_publisher/prefix_override:/usr/lib/python3/dist-packages/colcon_core/task/python/colcon_distutils_commands:/home/theo/Foxy_Communication-Waypoint/install/coordinate_publisher/lib/python3.8/site-packages:${PYTHONPATH} /usr/bin/python3 -W ignore:setup.py install is deprecated setup.py develop --uninstall --editable --build-directory /home/theo/Foxy_Communication-Waypoint/build/coordinate_publisher/build
[1.992s] Invoking command in '/home/theo/Foxy_Communication-Waypoint/src/coordinate_publisher': PYTHONPATH=/home/theo/Foxy_Communication-Waypoint/build/coordinate_publisher/prefix_override:/usr/lib/python3/dist-packages/colcon_core/task/python/colcon_distutils_commands:/home/theo/Foxy_Communication-Waypoint/install/coordinate_publisher/lib/python3.8/site-packages:${PYTHONPATH} /usr/bin/python3 -W ignore:setup.py install is deprecated setup.py egg_info --egg-base ../../build/coordinate_publisher build --build-base /home/theo/Foxy_Communication-Waypoint/build/coordinate_publisher/build install --record /home/theo/Foxy_Communication-Waypoint/build/coordinate_publisher/install.log --single-version-externally-managed install_data --force
[2.245s] running egg_info
[2.262s] writing ../../build/coordinate_publisher/coordinate_publisher.egg-info/PKG-INFO
[2.262s] writing dependency_links to ../../build/coordinate_publisher/coordinate_publisher.egg-info/dependency_links.txt
[2.263s] writing entry points to ../../build/coordinate_publisher/coordinate_publisher.egg-info/entry_points.txt
[2.263s] writing requirements to ../../build/coordinate_publisher/coordinate_publisher.egg-info/requires.txt
[2.263s] writing top-level names to ../../build/coordinate_publisher/coordinate_publisher.egg-info/top_level.txt
[2.401s] reading manifest file '../../build/coordinate_publisher/coordinate_publisher.egg-info/SOURCES.txt'
[2.402s] writing manifest file '../../build/coordinate_publisher/coordinate_publisher.egg-info/SOURCES.txt'
[2.402s] running build
[2.402s] running build_py
[2.402s] copying coordinate_publisher/__init__.py -> /home/theo/Foxy_Communication-Waypoint/build/coordinate_publisher/build/lib/coordinate_publisher
[2.402s] copying coordinate_publisher/publisher.py -> /home/theo/Foxy_Communication-Waypoint/build/coordinate_publisher/build/lib/coordinate_publisher
[2.403s] running install
[2.411s] running install_lib
[2.428s] creating /home/theo/Foxy_Communication-Waypoint/install/coordinate_publisher/lib/python3.8/site-packages/coordinate_publisher
[2.430s] copying /home/theo/Foxy_Communication-Waypoint/build/coordinate_publisher/build/lib/coordinate_publisher/__init__.py -> /home/theo/Foxy_Communication-Waypoint/install/coordinate_publisher/lib/python3.8/site-packages/coordinate_publisher
[2.430s] copying /home/theo/Foxy_Communication-Waypoint/build/coordinate_publisher/build/lib/coordinate_publisher/publisher.py -> /home/theo/Foxy_Communication-Waypoint/install/coordinate_publisher/lib/python3.8/site-packages/coordinate_publisher
[2.430s] byte-compiling /home/theo/Foxy_Communication-Waypoint/install/coordinate_publisher/lib/python3.8/site-packages/coordinate_publisher/__init__.py to __init__.cpython-38.pyc
[2.431s] byte-compiling /home/theo/Foxy_Communication-Waypoint/install/coordinate_publisher/lib/python3.8/site-packages/coordinate_publisher/publisher.py to publisher.cpython-38.pyc
[2.431s] running install_data
[2.431s] copying resource/coordinate_publisher -> /home/theo/Foxy_Communication-Waypoint/install/coordinate_publisher/share/ament_index/resource_index/packages
[2.431s] copying package.xml -> /home/theo/Foxy_Communication-Waypoint/install/coordinate_publisher/share/coordinate_publisher
[2.432s] running install_egg_info
[2.450s] Copying ../../build/coordinate_publisher/coordinate_publisher.egg-info to /home/theo/Foxy_Communication-Waypoint/install/coordinate_publisher/lib/python3.8/site-packages/coordinate_publisher-0.0.0-py3.8.egg-info
[2.453s] running install_scripts
[2.502s] Installing coordinate_publisher script to /home/theo/Foxy_Communication-Waypoint/install/coordinate_publisher/lib/coordinate_publisher
[2.503s] writing list of installed files to '/home/theo/Foxy_Communication-Waypoint/build/coordinate_publisher/install.log'
[2.557s] Invoked command in '/home/theo/Foxy_Communication-Waypoint/src/coordinate_publisher' returned '0': PYTHONPATH=/home/theo/Foxy_Communication-Waypoint/build/coordinate_publisher/prefix_override:/usr/lib/python3/dist-packages/colcon_core/task/python/colcon_distutils_commands:/home/theo/Foxy_Communication-Waypoint/install/coordinate_publisher/lib/python3.8/site-packages:${PYTHONPATH} /usr/bin/python3 -W ignore:setup.py install is deprecated setup.py egg_info --egg-base ../../build/coordinate_publisher build --build-base /home/theo/Foxy_Communication-Waypoint/build/coordinate_publisher/build install --record /home/theo/Foxy_Communication-Waypoint/build/coordinate_publisher/install.log --single-version-externally-managed install_data --force
