[1.010s] Invoking command in '/home/dj/Foxy_Communication-Waypoint/src/coordinate_publisher': PYTHONPATH=/home/dj/Foxy_Communication-Waypoint/build/coordinate_publisher/prefix_override:/usr/lib/python3/dist-packages/colcon_core/task/python/colcon_distutils_commands:/home/dj/Foxy_Communication-Waypoint/install/coordinate_publisher/lib/python3.8/site-packages:${PYTHONPATH} /usr/bin/python3 -W ignore:setup.py install is deprecated setup.py egg_info --egg-base ../../build/coordinate_publisher build --build-base /home/dj/Foxy_Communication-Waypoint/build/coordinate_publisher/build install --record /home/dj/Foxy_Communication-Waypoint/build/coordinate_publisher/install.log --single-version-externally-managed install_data
[1.202s] running egg_info
[1.203s] writing ../../build/coordinate_publisher/coordinate_publisher.egg-info/PKG-INFO
[1.203s] writing dependency_links to ../../build/coordinate_publisher/coordinate_publisher.egg-info/dependency_links.txt
[1.203s] writing entry points to ../../build/coordinate_publisher/coordinate_publisher.egg-info/entry_points.txt
[1.204s] writing requirements to ../../build/coordinate_publisher/coordinate_publisher.egg-info/requires.txt
[1.204s] writing top-level names to ../../build/coordinate_publisher/coordinate_publisher.egg-info/top_level.txt
[1.237s] reading manifest file '../../build/coordinate_publisher/coordinate_publisher.egg-info/SOURCES.txt'
[1.238s] writing manifest file '../../build/coordinate_publisher/coordinate_publisher.egg-info/SOURCES.txt'
[1.238s] running build
[1.239s] running build_py
[1.239s] running install
[1.240s] running install_lib
[1.241s] running install_data
[1.242s] running install_egg_info
[1.243s] removing '/home/dj/Foxy_Communication-Waypoint/install/coordinate_publisher/lib/python3.8/site-packages/coordinate_publisher-0.0.0-py3.8.egg-info' (and everything under it)
[1.244s] Copying ../../build/coordinate_publisher/coordinate_publisher.egg-info to /home/dj/Foxy_Communication-Waypoint/install/coordinate_publisher/lib/python3.8/site-packages/coordinate_publisher-0.0.0-py3.8.egg-info
[1.245s] running install_scripts
[1.263s] Installing coordinate_publisher script to /home/dj/Foxy_Communication-Waypoint/install/coordinate_publisher/lib/coordinate_publisher
[1.264s] writing list of installed files to '/home/dj/Foxy_Communication-Waypoint/build/coordinate_publisher/install.log'
[1.310s] Invoked command in '/home/dj/Foxy_Communication-Waypoint/src/coordinate_publisher' returned '0': PYTHONPATH=/home/dj/Foxy_Communication-Waypoint/build/coordinate_publisher/prefix_override:/usr/lib/python3/dist-packages/colcon_core/task/python/colcon_distutils_commands:/home/dj/Foxy_Communication-Waypoint/install/coordinate_publisher/lib/python3.8/site-packages:${PYTHONPATH} /usr/bin/python3 -W ignore:setup.py install is deprecated setup.py egg_info --egg-base ../../build/coordinate_publisher build --build-base /home/dj/Foxy_Communication-Waypoint/build/coordinate_publisher/build install --record /home/dj/Foxy_Communication-Waypoint/build/coordinate_publisher/install.log --single-version-externally-managed install_data
