[1.298s] Invoking command in '/home/theo/Foxy_Communication-Waypoint/build/coordinate_publisher': PYTHONPATH=/home/theo/Foxy_Communication-Waypoint/build/coordinate_publisher/prefix_override:/usr/lib/python3/dist-packages/colcon_core/task/python/colcon_distutils_commands:/home/theo/Foxy_Communication-Waypoint/install/coordinate_publisher/lib/python3.8/site-packages:${PYTHONPATH} /usr/bin/python3 -W ignore:setup.py install is deprecated setup.py develop --editable --build-directory /home/theo/Foxy_Communication-Waypoint/build/coordinate_publisher/build --no-deps symlink_data --force
[1.639s] running develop
[1.641s] /home/theo/.local/lib/python3.8/site-packages/setuptools/command/develop.py:40: EasyInstallDeprecationWarning: easy_install command is deprecated.
[1.641s] !!
[1.641s] 
[1.641s]         ********************************************************************************
[1.642s]         Please avoid running ``setup.py`` and ``easy_install``.
[1.642s]         Instead, use pypa/build, pypa/installer or other
[1.642s]         standards-based tools.
[1.642s] 
[1.642s]         See https://github.com/pypa/setuptools/issues/917 for details.
[1.642s]         ********************************************************************************
[1.642s] 
[1.642s] !!
[1.643s]   easy_install.initialize_options(self)
[1.863s] running egg_info
[1.881s] writing coordinate_publisher.egg-info/PKG-INFO
[1.881s] writing dependency_links to coordinate_publisher.egg-info/dependency_links.txt
[1.881s] writing entry points to coordinate_publisher.egg-info/entry_points.txt
[1.881s] writing requirements to coordinate_publisher.egg-info/requires.txt
[1.882s] writing top-level names to coordinate_publisher.egg-info/top_level.txt
[1.917s] reading manifest file 'coordinate_publisher.egg-info/SOURCES.txt'
[1.918s] writing manifest file 'coordinate_publisher.egg-info/SOURCES.txt'
[1.973s] running build_ext
[1.973s] Creating /home/theo/Foxy_Communication-Waypoint/install/coordinate_publisher/lib/python3.8/site-packages/coordinate-publisher.egg-link (link to .)
[1.974s] Installing coordinate_publisher script to /home/theo/Foxy_Communication-Waypoint/install/coordinate_publisher/lib/coordinate_publisher
[1.974s] 
[1.974s] Installed /home/theo/Foxy_Communication-Waypoint/build/coordinate_publisher
[1.974s] running symlink_data
[1.974s] symbolically linking /home/theo/Foxy_Communication-Waypoint/build/coordinate_publisher/resource/coordinate_publisher -> /home/theo/Foxy_Communication-Waypoint/install/coordinate_publisher/share/ament_index/resource_index/packages
[1.975s] symbolically linking /home/theo/Foxy_Communication-Waypoint/build/coordinate_publisher/package.xml -> /home/theo/Foxy_Communication-Waypoint/install/coordinate_publisher/share/coordinate_publisher
[2.033s] Invoked command in '/home/theo/Foxy_Communication-Waypoint/build/coordinate_publisher' returned '0': PYTHONPATH=/home/theo/Foxy_Communication-Waypoint/build/coordinate_publisher/prefix_override:/usr/lib/python3/dist-packages/colcon_core/task/python/colcon_distutils_commands:/home/theo/Foxy_Communication-Waypoint/install/coordinate_publisher/lib/python3.8/site-packages:${PYTHONPATH} /usr/bin/python3 -W ignore:setup.py install is deprecated setup.py develop --editable --build-directory /home/theo/Foxy_Communication-Waypoint/build/coordinate_publisher/build --no-deps symlink_data --force
