[0.173s] DEBUG:colcon:Command line arguments: ['/usr/bin/colcon', 'build']
[0.173s] DEBUG:colcon:Parsed command line arguments: Namespace(allow_overriding=[], ament_cmake_args=None, base_paths=['.'], build_base='build', catkin_cmake_args=None, catkin_skip_building_tests=False, cmake_args=None, cmake_clean_cache=False, cmake_clean_first=False, cmake_force_configure=False, cmake_target=None, cmake_target_skip_unavailable=False, continue_on_error=False, event_handlers=None, executor='parallel', ignore_user_meta=False, install_base='install', log_base=None, log_level=None, main=<bound method BuildVerb.main of <colcon_core.verb.build.BuildVerb object at 0x7fec3bbbfd30>>, merge_install=False, metas=['./colcon.meta'], mixin=None, mixin_files=None, mixin_verb=('build',), packages_above=None, packages_above_and_dependencies=None, packages_above_depth=None, packages_end=None, packages_ignore=None, packages_ignore_regex=None, packages_select=None, packages_select_build_failed=False, packages_select_by_dep=None, packages_select_regex=None, packages_select_test_failures=False, packages_skip=None, packages_skip_build_finished=False, packages_skip_by_dep=None, packages_skip_regex=None, packages_skip_test_passed=False, packages_skip_up_to=None, packages_start=None, packages_up_to=None, packages_up_to_regex=None, parallel_workers=8, paths=None, symlink_install=False, test_result_base=None, verb_extension=<colcon_core.verb.build.BuildVerb object at 0x7fec3bbbfd30>, verb_name='build', verb_parser=<colcon_mixin.mixin.mixin_argument.MixinArgumentDecorator object at 0x7fec3bbce250>)
[0.298s] Level 1:colcon.colcon_core.package_discovery:discover_packages(colcon_meta) check parameters
[0.298s] Level 1:colcon.colcon_core.package_discovery:discover_packages(recursive) check parameters
[0.298s] Level 1:colcon.colcon_core.package_discovery:discover_packages(ignore) check parameters
[0.298s] Level 1:colcon.colcon_core.package_discovery:discover_packages(path) check parameters
[0.298s] Level 1:colcon.colcon_core.package_discovery:discover_packages(colcon_meta) discover
[0.298s] Level 1:colcon.colcon_core.package_discovery:discover_packages(recursive) discover
[0.298s] INFO:colcon.colcon_core.package_discovery:Crawling recursively for packages in '/home/dj/Foxy_Communication-Waypoint'
[0.298s] Level 1:colcon.colcon_core.package_identification:_identify(.) by extensions ['ignore', 'ignore_ament_install']
[0.298s] Level 1:colcon.colcon_core.package_identification:_identify(.) by extension 'ignore'
[0.298s] Level 1:colcon.colcon_core.package_identification:_identify(.) by extension 'ignore_ament_install'
[0.299s] Level 1:colcon.colcon_core.package_identification:_identify(.) by extensions ['colcon_pkg']
[0.299s] Level 1:colcon.colcon_core.package_identification:_identify(.) by extension 'colcon_pkg'
[0.299s] Level 1:colcon.colcon_core.package_identification:_identify(.) by extensions ['colcon_meta']
[0.299s] Level 1:colcon.colcon_core.package_identification:_identify(.) by extension 'colcon_meta'
[0.299s] Level 1:colcon.colcon_core.package_identification:_identify(.) by extensions ['ros']
[0.299s] Level 1:colcon.colcon_core.package_identification:_identify(.) by extension 'ros'
[0.308s] Level 1:colcon.colcon_core.package_identification:_identify(.) by extensions ['cmake', 'python']
[0.308s] Level 1:colcon.colcon_core.package_identification:_identify(.) by extension 'cmake'
[0.308s] Level 1:colcon.colcon_core.package_identification:_identify(.) by extension 'python'
[0.308s] Level 1:colcon.colcon_core.package_identification:_identify(.) by extensions ['python_setup_py']
[0.308s] Level 1:colcon.colcon_core.package_identification:_identify(.) by extension 'python_setup_py'
[0.308s] Level 1:colcon.colcon_core.package_identification:_identify(build) by extensions ['ignore', 'ignore_ament_install']
[0.308s] Level 1:colcon.colcon_core.package_identification:_identify(build) by extension 'ignore'
[0.308s] Level 1:colcon.colcon_core.package_identification:_identify(build) ignored
[0.308s] Level 1:colcon.colcon_core.package_identification:_identify(install) by extensions ['ignore', 'ignore_ament_install']
[0.308s] Level 1:colcon.colcon_core.package_identification:_identify(install) by extension 'ignore'
[0.308s] Level 1:colcon.colcon_core.package_identification:_identify(install) ignored
[0.308s] Level 1:colcon.colcon_core.package_identification:_identify(log) by extensions ['ignore', 'ignore_ament_install']
[0.309s] Level 1:colcon.colcon_core.package_identification:_identify(log) by extension 'ignore'
[0.309s] Level 1:colcon.colcon_core.package_identification:_identify(log) ignored
[0.309s] Level 1:colcon.colcon_core.package_identification:_identify(src) by extensions ['ignore', 'ignore_ament_install']
[0.309s] Level 1:colcon.colcon_core.package_identification:_identify(src) by extension 'ignore'
[0.309s] Level 1:colcon.colcon_core.package_identification:_identify(src) by extension 'ignore_ament_install'
[0.309s] Level 1:colcon.colcon_core.package_identification:_identify(src) by extensions ['colcon_pkg']
[0.309s] Level 1:colcon.colcon_core.package_identification:_identify(src) by extension 'colcon_pkg'
[0.309s] Level 1:colcon.colcon_core.package_identification:_identify(src) by extensions ['colcon_meta']
[0.309s] Level 1:colcon.colcon_core.package_identification:_identify(src) by extension 'colcon_meta'
[0.309s] Level 1:colcon.colcon_core.package_identification:_identify(src) by extensions ['ros']
[0.309s] Level 1:colcon.colcon_core.package_identification:_identify(src) by extension 'ros'
[0.309s] Level 1:colcon.colcon_core.package_identification:_identify(src) by extensions ['cmake', 'python']
[0.309s] Level 1:colcon.colcon_core.package_identification:_identify(src) by extension 'cmake'
[0.309s] Level 1:colcon.colcon_core.package_identification:_identify(src) by extension 'python'
[0.309s] Level 1:colcon.colcon_core.package_identification:_identify(src) by extensions ['python_setup_py']
[0.309s] Level 1:colcon.colcon_core.package_identification:_identify(src) by extension 'python_setup_py'
[0.309s] Level 1:colcon.colcon_core.package_identification:_identify(src/communication_launch) by extensions ['ignore', 'ignore_ament_install']
[0.309s] Level 1:colcon.colcon_core.package_identification:_identify(src/communication_launch) by extension 'ignore'
[0.309s] Level 1:colcon.colcon_core.package_identification:_identify(src/communication_launch) by extension 'ignore_ament_install'
[0.309s] Level 1:colcon.colcon_core.package_identification:_identify(src/communication_launch) by extensions ['colcon_pkg']
[0.309s] Level 1:colcon.colcon_core.package_identification:_identify(src/communication_launch) by extension 'colcon_pkg'
[0.310s] Level 1:colcon.colcon_core.package_identification:_identify(src/communication_launch) by extensions ['colcon_meta']
[0.310s] Level 1:colcon.colcon_core.package_identification:_identify(src/communication_launch) by extension 'colcon_meta'
[0.310s] Level 1:colcon.colcon_core.package_identification:_identify(src/communication_launch) by extensions ['ros']
[0.310s] Level 1:colcon.colcon_core.package_identification:_identify(src/communication_launch) by extension 'ros'
[0.312s] DEBUG:colcon.colcon_core.package_identification:Package 'src/communication_launch' with type 'ros.ament_python' and name 'communication_launch'
[0.312s] Level 1:colcon.colcon_core.package_identification:_identify(src/coordinate_publisher) by extensions ['ignore', 'ignore_ament_install']
[0.312s] Level 1:colcon.colcon_core.package_identification:_identify(src/coordinate_publisher) by extension 'ignore'
[0.312s] Level 1:colcon.colcon_core.package_identification:_identify(src/coordinate_publisher) by extension 'ignore_ament_install'
[0.312s] Level 1:colcon.colcon_core.package_identification:_identify(src/coordinate_publisher) by extensions ['colcon_pkg']
[0.312s] Level 1:colcon.colcon_core.package_identification:_identify(src/coordinate_publisher) by extension 'colcon_pkg'
[0.312s] Level 1:colcon.colcon_core.package_identification:_identify(src/coordinate_publisher) by extensions ['colcon_meta']
[0.312s] Level 1:colcon.colcon_core.package_identification:_identify(src/coordinate_publisher) by extension 'colcon_meta'
[0.312s] Level 1:colcon.colcon_core.package_identification:_identify(src/coordinate_publisher) by extensions ['ros']
[0.312s] Level 1:colcon.colcon_core.package_identification:_identify(src/coordinate_publisher) by extension 'ros'
[0.313s] DEBUG:colcon.colcon_core.package_identification:Package 'src/coordinate_publisher' with type 'ros.ament_python' and name 'coordinate_publisher'
[0.313s] Level 1:colcon.colcon_core.package_identification:_identify(src/mqtt_subscriber) by extensions ['ignore', 'ignore_ament_install']
[0.313s] Level 1:colcon.colcon_core.package_identification:_identify(src/mqtt_subscriber) by extension 'ignore'
[0.313s] Level 1:colcon.colcon_core.package_identification:_identify(src/mqtt_subscriber) by extension 'ignore_ament_install'
[0.313s] Level 1:colcon.colcon_core.package_identification:_identify(src/mqtt_subscriber) by extensions ['colcon_pkg']
[0.313s] Level 1:colcon.colcon_core.package_identification:_identify(src/mqtt_subscriber) by extension 'colcon_pkg'
[0.313s] Level 1:colcon.colcon_core.package_identification:_identify(src/mqtt_subscriber) by extensions ['colcon_meta']
[0.313s] Level 1:colcon.colcon_core.package_identification:_identify(src/mqtt_subscriber) by extension 'colcon_meta'
[0.313s] Level 1:colcon.colcon_core.package_identification:_identify(src/mqtt_subscriber) by extensions ['ros']
[0.313s] Level 1:colcon.colcon_core.package_identification:_identify(src/mqtt_subscriber) by extension 'ros'
[0.314s] DEBUG:colcon.colcon_core.package_identification:Package 'src/mqtt_subscriber' with type 'ros.ament_python' and name 'mqtt_subscriber'
[0.314s] Level 1:colcon.colcon_core.package_identification:_identify(src/waypoint_converter) by extensions ['ignore', 'ignore_ament_install']
[0.314s] Level 1:colcon.colcon_core.package_identification:_identify(src/waypoint_converter) by extension 'ignore'
[0.314s] Level 1:colcon.colcon_core.package_identification:_identify(src/waypoint_converter) by extension 'ignore_ament_install'
[0.314s] Level 1:colcon.colcon_core.package_identification:_identify(src/waypoint_converter) by extensions ['colcon_pkg']
[0.314s] Level 1:colcon.colcon_core.package_identification:_identify(src/waypoint_converter) by extension 'colcon_pkg'
[0.314s] Level 1:colcon.colcon_core.package_identification:_identify(src/waypoint_converter) by extensions ['colcon_meta']
[0.314s] Level 1:colcon.colcon_core.package_identification:_identify(src/waypoint_converter) by extension 'colcon_meta'
[0.314s] Level 1:colcon.colcon_core.package_identification:_identify(src/waypoint_converter) by extensions ['ros']
[0.314s] Level 1:colcon.colcon_core.package_identification:_identify(src/waypoint_converter) by extension 'ros'
[0.314s] DEBUG:colcon.colcon_core.package_identification:Package 'src/waypoint_converter' with type 'ros.ament_python' and name 'waypoint_converter'
[0.315s] Level 1:colcon.colcon_core.package_discovery:discover_packages(recursive) using defaults
[0.315s] Level 1:colcon.colcon_core.package_discovery:discover_packages(ignore) discover
[0.315s] Level 1:colcon.colcon_core.package_discovery:discover_packages(ignore) using defaults
[0.315s] Level 1:colcon.colcon_core.package_discovery:discover_packages(path) discover
[0.315s] Level 1:colcon.colcon_core.package_discovery:discover_packages(path) using defaults
[0.329s] Level 1:colcon.colcon_core.package_discovery:discover_packages(prefix_path) check parameters
[0.329s] Level 1:colcon.colcon_core.package_discovery:discover_packages(prefix_path) discover
[0.331s] DEBUG:colcon.colcon_installed_package_information.package_discovery:Found 262 installed packages in /opt/ros/foxy
[0.332s] Level 1:colcon.colcon_core.package_discovery:discover_packages(prefix_path) using defaults
[0.395s] Level 5:colcon.colcon_core.verb:set package 'coordinate_publisher' build argument 'cmake_args' from command line to 'None'
[0.395s] Level 5:colcon.colcon_core.verb:set package 'coordinate_publisher' build argument 'cmake_target' from command line to 'None'
[0.395s] Level 5:colcon.colcon_core.verb:set package 'coordinate_publisher' build argument 'cmake_target_skip_unavailable' from command line to 'False'
[0.395s] Level 5:colcon.colcon_core.verb:set package 'coordinate_publisher' build argument 'cmake_clean_cache' from command line to 'False'
[0.395s] Level 5:colcon.colcon_core.verb:set package 'coordinate_publisher' build argument 'cmake_clean_first' from command line to 'False'
[0.395s] Level 5:colcon.colcon_core.verb:set package 'coordinate_publisher' build argument 'cmake_force_configure' from command line to 'False'
[0.395s] Level 5:colcon.colcon_core.verb:set package 'coordinate_publisher' build argument 'ament_cmake_args' from command line to 'None'
[0.395s] Level 5:colcon.colcon_core.verb:set package 'coordinate_publisher' build argument 'catkin_cmake_args' from command line to 'None'
[0.395s] Level 5:colcon.colcon_core.verb:set package 'coordinate_publisher' build argument 'catkin_skip_building_tests' from command line to 'False'
[0.395s] DEBUG:colcon.colcon_core.verb:Building package 'coordinate_publisher' with the following arguments: {'ament_cmake_args': None, 'build_base': '/home/dj/Foxy_Communication-Waypoint/build/coordinate_publisher', 'catkin_cmake_args': None, 'catkin_skip_building_tests': False, 'cmake_args': None, 'cmake_clean_cache': False, 'cmake_clean_first': False, 'cmake_force_configure': False, 'cmake_target': None, 'cmake_target_skip_unavailable': False, 'install_base': '/home/dj/Foxy_Communication-Waypoint/install/coordinate_publisher', 'merge_install': False, 'path': '/home/dj/Foxy_Communication-Waypoint/src/coordinate_publisher', 'symlink_install': False, 'test_result_base': None}
[0.396s] Level 5:colcon.colcon_core.verb:set package 'mqtt_subscriber' build argument 'cmake_args' from command line to 'None'
[0.396s] Level 5:colcon.colcon_core.verb:set package 'mqtt_subscriber' build argument 'cmake_target' from command line to 'None'
[0.396s] Level 5:colcon.colcon_core.verb:set package 'mqtt_subscriber' build argument 'cmake_target_skip_unavailable' from command line to 'False'
[0.396s] Level 5:colcon.colcon_core.verb:set package 'mqtt_subscriber' build argument 'cmake_clean_cache' from command line to 'False'
[0.396s] Level 5:colcon.colcon_core.verb:set package 'mqtt_subscriber' build argument 'cmake_clean_first' from command line to 'False'
[0.396s] Level 5:colcon.colcon_core.verb:set package 'mqtt_subscriber' build argument 'cmake_force_configure' from command line to 'False'
[0.396s] Level 5:colcon.colcon_core.verb:set package 'mqtt_subscriber' build argument 'ament_cmake_args' from command line to 'None'
[0.396s] Level 5:colcon.colcon_core.verb:set package 'mqtt_subscriber' build argument 'catkin_cmake_args' from command line to 'None'
[0.396s] Level 5:colcon.colcon_core.verb:set package 'mqtt_subscriber' build argument 'catkin_skip_building_tests' from command line to 'False'
[0.396s] DEBUG:colcon.colcon_core.verb:Building package 'mqtt_subscriber' with the following arguments: {'ament_cmake_args': None, 'build_base': '/home/dj/Foxy_Communication-Waypoint/build/mqtt_subscriber', 'catkin_cmake_args': None, 'catkin_skip_building_tests': False, 'cmake_args': None, 'cmake_clean_cache': False, 'cmake_clean_first': False, 'cmake_force_configure': False, 'cmake_target': None, 'cmake_target_skip_unavailable': False, 'install_base': '/home/dj/Foxy_Communication-Waypoint/install/mqtt_subscriber', 'merge_install': False, 'path': '/home/dj/Foxy_Communication-Waypoint/src/mqtt_subscriber', 'symlink_install': False, 'test_result_base': None}
[0.396s] Level 5:colcon.colcon_core.verb:set package 'waypoint_converter' build argument 'cmake_args' from command line to 'None'
[0.396s] Level 5:colcon.colcon_core.verb:set package 'waypoint_converter' build argument 'cmake_target' from command line to 'None'
[0.396s] Level 5:colcon.colcon_core.verb:set package 'waypoint_converter' build argument 'cmake_target_skip_unavailable' from command line to 'False'
[0.396s] Level 5:colcon.colcon_core.verb:set package 'waypoint_converter' build argument 'cmake_clean_cache' from command line to 'False'
[0.396s] Level 5:colcon.colcon_core.verb:set package 'waypoint_converter' build argument 'cmake_clean_first' from command line to 'False'
[0.396s] Level 5:colcon.colcon_core.verb:set package 'waypoint_converter' build argument 'cmake_force_configure' from command line to 'False'
[0.396s] Level 5:colcon.colcon_core.verb:set package 'waypoint_converter' build argument 'ament_cmake_args' from command line to 'None'
[0.397s] Level 5:colcon.colcon_core.verb:set package 'waypoint_converter' build argument 'catkin_cmake_args' from command line to 'None'
[0.397s] Level 5:colcon.colcon_core.verb:set package 'waypoint_converter' build argument 'catkin_skip_building_tests' from command line to 'False'
[0.397s] DEBUG:colcon.colcon_core.verb:Building package 'waypoint_converter' with the following arguments: {'ament_cmake_args': None, 'build_base': '/home/dj/Foxy_Communication-Waypoint/build/waypoint_converter', 'catkin_cmake_args': None, 'catkin_skip_building_tests': False, 'cmake_args': None, 'cmake_clean_cache': False, 'cmake_clean_first': False, 'cmake_force_configure': False, 'cmake_target': None, 'cmake_target_skip_unavailable': False, 'install_base': '/home/dj/Foxy_Communication-Waypoint/install/waypoint_converter', 'merge_install': False, 'path': '/home/dj/Foxy_Communication-Waypoint/src/waypoint_converter', 'symlink_install': False, 'test_result_base': None}
[0.397s] Level 5:colcon.colcon_core.verb:set package 'communication_launch' build argument 'cmake_args' from command line to 'None'
[0.397s] Level 5:colcon.colcon_core.verb:set package 'communication_launch' build argument 'cmake_target' from command line to 'None'
[0.397s] Level 5:colcon.colcon_core.verb:set package 'communication_launch' build argument 'cmake_target_skip_unavailable' from command line to 'False'
[0.397s] Level 5:colcon.colcon_core.verb:set package 'communication_launch' build argument 'cmake_clean_cache' from command line to 'False'
[0.397s] Level 5:colcon.colcon_core.verb:set package 'communication_launch' build argument 'cmake_clean_first' from command line to 'False'
[0.397s] Level 5:colcon.colcon_core.verb:set package 'communication_launch' build argument 'cmake_force_configure' from command line to 'False'
[0.397s] Level 5:colcon.colcon_core.verb:set package 'communication_launch' build argument 'ament_cmake_args' from command line to 'None'
[0.397s] Level 5:colcon.colcon_core.verb:set package 'communication_launch' build argument 'catkin_cmake_args' from command line to 'None'
[0.397s] Level 5:colcon.colcon_core.verb:set package 'communication_launch' build argument 'catkin_skip_building_tests' from command line to 'False'
[0.397s] DEBUG:colcon.colcon_core.verb:Building package 'communication_launch' with the following arguments: {'ament_cmake_args': None, 'build_base': '/home/dj/Foxy_Communication-Waypoint/build/communication_launch', 'catkin_cmake_args': None, 'catkin_skip_building_tests': False, 'cmake_args': None, 'cmake_clean_cache': False, 'cmake_clean_first': False, 'cmake_force_configure': False, 'cmake_target': None, 'cmake_target_skip_unavailable': False, 'install_base': '/home/dj/Foxy_Communication-Waypoint/install/communication_launch', 'merge_install': False, 'path': '/home/dj/Foxy_Communication-Waypoint/src/communication_launch', 'symlink_install': False, 'test_result_base': None}
[0.397s] INFO:colcon.colcon_core.executor:Executing jobs using 'parallel' executor
[0.398s] DEBUG:colcon.colcon_parallel_executor.executor.parallel:run_until_complete
[0.398s] INFO:colcon.colcon_ros.task.ament_python.build:Building ROS package in '/home/dj/Foxy_Communication-Waypoint/src/mqtt_subscriber' with build type 'ament_python'
[0.398s] Level 1:colcon.colcon_core.shell:create_environment_hook('mqtt_subscriber', 'ament_prefix_path')
[0.400s] INFO:colcon.colcon_core.plugin_system:Skipping extension 'colcon_core.shell.bat': Not used on non-Windows systems
[0.400s] INFO:colcon.colcon_core.shell:Creating environment hook '/home/dj/Foxy_Communication-Waypoint/install/mqtt_subscriber/share/mqtt_subscriber/hook/ament_prefix_path.ps1'
[0.401s] INFO:colcon.colcon_core.shell:Creating environment descriptor '/home/dj/Foxy_Communication-Waypoint/install/mqtt_subscriber/share/mqtt_subscriber/hook/ament_prefix_path.dsv'
[0.401s] INFO:colcon.colcon_core.shell:Creating environment hook '/home/dj/Foxy_Communication-Waypoint/install/mqtt_subscriber/share/mqtt_subscriber/hook/ament_prefix_path.sh'
[0.402s] INFO:colcon.colcon_core.shell:Skip shell extension 'powershell' for command environment: Not usable outside of PowerShell
[0.402s] DEBUG:colcon.colcon_core.shell:Skip shell extension 'dsv' for command environment
[0.405s] INFO:colcon.colcon_ros.task.ament_python.build:Building ROS package in '/home/dj/Foxy_Communication-Waypoint/src/waypoint_converter' with build type 'ament_python'
[0.406s] Level 1:colcon.colcon_core.shell:create_environment_hook('waypoint_converter', 'ament_prefix_path')
[0.406s] INFO:colcon.colcon_core.shell:Creating environment hook '/home/dj/Foxy_Communication-Waypoint/install/waypoint_converter/share/waypoint_converter/hook/ament_prefix_path.ps1'
[0.407s] INFO:colcon.colcon_core.shell:Creating environment descriptor '/home/dj/Foxy_Communication-Waypoint/install/waypoint_converter/share/waypoint_converter/hook/ament_prefix_path.dsv'
[0.407s] INFO:colcon.colcon_core.shell:Creating environment hook '/home/dj/Foxy_Communication-Waypoint/install/waypoint_converter/share/waypoint_converter/hook/ament_prefix_path.sh'
[0.408s] INFO:colcon.colcon_core.shell:Skip shell extension 'powershell' for command environment: Not usable outside of PowerShell
[0.408s] DEBUG:colcon.colcon_core.shell:Skip shell extension 'dsv' for command environment
[0.412s] INFO:colcon.colcon_ros.task.ament_python.build:Building ROS package in '/home/dj/Foxy_Communication-Waypoint/src/coordinate_publisher' with build type 'ament_python'
[0.413s] Level 1:colcon.colcon_core.shell:create_environment_hook('coordinate_publisher', 'ament_prefix_path')
[0.413s] INFO:colcon.colcon_core.shell:Creating environment hook '/home/dj/Foxy_Communication-Waypoint/install/coordinate_publisher/share/coordinate_publisher/hook/ament_prefix_path.ps1'
[0.414s] INFO:colcon.colcon_core.shell:Creating environment descriptor '/home/dj/Foxy_Communication-Waypoint/install/coordinate_publisher/share/coordinate_publisher/hook/ament_prefix_path.dsv'
[0.415s] INFO:colcon.colcon_core.shell:Creating environment hook '/home/dj/Foxy_Communication-Waypoint/install/coordinate_publisher/share/coordinate_publisher/hook/ament_prefix_path.sh'
[0.415s] INFO:colcon.colcon_core.shell:Skip shell extension 'powershell' for command environment: Not usable outside of PowerShell
[0.416s] DEBUG:colcon.colcon_core.shell:Skip shell extension 'dsv' for command environment
[0.628s] WARNING:colcon.colcon_ros.task.ament_python.build:Package 'mqtt_subscriber' doesn't explicitly install a marker in the package index (colcon-ros currently does it implicitly but that fallback will be removed in the future)
[0.628s] WARNING:colcon.colcon_ros.task.ament_python.build:Package 'mqtt_subscriber' doesn't explicitly install the 'package.xml' file (colcon-ros currently does it implicitly but that fallback will be removed in the future)
[0.628s] INFO:colcon.colcon_core.task.python.build:Building Python package in '/home/dj/Foxy_Communication-Waypoint/src/mqtt_subscriber'
[0.629s] INFO:colcon.colcon_core.shell:Skip shell extension 'powershell' for command environment: Not usable outside of PowerShell
[0.629s] DEBUG:colcon.colcon_core.shell:Skip shell extension 'dsv' for command environment
[0.833s] INFO:colcon.colcon_core.task.python.build:Building Python package in '/home/dj/Foxy_Communication-Waypoint/src/waypoint_converter'
[0.833s] INFO:colcon.colcon_core.shell:Skip shell extension 'powershell' for command environment: Not usable outside of PowerShell
[0.833s] DEBUG:colcon.colcon_core.shell:Skip shell extension 'dsv' for command environment
[1.021s] INFO:colcon.colcon_core.task.python.build:Building Python package in '/home/dj/Foxy_Communication-Waypoint/src/coordinate_publisher'
[1.022s] INFO:colcon.colcon_core.shell:Skip shell extension 'powershell' for command environment: Not usable outside of PowerShell
[1.022s] DEBUG:colcon.colcon_core.shell:Skip shell extension 'dsv' for command environment
[1.399s] DEBUG:colcon.colcon_core.event_handler.log_command:Invoking command in '/home/dj/Foxy_Communication-Waypoint/src/mqtt_subscriber': PYTHONPATH=/home/dj/Foxy_Communication-Waypoint/build/mqtt_subscriber/prefix_override:/usr/lib/python3/dist-packages/colcon_core/task/python/colcon_distutils_commands:/home/dj/Foxy_Communication-Waypoint/install/mqtt_subscriber/lib/python3.8/site-packages:${PYTHONPATH} /usr/bin/python3 -W ignore:setup.py install is deprecated setup.py egg_info --egg-base ../../build/mqtt_subscriber build --build-base /home/dj/Foxy_Communication-Waypoint/build/mqtt_subscriber/build install --record /home/dj/Foxy_Communication-Waypoint/build/mqtt_subscriber/install.log --single-version-externally-managed
[1.411s] DEBUG:colcon.colcon_core.event_handler.log_command:Invoking command in '/home/dj/Foxy_Communication-Waypoint/src/waypoint_converter': PYTHONPATH=/home/dj/Foxy_Communication-Waypoint/build/waypoint_converter/prefix_override:/usr/lib/python3/dist-packages/colcon_core/task/python/colcon_distutils_commands:/home/dj/Foxy_Communication-Waypoint/install/waypoint_converter/lib/python3.8/site-packages:${PYTHONPATH} /usr/bin/python3 -W ignore:setup.py install is deprecated setup.py egg_info --egg-base ../../build/waypoint_converter build --build-base /home/dj/Foxy_Communication-Waypoint/build/waypoint_converter/build install --record /home/dj/Foxy_Communication-Waypoint/build/waypoint_converter/install.log --single-version-externally-managed install_data
[1.415s] DEBUG:colcon.colcon_core.event_handler.log_command:Invoking command in '/home/dj/Foxy_Communication-Waypoint/src/coordinate_publisher': PYTHONPATH=/home/dj/Foxy_Communication-Waypoint/build/coordinate_publisher/prefix_override:/usr/lib/python3/dist-packages/colcon_core/task/python/colcon_distutils_commands:/home/dj/Foxy_Communication-Waypoint/install/coordinate_publisher/lib/python3.8/site-packages:${PYTHONPATH} /usr/bin/python3 -W ignore:setup.py install is deprecated setup.py egg_info --egg-base ../../build/coordinate_publisher build --build-base /home/dj/Foxy_Communication-Waypoint/build/coordinate_publisher/build install --record /home/dj/Foxy_Communication-Waypoint/build/coordinate_publisher/install.log --single-version-externally-managed install_data
[1.682s] DEBUG:colcon.colcon_core.event_handler.log_command:Invoked command in '/home/dj/Foxy_Communication-Waypoint/src/coordinate_publisher' returned '0': PYTHONPATH=/home/dj/Foxy_Communication-Waypoint/build/coordinate_publisher/prefix_override:/usr/lib/python3/dist-packages/colcon_core/task/python/colcon_distutils_commands:/home/dj/Foxy_Communication-Waypoint/install/coordinate_publisher/lib/python3.8/site-packages:${PYTHONPATH} /usr/bin/python3 -W ignore:setup.py install is deprecated setup.py egg_info --egg-base ../../build/coordinate_publisher build --build-base /home/dj/Foxy_Communication-Waypoint/build/coordinate_publisher/build install --record /home/dj/Foxy_Communication-Waypoint/build/coordinate_publisher/install.log --single-version-externally-managed install_data
[1.684s] Level 1:colcon.colcon_core.environment:checking '/home/dj/Foxy_Communication-Waypoint/install/coordinate_publisher' for CMake module files
[1.685s] Level 1:colcon.colcon_core.environment:checking '/home/dj/Foxy_Communication-Waypoint/install/coordinate_publisher' for CMake config files
[1.685s] Level 1:colcon.colcon_core.environment:checking '/home/dj/Foxy_Communication-Waypoint/install/coordinate_publisher/lib'
[1.685s] Level 1:colcon.colcon_core.environment:checking '/home/dj/Foxy_Communication-Waypoint/install/coordinate_publisher/bin'
[1.685s] Level 1:colcon.colcon_core.environment:checking '/home/dj/Foxy_Communication-Waypoint/install/coordinate_publisher/lib/pkgconfig/coordinate_publisher.pc'
[1.686s] Level 1:colcon.colcon_core.environment:checking '/home/dj/Foxy_Communication-Waypoint/install/coordinate_publisher/lib/python3.8/site-packages'
[1.686s] Level 1:colcon.colcon_core.shell:create_environment_hook('coordinate_publisher', 'pythonpath')
[1.686s] INFO:colcon.colcon_core.shell:Creating environment hook '/home/dj/Foxy_Communication-Waypoint/install/coordinate_publisher/share/coordinate_publisher/hook/pythonpath.ps1'
[1.687s] INFO:colcon.colcon_core.shell:Creating environment descriptor '/home/dj/Foxy_Communication-Waypoint/install/coordinate_publisher/share/coordinate_publisher/hook/pythonpath.dsv'
[1.687s] INFO:colcon.colcon_core.shell:Creating environment hook '/home/dj/Foxy_Communication-Waypoint/install/coordinate_publisher/share/coordinate_publisher/hook/pythonpath.sh'
[1.687s] Level 1:colcon.colcon_core.environment:checking '/home/dj/Foxy_Communication-Waypoint/install/coordinate_publisher/bin'
[1.687s] Level 1:colcon.colcon_core.environment:create_environment_scripts_only(coordinate_publisher)
[1.688s] INFO:colcon.colcon_core.shell:Creating package script '/home/dj/Foxy_Communication-Waypoint/install/coordinate_publisher/share/coordinate_publisher/package.ps1'
[1.688s] INFO:colcon.colcon_core.shell:Creating package descriptor '/home/dj/Foxy_Communication-Waypoint/install/coordinate_publisher/share/coordinate_publisher/package.dsv'
[1.689s] INFO:colcon.colcon_core.shell:Creating package script '/home/dj/Foxy_Communication-Waypoint/install/coordinate_publisher/share/coordinate_publisher/package.sh'
[1.689s] INFO:colcon.colcon_core.shell:Creating package script '/home/dj/Foxy_Communication-Waypoint/install/coordinate_publisher/share/coordinate_publisher/package.bash'
[1.690s] INFO:colcon.colcon_core.shell:Creating package script '/home/dj/Foxy_Communication-Waypoint/install/coordinate_publisher/share/coordinate_publisher/package.zsh'
[1.690s] Level 1:colcon.colcon_core.environment:create_file_with_runtime_dependencies(/home/dj/Foxy_Communication-Waypoint/install/coordinate_publisher/share/colcon-core/packages/coordinate_publisher)
[1.691s] Level 1:colcon.colcon_core.environment:checking '/home/dj/Foxy_Communication-Waypoint/install/mqtt_subscriber' for CMake module files
[1.691s] Level 1:colcon.colcon_core.environment:checking '/home/dj/Foxy_Communication-Waypoint/install/mqtt_subscriber' for CMake config files
[1.692s] DEBUG:colcon.colcon_core.event_handler.log_command:Invoked command in '/home/dj/Foxy_Communication-Waypoint/src/mqtt_subscriber' returned '0': PYTHONPATH=/home/dj/Foxy_Communication-Waypoint/build/mqtt_subscriber/prefix_override:/usr/lib/python3/dist-packages/colcon_core/task/python/colcon_distutils_commands:/home/dj/Foxy_Communication-Waypoint/install/mqtt_subscriber/lib/python3.8/site-packages:${PYTHONPATH} /usr/bin/python3 -W ignore:setup.py install is deprecated setup.py egg_info --egg-base ../../build/mqtt_subscriber build --build-base /home/dj/Foxy_Communication-Waypoint/build/mqtt_subscriber/build install --record /home/dj/Foxy_Communication-Waypoint/build/mqtt_subscriber/install.log --single-version-externally-managed
[1.692s] Level 1:colcon.colcon_core.environment:checking '/home/dj/Foxy_Communication-Waypoint/install/mqtt_subscriber/lib'
[1.693s] Level 1:colcon.colcon_core.environment:checking '/home/dj/Foxy_Communication-Waypoint/install/mqtt_subscriber/bin'
[1.693s] Level 1:colcon.colcon_core.environment:checking '/home/dj/Foxy_Communication-Waypoint/install/mqtt_subscriber/lib/pkgconfig/mqtt_subscriber.pc'
[1.693s] Level 1:colcon.colcon_core.environment:checking '/home/dj/Foxy_Communication-Waypoint/install/mqtt_subscriber/lib/python3.8/site-packages'
[1.693s] Level 1:colcon.colcon_core.shell:create_environment_hook('mqtt_subscriber', 'pythonpath')
[1.693s] INFO:colcon.colcon_core.shell:Creating environment hook '/home/dj/Foxy_Communication-Waypoint/install/mqtt_subscriber/share/mqtt_subscriber/hook/pythonpath.ps1'
[1.693s] INFO:colcon.colcon_core.shell:Creating environment descriptor '/home/dj/Foxy_Communication-Waypoint/install/mqtt_subscriber/share/mqtt_subscriber/hook/pythonpath.dsv'
[1.694s] INFO:colcon.colcon_core.shell:Creating environment hook '/home/dj/Foxy_Communication-Waypoint/install/mqtt_subscriber/share/mqtt_subscriber/hook/pythonpath.sh'
[1.694s] Level 1:colcon.colcon_core.environment:checking '/home/dj/Foxy_Communication-Waypoint/install/mqtt_subscriber/bin'
[1.694s] Level 1:colcon.colcon_core.environment:create_environment_scripts_only(mqtt_subscriber)
[1.694s] INFO:colcon.colcon_core.shell:Creating package script '/home/dj/Foxy_Communication-Waypoint/install/mqtt_subscriber/share/mqtt_subscriber/package.ps1'
[1.695s] INFO:colcon.colcon_core.shell:Creating package descriptor '/home/dj/Foxy_Communication-Waypoint/install/mqtt_subscriber/share/mqtt_subscriber/package.dsv'
[1.695s] INFO:colcon.colcon_core.shell:Creating package script '/home/dj/Foxy_Communication-Waypoint/install/mqtt_subscriber/share/mqtt_subscriber/package.sh'
[1.695s] INFO:colcon.colcon_core.shell:Creating package script '/home/dj/Foxy_Communication-Waypoint/install/mqtt_subscriber/share/mqtt_subscriber/package.bash'
[1.695s] INFO:colcon.colcon_core.shell:Creating package script '/home/dj/Foxy_Communication-Waypoint/install/mqtt_subscriber/share/mqtt_subscriber/package.zsh'
[1.696s] Level 1:colcon.colcon_core.environment:create_file_with_runtime_dependencies(/home/dj/Foxy_Communication-Waypoint/install/mqtt_subscriber/share/colcon-core/packages/mqtt_subscriber)
[1.697s] Level 1:colcon.colcon_core.environment:checking '/home/dj/Foxy_Communication-Waypoint/install/waypoint_converter' for CMake module files
[1.697s] DEBUG:colcon.colcon_core.event_handler.log_command:Invoked command in '/home/dj/Foxy_Communication-Waypoint/src/waypoint_converter' returned '0': PYTHONPATH=/home/dj/Foxy_Communication-Waypoint/build/waypoint_converter/prefix_override:/usr/lib/python3/dist-packages/colcon_core/task/python/colcon_distutils_commands:/home/dj/Foxy_Communication-Waypoint/install/waypoint_converter/lib/python3.8/site-packages:${PYTHONPATH} /usr/bin/python3 -W ignore:setup.py install is deprecated setup.py egg_info --egg-base ../../build/waypoint_converter build --build-base /home/dj/Foxy_Communication-Waypoint/build/waypoint_converter/build install --record /home/dj/Foxy_Communication-Waypoint/build/waypoint_converter/install.log --single-version-externally-managed install_data
[1.698s] Level 1:colcon.colcon_core.environment:checking '/home/dj/Foxy_Communication-Waypoint/install/waypoint_converter' for CMake config files
[1.698s] Level 1:colcon.colcon_core.environment:checking '/home/dj/Foxy_Communication-Waypoint/install/waypoint_converter/lib'
[1.698s] Level 1:colcon.colcon_core.environment:checking '/home/dj/Foxy_Communication-Waypoint/install/waypoint_converter/bin'
[1.698s] Level 1:colcon.colcon_core.environment:checking '/home/dj/Foxy_Communication-Waypoint/install/waypoint_converter/lib/pkgconfig/waypoint_converter.pc'
[1.698s] Level 1:colcon.colcon_core.environment:checking '/home/dj/Foxy_Communication-Waypoint/install/waypoint_converter/lib/python3.8/site-packages'
[1.698s] Level 1:colcon.colcon_core.shell:create_environment_hook('waypoint_converter', 'pythonpath')
[1.698s] INFO:colcon.colcon_core.shell:Creating environment hook '/home/dj/Foxy_Communication-Waypoint/install/waypoint_converter/share/waypoint_converter/hook/pythonpath.ps1'
[1.699s] INFO:colcon.colcon_core.shell:Creating environment descriptor '/home/dj/Foxy_Communication-Waypoint/install/waypoint_converter/share/waypoint_converter/hook/pythonpath.dsv'
[1.699s] INFO:colcon.colcon_core.shell:Creating environment hook '/home/dj/Foxy_Communication-Waypoint/install/waypoint_converter/share/waypoint_converter/hook/pythonpath.sh'
[1.699s] Level 1:colcon.colcon_core.environment:checking '/home/dj/Foxy_Communication-Waypoint/install/waypoint_converter/bin'
[1.700s] Level 1:colcon.colcon_core.environment:create_environment_scripts_only(waypoint_converter)
[1.700s] INFO:colcon.colcon_core.shell:Creating package script '/home/dj/Foxy_Communication-Waypoint/install/waypoint_converter/share/waypoint_converter/package.ps1'
[1.700s] INFO:colcon.colcon_core.shell:Creating package descriptor '/home/dj/Foxy_Communication-Waypoint/install/waypoint_converter/share/waypoint_converter/package.dsv'
[1.701s] INFO:colcon.colcon_core.shell:Creating package script '/home/dj/Foxy_Communication-Waypoint/install/waypoint_converter/share/waypoint_converter/package.sh'
[1.701s] INFO:colcon.colcon_core.shell:Creating package script '/home/dj/Foxy_Communication-Waypoint/install/waypoint_converter/share/waypoint_converter/package.bash'
[1.701s] INFO:colcon.colcon_core.shell:Creating package script '/home/dj/Foxy_Communication-Waypoint/install/waypoint_converter/share/waypoint_converter/package.zsh'
[1.701s] Level 1:colcon.colcon_core.environment:create_file_with_runtime_dependencies(/home/dj/Foxy_Communication-Waypoint/install/waypoint_converter/share/colcon-core/packages/waypoint_converter)
[1.702s] INFO:colcon.colcon_ros.task.ament_python.build:Building ROS package in '/home/dj/Foxy_Communication-Waypoint/src/communication_launch' with build type 'ament_python'
[1.702s] Level 1:colcon.colcon_core.shell:create_environment_hook('communication_launch', 'ament_prefix_path')
[1.702s] INFO:colcon.colcon_core.shell:Creating environment hook '/home/dj/Foxy_Communication-Waypoint/install/communication_launch/share/communication_launch/hook/ament_prefix_path.ps1'
[1.703s] INFO:colcon.colcon_core.shell:Creating environment descriptor '/home/dj/Foxy_Communication-Waypoint/install/communication_launch/share/communication_launch/hook/ament_prefix_path.dsv'
[1.703s] INFO:colcon.colcon_core.shell:Creating environment hook '/home/dj/Foxy_Communication-Waypoint/install/communication_launch/share/communication_launch/hook/ament_prefix_path.sh'
[1.704s] INFO:colcon.colcon_core.shell:Skip shell extension 'powershell' for command environment: Not usable outside of PowerShell
[1.704s] DEBUG:colcon.colcon_core.shell:Skip shell extension 'dsv' for command environment
[1.905s] WARNING:colcon.colcon_ros.task.ament_python.build:Package 'communication_launch' doesn't explicitly install a marker in the package index (colcon-ros currently does it implicitly but that fallback will be removed in the future)
[1.905s] INFO:colcon.colcon_core.task.python.build:Building Python package in '/home/dj/Foxy_Communication-Waypoint/src/communication_launch'
[1.905s] INFO:colcon.colcon_core.shell:Skip shell extension 'powershell' for command environment: Not usable outside of PowerShell
[1.905s] DEBUG:colcon.colcon_core.shell:Skip shell extension 'dsv' for command environment
[2.236s] DEBUG:colcon.colcon_core.event_handler.log_command:Invoking command in '/home/dj/Foxy_Communication-Waypoint/src/communication_launch': AMENT_PREFIX_PATH=/home/dj/Foxy_Communication-Waypoint/install/waypoint_converter:/home/dj/Foxy_Communication-Waypoint/install/mqtt_subscriber:${AMENT_PREFIX_PATH} PYTHONPATH=/home/dj/Foxy_Communication-Waypoint/build/communication_launch/prefix_override:/usr/lib/python3/dist-packages/colcon_core/task/python/colcon_distutils_commands:/home/dj/Foxy_Communication-Waypoint/install/communication_launch/lib/python3.8/site-packages:/home/dj/Foxy_Communication-Waypoint/install/waypoint_converter/lib/python3.8/site-packages:/home/dj/Foxy_Communication-Waypoint/install/mqtt_subscriber/lib/python3.8/site-packages:${PYTHONPATH} /usr/bin/python3 -W ignore:setup.py install is deprecated setup.py egg_info --egg-base ../../build/communication_launch build --build-base /home/dj/Foxy_Communication-Waypoint/build/communication_launch/build install --record /home/dj/Foxy_Communication-Waypoint/build/communication_launch/install.log --install-scripts $base/lib/communication_launch --single-version-externally-managed install_data
[2.453s] Level 1:colcon.colcon_core.environment:checking '/home/dj/Foxy_Communication-Waypoint/install/communication_launch' for CMake module files
[2.453s] DEBUG:colcon.colcon_core.event_handler.log_command:Invoked command in '/home/dj/Foxy_Communication-Waypoint/src/communication_launch' returned '0': AMENT_PREFIX_PATH=/home/dj/Foxy_Communication-Waypoint/install/waypoint_converter:/home/dj/Foxy_Communication-Waypoint/install/mqtt_subscriber:${AMENT_PREFIX_PATH} PYTHONPATH=/home/dj/Foxy_Communication-Waypoint/build/communication_launch/prefix_override:/usr/lib/python3/dist-packages/colcon_core/task/python/colcon_distutils_commands:/home/dj/Foxy_Communication-Waypoint/install/communication_launch/lib/python3.8/site-packages:/home/dj/Foxy_Communication-Waypoint/install/waypoint_converter/lib/python3.8/site-packages:/home/dj/Foxy_Communication-Waypoint/install/mqtt_subscriber/lib/python3.8/site-packages:${PYTHONPATH} /usr/bin/python3 -W ignore:setup.py install is deprecated setup.py egg_info --egg-base ../../build/communication_launch build --build-base /home/dj/Foxy_Communication-Waypoint/build/communication_launch/build install --record /home/dj/Foxy_Communication-Waypoint/build/communication_launch/install.log --install-scripts $base/lib/communication_launch --single-version-externally-managed install_data
[2.453s] Level 1:colcon.colcon_core.environment:checking '/home/dj/Foxy_Communication-Waypoint/install/communication_launch' for CMake config files
[2.454s] Level 1:colcon.colcon_core.environment:checking '/home/dj/Foxy_Communication-Waypoint/install/communication_launch/lib'
[2.454s] Level 1:colcon.colcon_core.environment:checking '/home/dj/Foxy_Communication-Waypoint/install/communication_launch/bin'
[2.454s] Level 1:colcon.colcon_core.environment:checking '/home/dj/Foxy_Communication-Waypoint/install/communication_launch/lib/pkgconfig/communication_launch.pc'
[2.454s] Level 1:colcon.colcon_core.environment:checking '/home/dj/Foxy_Communication-Waypoint/install/communication_launch/lib/python3.8/site-packages'
[2.454s] Level 1:colcon.colcon_core.shell:create_environment_hook('communication_launch', 'pythonpath')
[2.455s] INFO:colcon.colcon_core.shell:Creating environment hook '/home/dj/Foxy_Communication-Waypoint/install/communication_launch/share/communication_launch/hook/pythonpath.ps1'
[2.455s] INFO:colcon.colcon_core.shell:Creating environment descriptor '/home/dj/Foxy_Communication-Waypoint/install/communication_launch/share/communication_launch/hook/pythonpath.dsv'
[2.455s] INFO:colcon.colcon_core.shell:Creating environment hook '/home/dj/Foxy_Communication-Waypoint/install/communication_launch/share/communication_launch/hook/pythonpath.sh'
[2.456s] Level 1:colcon.colcon_core.environment:checking '/home/dj/Foxy_Communication-Waypoint/install/communication_launch/bin'
[2.456s] Level 1:colcon.colcon_core.environment:create_environment_scripts_only(communication_launch)
[2.456s] INFO:colcon.colcon_core.shell:Creating package script '/home/dj/Foxy_Communication-Waypoint/install/communication_launch/share/communication_launch/package.ps1'
[2.456s] INFO:colcon.colcon_core.shell:Creating package descriptor '/home/dj/Foxy_Communication-Waypoint/install/communication_launch/share/communication_launch/package.dsv'
[2.457s] INFO:colcon.colcon_core.shell:Creating package script '/home/dj/Foxy_Communication-Waypoint/install/communication_launch/share/communication_launch/package.sh'
[2.457s] INFO:colcon.colcon_core.shell:Creating package script '/home/dj/Foxy_Communication-Waypoint/install/communication_launch/share/communication_launch/package.bash'
[2.457s] INFO:colcon.colcon_core.shell:Creating package script '/home/dj/Foxy_Communication-Waypoint/install/communication_launch/share/communication_launch/package.zsh'
[2.458s] Level 1:colcon.colcon_core.environment:create_file_with_runtime_dependencies(/home/dj/Foxy_Communication-Waypoint/install/communication_launch/share/colcon-core/packages/communication_launch)
[2.458s] DEBUG:colcon.colcon_parallel_executor.executor.parallel:closing loop
[2.458s] DEBUG:colcon.colcon_parallel_executor.executor.parallel:loop closed
[2.458s] DEBUG:colcon.colcon_parallel_executor.executor.parallel:run_until_complete finished with '0'
[2.458s] DEBUG:colcon.colcon_core.event_reactor:joining thread
[2.464s] INFO:colcon.colcon_core.plugin_system:Skipping extension 'colcon_notification.desktop_notification.terminal_notifier': Not used on non-Darwin systems
[2.465s] INFO:colcon.colcon_core.plugin_system:Skipping extension 'colcon_notification.desktop_notification.win32': Not used on non-Windows systems
[2.465s] INFO:colcon.colcon_notification.desktop_notification:Sending desktop notification using 'notify2'
[2.477s] DEBUG:colcon.colcon_core.event_reactor:joined thread
[2.478s] INFO:colcon.colcon_core.shell:Creating prefix script '/home/dj/Foxy_Communication-Waypoint/install/local_setup.ps1'
[2.478s] INFO:colcon.colcon_core.shell:Creating prefix util module '/home/dj/Foxy_Communication-Waypoint/install/_local_setup_util_ps1.py'
[2.479s] INFO:colcon.colcon_core.shell:Creating prefix chain script '/home/dj/Foxy_Communication-Waypoint/install/setup.ps1'
[2.480s] INFO:colcon.colcon_core.shell:Creating prefix script '/home/dj/Foxy_Communication-Waypoint/install/local_setup.sh'
[2.481s] INFO:colcon.colcon_core.shell:Creating prefix util module '/home/dj/Foxy_Communication-Waypoint/install/_local_setup_util_sh.py'
[2.481s] INFO:colcon.colcon_core.shell:Creating prefix chain script '/home/dj/Foxy_Communication-Waypoint/install/setup.sh'
[2.482s] INFO:colcon.colcon_core.shell:Creating prefix script '/home/dj/Foxy_Communication-Waypoint/install/local_setup.bash'
[2.482s] INFO:colcon.colcon_core.shell:Creating prefix chain script '/home/dj/Foxy_Communication-Waypoint/install/setup.bash'
[2.483s] INFO:colcon.colcon_core.shell:Creating prefix script '/home/dj/Foxy_Communication-Waypoint/install/local_setup.zsh'
[2.484s] INFO:colcon.colcon_core.shell:Creating prefix chain script '/home/dj/Foxy_Communication-Waypoint/install/setup.zsh'
