[0.983s] Invoking command in '/home/dj/Foxy_Communication-Waypoint/src/waypoint_converter': PYTHONPATH=/home/dj/Foxy_Communication-Waypoint/build/waypoint_converter/prefix_override:/usr/lib/python3/dist-packages/colcon_core/task/python/colcon_distutils_commands:/home/dj/Foxy_Communication-Waypoint/install/waypoint_converter/lib/python3.8/site-packages:${PYTHONPATH} /usr/bin/python3 -W ignore:setup.py install is deprecated setup.py egg_info --egg-base ../../build/waypoint_converter build --build-base /home/dj/Foxy_Communication-Waypoint/build/waypoint_converter/build install --record /home/dj/Foxy_Communication-Waypoint/build/waypoint_converter/install.log --single-version-externally-managed install_data
[1.175s] running egg_info
[1.176s] writing ../../build/waypoint_converter/waypoint_converter.egg-info/PKG-INFO
[1.176s] writing dependency_links to ../../build/waypoint_converter/waypoint_converter.egg-info/dependency_links.txt
[1.177s] writing entry points to ../../build/waypoint_converter/waypoint_converter.egg-info/entry_points.txt
[1.177s] writing requirements to ../../build/waypoint_converter/waypoint_converter.egg-info/requires.txt
[1.177s] writing top-level names to ../../build/waypoint_converter/waypoint_converter.egg-info/top_level.txt
[1.210s] reading manifest file '../../build/waypoint_converter/waypoint_converter.egg-info/SOURCES.txt'
[1.212s] writing manifest file '../../build/waypoint_converter/waypoint_converter.egg-info/SOURCES.txt'
[1.212s] running build
[1.212s] running build_py
[1.212s] copying waypoint_converter/waypoint_converter.py -> /home/dj/Foxy_Communication-Waypoint/build/waypoint_converter/build/lib/waypoint_converter
[1.212s] running install
[1.213s] running install_lib
[1.214s] copying /home/dj/Foxy_Communication-Waypoint/build/waypoint_converter/build/lib/waypoint_converter/waypoint_converter.py -> /home/dj/Foxy_Communication-Waypoint/install/waypoint_converter/lib/python3.8/site-packages/waypoint_converter
[1.215s] byte-compiling /home/dj/Foxy_Communication-Waypoint/install/waypoint_converter/lib/python3.8/site-packages/waypoint_converter/waypoint_converter.py to waypoint_converter.cpython-38.pyc
[1.217s] running install_data
[1.217s] running install_egg_info
[1.219s] removing '/home/dj/Foxy_Communication-Waypoint/install/waypoint_converter/lib/python3.8/site-packages/waypoint_converter-0.0.0-py3.8.egg-info' (and everything under it)
[1.219s] Copying ../../build/waypoint_converter/waypoint_converter.egg-info to /home/dj/Foxy_Communication-Waypoint/install/waypoint_converter/lib/python3.8/site-packages/waypoint_converter-0.0.0-py3.8.egg-info
[1.220s] running install_scripts
[1.236s] Installing waypoint_converter script to /home/dj/Foxy_Communication-Waypoint/install/waypoint_converter/lib/waypoint_converter
[1.237s] writing list of installed files to '/home/dj/Foxy_Communication-Waypoint/build/waypoint_converter/install.log'
[1.260s] Invoked command in '/home/dj/Foxy_Communication-Waypoint/src/waypoint_converter' returned '0': PYTHONPATH=/home/dj/Foxy_Communication-Waypoint/build/waypoint_converter/prefix_override:/usr/lib/python3/dist-packages/colcon_core/task/python/colcon_distutils_commands:/home/dj/Foxy_Communication-Waypoint/install/waypoint_converter/lib/python3.8/site-packages:${PYTHONPATH} /usr/bin/python3 -W ignore:setup.py install is deprecated setup.py egg_info --egg-base ../../build/waypoint_converter build --build-base /home/dj/Foxy_Communication-Waypoint/build/waypoint_converter/build install --record /home/dj/Foxy_Communication-Waypoint/build/waypoint_converter/install.log --single-version-externally-managed install_data
