[1.254s] Invoking command in '/home/theo/Foxy_Communication-Waypoint/build/waypoint_converter': PYTHONPATH=/home/theo/Foxy_Communication-Waypoint/build/waypoint_converter/prefix_override:/usr/lib/python3/dist-packages/colcon_core/task/python/colcon_distutils_commands:/home/theo/Foxy_Communication-Waypoint/install/waypoint_converter/lib/python3.8/site-packages:${PYTHONPATH} /usr/bin/python3 -W ignore:setup.py install is deprecated setup.py develop --editable --build-directory /home/theo/Foxy_Communication-Waypoint/build/waypoint_converter/build --no-deps symlink_data --force
[1.598s] running develop
[1.619s] /home/theo/.local/lib/python3.8/site-packages/setuptools/command/develop.py:40: EasyInstallDeprecationWarning: easy_install command is deprecated.
[1.620s] !!
[1.620s] 
[1.620s]         ********************************************************************************
[1.620s]         Please avoid running ``setup.py`` and ``easy_install``.
[1.620s]         Instead, use pypa/build, pypa/installer or other
[1.620s]         standards-based tools.
[1.620s] 
[1.620s]         See https://github.com/pypa/setuptools/issues/917 for details.
[1.621s]         ********************************************************************************
[1.621s] 
[1.621s] !!
[1.621s]   easy_install.initialize_options(self)
[1.838s] running egg_info
[1.853s] writing waypoint_converter.egg-info/PKG-INFO
[1.854s] writing dependency_links to waypoint_converter.egg-info/dependency_links.txt
[1.854s] writing entry points to waypoint_converter.egg-info/entry_points.txt
[1.854s] writing requirements to waypoint_converter.egg-info/requires.txt
[1.855s] writing top-level names to waypoint_converter.egg-info/top_level.txt
[1.890s] reading manifest file 'waypoint_converter.egg-info/SOURCES.txt'
[1.891s] writing manifest file 'waypoint_converter.egg-info/SOURCES.txt'
[1.947s] running build_ext
[1.947s] Creating /home/theo/Foxy_Communication-Waypoint/install/waypoint_converter/lib/python3.8/site-packages/waypoint-converter.egg-link (link to .)
[1.948s] Installing waypoint_converter script to /home/theo/Foxy_Communication-Waypoint/install/waypoint_converter/lib/waypoint_converter
[1.948s] 
[1.948s] Installed /home/theo/Foxy_Communication-Waypoint/build/waypoint_converter
[1.948s] running symlink_data
[1.949s] symbolically linking /home/theo/Foxy_Communication-Waypoint/build/waypoint_converter/resource/waypoint_converter -> /home/theo/Foxy_Communication-Waypoint/install/waypoint_converter/share/ament_index/resource_index/packages
[1.949s] symbolically linking /home/theo/Foxy_Communication-Waypoint/build/waypoint_converter/package.xml -> /home/theo/Foxy_Communication-Waypoint/install/waypoint_converter/share/waypoint_converter
[1.995s] Invoked command in '/home/theo/Foxy_Communication-Waypoint/build/waypoint_converter' returned '0': PYTHONPATH=/home/theo/Foxy_Communication-Waypoint/build/waypoint_converter/prefix_override:/usr/lib/python3/dist-packages/colcon_core/task/python/colcon_distutils_commands:/home/theo/Foxy_Communication-Waypoint/install/waypoint_converter/lib/python3.8/site-packages:${PYTHONPATH} /usr/bin/python3 -W ignore:setup.py install is deprecated setup.py develop --editable --build-directory /home/theo/Foxy_Communication-Waypoint/build/waypoint_converter/build --no-deps symlink_data --force
