[3.721s] DEBUG:colcon:Command line arguments: ['/usr/bin/colcon', 'build']
[3.722s] DEBUG:colcon:Parsed command line arguments: Namespace(allow_overriding=[], ament_cmake_args=None, base_paths=['.'], build_base='build', catkin_cmake_args=None, catkin_skip_building_tests=False, cmake_args=None, cmake_clean_cache=False, cmake_clean_first=False, cmake_force_configure=False, cmake_target=None, cmake_target_skip_unavailable=False, continue_on_error=False, event_handlers=None, executor='parallel', ignore_user_meta=False, install_base='install', log_base=None, log_level=None, main=<bound method BuildVerb.main of <colcon_core.verb.build.BuildVerb object at 0x7f6629f36c70>>, merge_install=False, metas=['./colcon.meta'], mixin=None, mixin_files=None, mixin_verb=('build',), packages_above=None, packages_above_and_dependencies=None, packages_above_depth=None, packages_end=None, packages_ignore=None, packages_ignore_regex=None, packages_select=None, packages_select_build_failed=False, packages_select_by_dep=None, packages_select_regex=None, packages_select_test_failures=False, packages_skip=None, packages_skip_build_finished=False, packages_skip_by_dep=None, packages_skip_regex=None, packages_skip_test_passed=False, packages_skip_up_to=None, packages_start=None, packages_up_to=None, packages_up_to_regex=None, parallel_workers=12, paths=None, symlink_install=False, test_result_base=None, verb_extension=<colcon_core.verb.build.BuildVerb object at 0x7f6629f36c70>, verb_name='build', verb_parser=<colcon_mixin.mixin.mixin_argument.MixinArgumentDecorator object at 0x7f6629df2fa0>)
[4.257s] Level 1:colcon.colcon_core.package_discovery:discover_packages(colcon_meta) check parameters
[4.258s] Level 1:colcon.colcon_core.package_discovery:discover_packages(recursive) check parameters
[4.258s] Level 1:colcon.colcon_core.package_discovery:discover_packages(ignore) check parameters
[4.259s] Level 1:colcon.colcon_core.package_discovery:discover_packages(path) check parameters
[4.259s] Level 1:colcon.colcon_core.package_discovery:discover_packages(colcon_meta) discover
[4.259s] Level 1:colcon.colcon_core.package_discovery:discover_packages(recursive) discover
[4.259s] INFO:colcon.colcon_core.package_discovery:Crawling recursively for packages in '/home/theo/Foxy_Communication-Waypoint'
[4.260s] Level 1:colcon.colcon_core.package_identification:_identify(.) by extensions ['ignore', 'ignore_ament_install']
[4.260s] Level 1:colcon.colcon_core.package_identification:_identify(.) by extension 'ignore'
[4.261s] Level 1:colcon.colcon_core.package_identification:_identify(.) by extension 'ignore_ament_install'
[4.261s] Level 1:colcon.colcon_core.package_identification:_identify(.) by extensions ['colcon_pkg']
[4.261s] Level 1:colcon.colcon_core.package_identification:_identify(.) by extension 'colcon_pkg'
[4.261s] Level 1:colcon.colcon_core.package_identification:_identify(.) by extensions ['colcon_meta']
[4.261s] Level 1:colcon.colcon_core.package_identification:_identify(.) by extension 'colcon_meta'
[4.262s] Level 1:colcon.colcon_core.package_identification:_identify(.) by extensions ['ros']
[4.262s] Level 1:colcon.colcon_core.package_identification:_identify(.) by extension 'ros'
[4.322s] Level 1:colcon.colcon_core.package_identification:_identify(.) by extensions ['cmake', 'python']
[4.322s] Level 1:colcon.colcon_core.package_identification:_identify(.) by extension 'cmake'
[4.322s] Level 1:colcon.colcon_core.package_identification:_identify(.) by extension 'python'
[4.322s] Level 1:colcon.colcon_core.package_identification:_identify(.) by extensions ['python_setup_py']
[4.322s] Level 1:colcon.colcon_core.package_identification:_identify(.) by extension 'python_setup_py'
[4.322s] Level 1:colcon.colcon_core.package_identification:_identify(build) by extensions ['ignore', 'ignore_ament_install']
[4.322s] Level 1:colcon.colcon_core.package_identification:_identify(build) by extension 'ignore'
[4.322s] Level 1:colcon.colcon_core.package_identification:_identify(build) ignored
[4.322s] Level 1:colcon.colcon_core.package_identification:_identify(install) by extensions ['ignore', 'ignore_ament_install']
[4.323s] Level 1:colcon.colcon_core.package_identification:_identify(install) by extension 'ignore'
[4.323s] Level 1:colcon.colcon_core.package_identification:_identify(install) ignored
[4.323s] Level 1:colcon.colcon_core.package_identification:_identify(log) by extensions ['ignore', 'ignore_ament_install']
[4.323s] Level 1:colcon.colcon_core.package_identification:_identify(log) by extension 'ignore'
[4.323s] Level 1:colcon.colcon_core.package_identification:_identify(log) ignored
[4.323s] Level 1:colcon.colcon_core.package_identification:_identify(src) by extensions ['ignore', 'ignore_ament_install']
[4.323s] Level 1:colcon.colcon_core.package_identification:_identify(src) by extension 'ignore'
[4.323s] Level 1:colcon.colcon_core.package_identification:_identify(src) by extension 'ignore_ament_install'
[4.323s] Level 1:colcon.colcon_core.package_identification:_identify(src) by extensions ['colcon_pkg']
[4.323s] Level 1:colcon.colcon_core.package_identification:_identify(src) by extension 'colcon_pkg'
[4.323s] Level 1:colcon.colcon_core.package_identification:_identify(src) by extensions ['colcon_meta']
[4.324s] Level 1:colcon.colcon_core.package_identification:_identify(src) by extension 'colcon_meta'
[4.324s] Level 1:colcon.colcon_core.package_identification:_identify(src) by extensions ['ros']
[4.324s] Level 1:colcon.colcon_core.package_identification:_identify(src) by extension 'ros'
[4.324s] Level 1:colcon.colcon_core.package_identification:_identify(src) by extensions ['cmake', 'python']
[4.324s] Level 1:colcon.colcon_core.package_identification:_identify(src) by extension 'cmake'
[4.324s] Level 1:colcon.colcon_core.package_identification:_identify(src) by extension 'python'
[4.324s] Level 1:colcon.colcon_core.package_identification:_identify(src) by extensions ['python_setup_py']
[4.324s] Level 1:colcon.colcon_core.package_identification:_identify(src) by extension 'python_setup_py'
[4.324s] Level 1:colcon.colcon_core.package_identification:_identify(src/coordinate_publisher) by extensions ['ignore', 'ignore_ament_install']
[4.324s] Level 1:colcon.colcon_core.package_identification:_identify(src/coordinate_publisher) by extension 'ignore'
[4.324s] Level 1:colcon.colcon_core.package_identification:_identify(src/coordinate_publisher) by extension 'ignore_ament_install'
[4.324s] Level 1:colcon.colcon_core.package_identification:_identify(src/coordinate_publisher) by extensions ['colcon_pkg']
[4.324s] Level 1:colcon.colcon_core.package_identification:_identify(src/coordinate_publisher) by extension 'colcon_pkg'
[4.324s] Level 1:colcon.colcon_core.package_identification:_identify(src/coordinate_publisher) by extensions ['colcon_meta']
[4.324s] Level 1:colcon.colcon_core.package_identification:_identify(src/coordinate_publisher) by extension 'colcon_meta'
[4.324s] Level 1:colcon.colcon_core.package_identification:_identify(src/coordinate_publisher) by extensions ['ros']
[4.324s] Level 1:colcon.colcon_core.package_identification:_identify(src/coordinate_publisher) by extension 'ros'
[4.349s] DEBUG:colcon.colcon_core.package_identification:Package 'src/coordinate_publisher' with type 'ros.ament_python' and name 'coordinate_publisher'
[4.349s] Level 1:colcon.colcon_core.package_identification:_identify(src/launch) by extensions ['ignore', 'ignore_ament_install']
[4.349s] Level 1:colcon.colcon_core.package_identification:_identify(src/launch) by extension 'ignore'
[4.349s] Level 1:colcon.colcon_core.package_identification:_identify(src/launch) by extension 'ignore_ament_install'
[4.349s] Level 1:colcon.colcon_core.package_identification:_identify(src/launch) by extensions ['colcon_pkg']
[4.349s] Level 1:colcon.colcon_core.package_identification:_identify(src/launch) by extension 'colcon_pkg'
[4.349s] Level 1:colcon.colcon_core.package_identification:_identify(src/launch) by extensions ['colcon_meta']
[4.349s] Level 1:colcon.colcon_core.package_identification:_identify(src/launch) by extension 'colcon_meta'
[4.349s] Level 1:colcon.colcon_core.package_identification:_identify(src/launch) by extensions ['ros']
[4.349s] Level 1:colcon.colcon_core.package_identification:_identify(src/launch) by extension 'ros'
[4.349s] Level 1:colcon.colcon_core.package_identification:_identify(src/launch) by extensions ['cmake', 'python']
[4.349s] Level 1:colcon.colcon_core.package_identification:_identify(src/launch) by extension 'cmake'
[4.349s] Level 1:colcon.colcon_core.package_identification:_identify(src/launch) by extension 'python'
[4.349s] Level 1:colcon.colcon_core.package_identification:_identify(src/launch) by extensions ['python_setup_py']
[4.349s] Level 1:colcon.colcon_core.package_identification:_identify(src/launch) by extension 'python_setup_py'
[4.349s] Level 1:colcon.colcon_core.package_identification:_identify(src/mqtt_subscriber) by extensions ['ignore', 'ignore_ament_install']
[4.349s] Level 1:colcon.colcon_core.package_identification:_identify(src/mqtt_subscriber) by extension 'ignore'
[4.349s] Level 1:colcon.colcon_core.package_identification:_identify(src/mqtt_subscriber) by extension 'ignore_ament_install'
[4.350s] Level 1:colcon.colcon_core.package_identification:_identify(src/mqtt_subscriber) by extensions ['colcon_pkg']
[4.350s] Level 1:colcon.colcon_core.package_identification:_identify(src/mqtt_subscriber) by extension 'colcon_pkg'
[4.350s] Level 1:colcon.colcon_core.package_identification:_identify(src/mqtt_subscriber) by extensions ['colcon_meta']
[4.350s] Level 1:colcon.colcon_core.package_identification:_identify(src/mqtt_subscriber) by extension 'colcon_meta'
[4.350s] Level 1:colcon.colcon_core.package_identification:_identify(src/mqtt_subscriber) by extensions ['ros']
[4.350s] Level 1:colcon.colcon_core.package_identification:_identify(src/mqtt_subscriber) by extension 'ros'
[4.350s] DEBUG:colcon.colcon_core.package_identification:Package 'src/mqtt_subscriber' with type 'ros.ament_python' and name 'mqtt_subscriber'
[4.350s] Level 1:colcon.colcon_core.package_identification:_identify(src/waypoint_converter) by extensions ['ignore', 'ignore_ament_install']
[4.350s] Level 1:colcon.colcon_core.package_identification:_identify(src/waypoint_converter) by extension 'ignore'
[4.350s] Level 1:colcon.colcon_core.package_identification:_identify(src/waypoint_converter) by extension 'ignore_ament_install'
[4.351s] Level 1:colcon.colcon_core.package_identification:_identify(src/waypoint_converter) by extensions ['colcon_pkg']
[4.351s] Level 1:colcon.colcon_core.package_identification:_identify(src/waypoint_converter) by extension 'colcon_pkg'
[4.351s] Level 1:colcon.colcon_core.package_identification:_identify(src/waypoint_converter) by extensions ['colcon_meta']
[4.351s] Level 1:colcon.colcon_core.package_identification:_identify(src/waypoint_converter) by extension 'colcon_meta'
[4.351s] Level 1:colcon.colcon_core.package_identification:_identify(src/waypoint_converter) by extensions ['ros']
[4.351s] Level 1:colcon.colcon_core.package_identification:_identify(src/waypoint_converter) by extension 'ros'
[4.351s] DEBUG:colcon.colcon_core.package_identification:Package 'src/waypoint_converter' with type 'ros.ament_python' and name 'waypoint_converter'
[4.351s] Level 1:colcon.colcon_core.package_discovery:discover_packages(recursive) using defaults
[4.351s] Level 1:colcon.colcon_core.package_discovery:discover_packages(ignore) discover
[4.351s] Level 1:colcon.colcon_core.package_discovery:discover_packages(ignore) using defaults
[4.352s] Level 1:colcon.colcon_core.package_discovery:discover_packages(path) discover
[4.352s] Level 1:colcon.colcon_core.package_discovery:discover_packages(path) using defaults
[4.432s] Level 1:colcon.colcon_core.package_discovery:discover_packages(prefix_path) check parameters
[4.432s] Level 1:colcon.colcon_core.package_discovery:discover_packages(prefix_path) discover
[4.434s] Level 1:colcon.colcon_core.package_discovery:discover_packages(prefix_path) using defaults
[4.437s] Level 5:colcon.colcon_core.verb:set package 'coordinate_publisher' build argument 'cmake_args' from command line to 'None'
[4.437s] Level 5:colcon.colcon_core.verb:set package 'coordinate_publisher' build argument 'cmake_target' from command line to 'None'
[4.437s] Level 5:colcon.colcon_core.verb:set package 'coordinate_publisher' build argument 'cmake_target_skip_unavailable' from command line to 'False'
[4.437s] Level 5:colcon.colcon_core.verb:set package 'coordinate_publisher' build argument 'cmake_clean_cache' from command line to 'False'
[4.437s] Level 5:colcon.colcon_core.verb:set package 'coordinate_publisher' build argument 'cmake_clean_first' from command line to 'False'
[4.437s] Level 5:colcon.colcon_core.verb:set package 'coordinate_publisher' build argument 'cmake_force_configure' from command line to 'False'
[4.437s] Level 5:colcon.colcon_core.verb:set package 'coordinate_publisher' build argument 'ament_cmake_args' from command line to 'None'
[4.437s] Level 5:colcon.colcon_core.verb:set package 'coordinate_publisher' build argument 'catkin_cmake_args' from command line to 'None'
[4.437s] Level 5:colcon.colcon_core.verb:set package 'coordinate_publisher' build argument 'catkin_skip_building_tests' from command line to 'False'
[4.437s] DEBUG:colcon.colcon_core.verb:Building package 'coordinate_publisher' with the following arguments: {'ament_cmake_args': None, 'build_base': '/home/theo/Foxy_Communication-Waypoint/build/coordinate_publisher', 'catkin_cmake_args': None, 'catkin_skip_building_tests': False, 'cmake_args': None, 'cmake_clean_cache': False, 'cmake_clean_first': False, 'cmake_force_configure': False, 'cmake_target': None, 'cmake_target_skip_unavailable': False, 'install_base': '/home/theo/Foxy_Communication-Waypoint/install/coordinate_publisher', 'merge_install': False, 'path': '/home/theo/Foxy_Communication-Waypoint/src/coordinate_publisher', 'symlink_install': False, 'test_result_base': None}
[4.437s] Level 5:colcon.colcon_core.verb:set package 'mqtt_subscriber' build argument 'cmake_args' from command line to 'None'
[4.437s] Level 5:colcon.colcon_core.verb:set package 'mqtt_subscriber' build argument 'cmake_target' from command line to 'None'
[4.437s] Level 5:colcon.colcon_core.verb:set package 'mqtt_subscriber' build argument 'cmake_target_skip_unavailable' from command line to 'False'
[4.437s] Level 5:colcon.colcon_core.verb:set package 'mqtt_subscriber' build argument 'cmake_clean_cache' from command line to 'False'
[4.438s] Level 5:colcon.colcon_core.verb:set package 'mqtt_subscriber' build argument 'cmake_clean_first' from command line to 'False'
[4.438s] Level 5:colcon.colcon_core.verb:set package 'mqtt_subscriber' build argument 'cmake_force_configure' from command line to 'False'
[4.438s] Level 5:colcon.colcon_core.verb:set package 'mqtt_subscriber' build argument 'ament_cmake_args' from command line to 'None'
[4.438s] Level 5:colcon.colcon_core.verb:set package 'mqtt_subscriber' build argument 'catkin_cmake_args' from command line to 'None'
[4.438s] Level 5:colcon.colcon_core.verb:set package 'mqtt_subscriber' build argument 'catkin_skip_building_tests' from command line to 'False'
[4.438s] DEBUG:colcon.colcon_core.verb:Building package 'mqtt_subscriber' with the following arguments: {'ament_cmake_args': None, 'build_base': '/home/theo/Foxy_Communication-Waypoint/build/mqtt_subscriber', 'catkin_cmake_args': None, 'catkin_skip_building_tests': False, 'cmake_args': None, 'cmake_clean_cache': False, 'cmake_clean_first': False, 'cmake_force_configure': False, 'cmake_target': None, 'cmake_target_skip_unavailable': False, 'install_base': '/home/theo/Foxy_Communication-Waypoint/install/mqtt_subscriber', 'merge_install': False, 'path': '/home/theo/Foxy_Communication-Waypoint/src/mqtt_subscriber', 'symlink_install': False, 'test_result_base': None}
[4.438s] Level 5:colcon.colcon_core.verb:set package 'waypoint_converter' build argument 'cmake_args' from command line to 'None'
[4.438s] Level 5:colcon.colcon_core.verb:set package 'waypoint_converter' build argument 'cmake_target' from command line to 'None'
[4.438s] Level 5:colcon.colcon_core.verb:set package 'waypoint_converter' build argument 'cmake_target_skip_unavailable' from command line to 'False'
[4.438s] Level 5:colcon.colcon_core.verb:set package 'waypoint_converter' build argument 'cmake_clean_cache' from command line to 'False'
[4.438s] Level 5:colcon.colcon_core.verb:set package 'waypoint_converter' build argument 'cmake_clean_first' from command line to 'False'
[4.438s] Level 5:colcon.colcon_core.verb:set package 'waypoint_converter' build argument 'cmake_force_configure' from command line to 'False'
[4.438s] Level 5:colcon.colcon_core.verb:set package 'waypoint_converter' build argument 'ament_cmake_args' from command line to 'None'
[4.438s] Level 5:colcon.colcon_core.verb:set package 'waypoint_converter' build argument 'catkin_cmake_args' from command line to 'None'
[4.439s] Level 5:colcon.colcon_core.verb:set package 'waypoint_converter' build argument 'catkin_skip_building_tests' from command line to 'False'
[4.439s] DEBUG:colcon.colcon_core.verb:Building package 'waypoint_converter' with the following arguments: {'ament_cmake_args': None, 'build_base': '/home/theo/Foxy_Communication-Waypoint/build/waypoint_converter', 'catkin_cmake_args': None, 'catkin_skip_building_tests': False, 'cmake_args': None, 'cmake_clean_cache': False, 'cmake_clean_first': False, 'cmake_force_configure': False, 'cmake_target': None, 'cmake_target_skip_unavailable': False, 'install_base': '/home/theo/Foxy_Communication-Waypoint/install/waypoint_converter', 'merge_install': False, 'path': '/home/theo/Foxy_Communication-Waypoint/src/waypoint_converter', 'symlink_install': False, 'test_result_base': None}
[4.439s] INFO:colcon.colcon_core.executor:Executing jobs using 'parallel' executor
[4.440s] DEBUG:colcon.colcon_parallel_executor.executor.parallel:run_until_complete
[4.441s] INFO:colcon.colcon_ros.task.ament_python.build:Building ROS package in '/home/theo/Foxy_Communication-Waypoint/src/coordinate_publisher' with build type 'ament_python'
[4.441s] Level 1:colcon.colcon_core.shell:create_environment_hook('coordinate_publisher', 'ament_prefix_path')
[4.460s] INFO:colcon.colcon_core.plugin_system:Skipping extension 'colcon_core.shell.bat': Not used on non-Windows systems
[4.460s] INFO:colcon.colcon_core.shell:Creating environment hook '/home/theo/Foxy_Communication-Waypoint/install/coordinate_publisher/share/coordinate_publisher/hook/ament_prefix_path.ps1'
[4.475s] INFO:colcon.colcon_core.shell:Creating environment descriptor '/home/theo/Foxy_Communication-Waypoint/install/coordinate_publisher/share/coordinate_publisher/hook/ament_prefix_path.dsv'
[4.481s] INFO:colcon.colcon_core.shell:Creating environment hook '/home/theo/Foxy_Communication-Waypoint/install/coordinate_publisher/share/coordinate_publisher/hook/ament_prefix_path.sh'
[4.483s] INFO:colcon.colcon_core.shell:Skip shell extension 'powershell' for command environment: Not usable outside of PowerShell
[4.483s] DEBUG:colcon.colcon_core.shell:Skip shell extension 'dsv' for command environment
[4.497s] INFO:colcon.colcon_ros.task.ament_python.build:Building ROS package in '/home/theo/Foxy_Communication-Waypoint/src/mqtt_subscriber' with build type 'ament_python'
[4.498s] Level 1:colcon.colcon_core.shell:create_environment_hook('mqtt_subscriber', 'ament_prefix_path')
[4.499s] INFO:colcon.colcon_core.shell:Creating environment hook '/home/theo/Foxy_Communication-Waypoint/install/mqtt_subscriber/share/mqtt_subscriber/hook/ament_prefix_path.ps1'
[4.502s] INFO:colcon.colcon_core.shell:Creating environment descriptor '/home/theo/Foxy_Communication-Waypoint/install/mqtt_subscriber/share/mqtt_subscriber/hook/ament_prefix_path.dsv'
[4.503s] INFO:colcon.colcon_core.shell:Creating environment hook '/home/theo/Foxy_Communication-Waypoint/install/mqtt_subscriber/share/mqtt_subscriber/hook/ament_prefix_path.sh'
[4.504s] INFO:colcon.colcon_core.shell:Skip shell extension 'powershell' for command environment: Not usable outside of PowerShell
[4.504s] DEBUG:colcon.colcon_core.shell:Skip shell extension 'dsv' for command environment
[4.511s] INFO:colcon.colcon_ros.task.ament_python.build:Building ROS package in '/home/theo/Foxy_Communication-Waypoint/src/waypoint_converter' with build type 'ament_python'
[4.512s] Level 1:colcon.colcon_core.shell:create_environment_hook('waypoint_converter', 'ament_prefix_path')
[4.513s] INFO:colcon.colcon_core.shell:Creating environment hook '/home/theo/Foxy_Communication-Waypoint/install/waypoint_converter/share/waypoint_converter/hook/ament_prefix_path.ps1'
[4.516s] INFO:colcon.colcon_core.shell:Creating environment descriptor '/home/theo/Foxy_Communication-Waypoint/install/waypoint_converter/share/waypoint_converter/hook/ament_prefix_path.dsv'
[4.517s] INFO:colcon.colcon_core.shell:Creating environment hook '/home/theo/Foxy_Communication-Waypoint/install/waypoint_converter/share/waypoint_converter/hook/ament_prefix_path.sh'
[4.518s] INFO:colcon.colcon_core.shell:Skip shell extension 'powershell' for command environment: Not usable outside of PowerShell
[4.518s] DEBUG:colcon.colcon_core.shell:Skip shell extension 'dsv' for command environment
[4.738s] INFO:colcon.colcon_core.task.python.build:Building Python package in '/home/theo/Foxy_Communication-Waypoint/src/coordinate_publisher'
[4.739s] INFO:colcon.colcon_core.shell:Skip shell extension 'powershell' for command environment: Not usable outside of PowerShell
[4.739s] DEBUG:colcon.colcon_core.shell:Skip shell extension 'dsv' for command environment
[4.900s] WARNING:colcon.colcon_ros.task.ament_python.build:Package 'mqtt_subscriber' doesn't explicitly install a marker in the package index (colcon-ros currently does it implicitly but that fallback will be removed in the future)
[4.901s] WARNING:colcon.colcon_ros.task.ament_python.build:Package 'mqtt_subscriber' doesn't explicitly install the 'package.xml' file (colcon-ros currently does it implicitly but that fallback will be removed in the future)
[4.901s] INFO:colcon.colcon_core.task.python.build:Building Python package in '/home/theo/Foxy_Communication-Waypoint/src/mqtt_subscriber'
[4.901s] INFO:colcon.colcon_core.shell:Skip shell extension 'powershell' for command environment: Not usable outside of PowerShell
[4.901s] DEBUG:colcon.colcon_core.shell:Skip shell extension 'dsv' for command environment
[5.074s] INFO:colcon.colcon_core.task.python.build:Building Python package in '/home/theo/Foxy_Communication-Waypoint/src/waypoint_converter'
[5.074s] INFO:colcon.colcon_core.shell:Skip shell extension 'powershell' for command environment: Not usable outside of PowerShell
[5.074s] DEBUG:colcon.colcon_core.shell:Skip shell extension 'dsv' for command environment
[6.537s] DEBUG:colcon.colcon_core.event_handler.log_command:Invoking command in '/home/theo/Foxy_Communication-Waypoint/src/mqtt_subscriber': PYTHONPATH=/home/theo/Foxy_Communication-Waypoint/build/mqtt_subscriber/prefix_override:/usr/lib/python3/dist-packages/colcon_core/task/python/colcon_distutils_commands:/home/theo/Foxy_Communication-Waypoint/install/mqtt_subscriber/lib/python3.8/site-packages: /usr/bin/python3 -W ignore:setup.py install is deprecated setup.py egg_info --egg-base ../../build/mqtt_subscriber build --build-base /home/theo/Foxy_Communication-Waypoint/build/mqtt_subscriber/build install --record /home/theo/Foxy_Communication-Waypoint/build/mqtt_subscriber/install.log --single-version-externally-managed
[6.546s] DEBUG:colcon.colcon_core.event_handler.log_command:Invoking command in '/home/theo/Foxy_Communication-Waypoint/src/coordinate_publisher': PYTHONPATH=/home/theo/Foxy_Communication-Waypoint/build/coordinate_publisher/prefix_override:/usr/lib/python3/dist-packages/colcon_core/task/python/colcon_distutils_commands:/home/theo/Foxy_Communication-Waypoint/install/coordinate_publisher/lib/python3.8/site-packages: /usr/bin/python3 -W ignore:setup.py install is deprecated setup.py egg_info --egg-base ../../build/coordinate_publisher build --build-base /home/theo/Foxy_Communication-Waypoint/build/coordinate_publisher/build install --record /home/theo/Foxy_Communication-Waypoint/build/coordinate_publisher/install.log --single-version-externally-managed install_data
[6.547s] DEBUG:colcon.colcon_core.event_handler.log_command:Invoking command in '/home/theo/Foxy_Communication-Waypoint/src/waypoint_converter': PYTHONPATH=/home/theo/Foxy_Communication-Waypoint/build/waypoint_converter/prefix_override:/usr/lib/python3/dist-packages/colcon_core/task/python/colcon_distutils_commands:/home/theo/Foxy_Communication-Waypoint/install/waypoint_converter/lib/python3.8/site-packages: /usr/bin/python3 -W ignore:setup.py install is deprecated setup.py egg_info --egg-base ../../build/waypoint_converter build --build-base /home/theo/Foxy_Communication-Waypoint/build/waypoint_converter/build install --record /home/theo/Foxy_Communication-Waypoint/build/waypoint_converter/install.log --single-version-externally-managed install_data
[7.370s] DEBUG:colcon.colcon_core.event_handler.log_command:Invoked command in '/home/theo/Foxy_Communication-Waypoint/src/mqtt_subscriber' returned '0': PYTHONPATH=/home/theo/Foxy_Communication-Waypoint/build/mqtt_subscriber/prefix_override:/usr/lib/python3/dist-packages/colcon_core/task/python/colcon_distutils_commands:/home/theo/Foxy_Communication-Waypoint/install/mqtt_subscriber/lib/python3.8/site-packages: /usr/bin/python3 -W ignore:setup.py install is deprecated setup.py egg_info --egg-base ../../build/mqtt_subscriber build --build-base /home/theo/Foxy_Communication-Waypoint/build/mqtt_subscriber/build install --record /home/theo/Foxy_Communication-Waypoint/build/mqtt_subscriber/install.log --single-version-externally-managed
[7.396s] Level 1:colcon.colcon_core.environment:checking '/home/theo/Foxy_Communication-Waypoint/install/mqtt_subscriber' for CMake module files
[7.397s] Level 1:colcon.colcon_core.environment:checking '/home/theo/Foxy_Communication-Waypoint/install/mqtt_subscriber' for CMake config files
[7.397s] Level 1:colcon.colcon_core.environment:checking '/home/theo/Foxy_Communication-Waypoint/install/mqtt_subscriber/lib'
[7.397s] Level 1:colcon.colcon_core.environment:checking '/home/theo/Foxy_Communication-Waypoint/install/mqtt_subscriber/bin'
[7.398s] Level 1:colcon.colcon_core.environment:checking '/home/theo/Foxy_Communication-Waypoint/install/mqtt_subscriber/lib/pkgconfig/mqtt_subscriber.pc'
[7.398s] Level 1:colcon.colcon_core.environment:checking '/home/theo/Foxy_Communication-Waypoint/install/mqtt_subscriber/lib/python3.8/site-packages'
[7.398s] Level 1:colcon.colcon_core.shell:create_environment_hook('mqtt_subscriber', 'pythonpath')
[7.398s] INFO:colcon.colcon_core.shell:Creating environment hook '/home/theo/Foxy_Communication-Waypoint/install/mqtt_subscriber/share/mqtt_subscriber/hook/pythonpath.ps1'
[7.398s] INFO:colcon.colcon_core.shell:Creating environment descriptor '/home/theo/Foxy_Communication-Waypoint/install/mqtt_subscriber/share/mqtt_subscriber/hook/pythonpath.dsv'
[7.399s] INFO:colcon.colcon_core.shell:Creating environment hook '/home/theo/Foxy_Communication-Waypoint/install/mqtt_subscriber/share/mqtt_subscriber/hook/pythonpath.sh'
[7.399s] Level 1:colcon.colcon_core.environment:checking '/home/theo/Foxy_Communication-Waypoint/install/mqtt_subscriber/bin'
[7.399s] Level 1:colcon.colcon_core.environment:create_environment_scripts_only(mqtt_subscriber)
[7.399s] INFO:colcon.colcon_core.shell:Creating package script '/home/theo/Foxy_Communication-Waypoint/install/mqtt_subscriber/share/mqtt_subscriber/package.ps1'
[7.400s] INFO:colcon.colcon_core.shell:Creating package descriptor '/home/theo/Foxy_Communication-Waypoint/install/mqtt_subscriber/share/mqtt_subscriber/package.dsv'
[7.401s] INFO:colcon.colcon_core.shell:Creating package script '/home/theo/Foxy_Communication-Waypoint/install/mqtt_subscriber/share/mqtt_subscriber/package.sh'
[7.403s] INFO:colcon.colcon_core.shell:Creating package script '/home/theo/Foxy_Communication-Waypoint/install/mqtt_subscriber/share/mqtt_subscriber/package.bash'
[7.415s] INFO:colcon.colcon_core.shell:Creating package script '/home/theo/Foxy_Communication-Waypoint/install/mqtt_subscriber/share/mqtt_subscriber/package.zsh'
[7.426s] Level 1:colcon.colcon_core.environment:create_file_with_runtime_dependencies(/home/theo/Foxy_Communication-Waypoint/install/mqtt_subscriber/share/colcon-core/packages/mqtt_subscriber)
[7.433s] Level 1:colcon.colcon_core.environment:checking '/home/theo/Foxy_Communication-Waypoint/install/waypoint_converter' for CMake module files
[7.435s] DEBUG:colcon.colcon_core.event_handler.log_command:Invoked command in '/home/theo/Foxy_Communication-Waypoint/src/waypoint_converter' returned '0': PYTHONPATH=/home/theo/Foxy_Communication-Waypoint/build/waypoint_converter/prefix_override:/usr/lib/python3/dist-packages/colcon_core/task/python/colcon_distutils_commands:/home/theo/Foxy_Communication-Waypoint/install/waypoint_converter/lib/python3.8/site-packages: /usr/bin/python3 -W ignore:setup.py install is deprecated setup.py egg_info --egg-base ../../build/waypoint_converter build --build-base /home/theo/Foxy_Communication-Waypoint/build/waypoint_converter/build install --record /home/theo/Foxy_Communication-Waypoint/build/waypoint_converter/install.log --single-version-externally-managed install_data
[7.437s] Level 1:colcon.colcon_core.environment:checking '/home/theo/Foxy_Communication-Waypoint/install/waypoint_converter' for CMake config files
[7.439s] Level 1:colcon.colcon_core.environment:checking '/home/theo/Foxy_Communication-Waypoint/install/waypoint_converter/lib'
[7.439s] Level 1:colcon.colcon_core.environment:checking '/home/theo/Foxy_Communication-Waypoint/install/waypoint_converter/bin'
[7.439s] Level 1:colcon.colcon_core.environment:checking '/home/theo/Foxy_Communication-Waypoint/install/waypoint_converter/lib/pkgconfig/waypoint_converter.pc'
[7.441s] Level 1:colcon.colcon_core.environment:checking '/home/theo/Foxy_Communication-Waypoint/install/waypoint_converter/lib/python3.8/site-packages'
[7.441s] Level 1:colcon.colcon_core.shell:create_environment_hook('waypoint_converter', 'pythonpath')
[7.442s] INFO:colcon.colcon_core.shell:Creating environment hook '/home/theo/Foxy_Communication-Waypoint/install/waypoint_converter/share/waypoint_converter/hook/pythonpath.ps1'
[7.443s] INFO:colcon.colcon_core.shell:Creating environment descriptor '/home/theo/Foxy_Communication-Waypoint/install/waypoint_converter/share/waypoint_converter/hook/pythonpath.dsv'
[7.445s] INFO:colcon.colcon_core.shell:Creating environment hook '/home/theo/Foxy_Communication-Waypoint/install/waypoint_converter/share/waypoint_converter/hook/pythonpath.sh'
[7.446s] Level 1:colcon.colcon_core.environment:checking '/home/theo/Foxy_Communication-Waypoint/install/waypoint_converter/bin'
[7.447s] Level 1:colcon.colcon_core.environment:create_environment_scripts_only(waypoint_converter)
[7.448s] INFO:colcon.colcon_core.shell:Creating package script '/home/theo/Foxy_Communication-Waypoint/install/waypoint_converter/share/waypoint_converter/package.ps1'
[7.450s] INFO:colcon.colcon_core.shell:Creating package descriptor '/home/theo/Foxy_Communication-Waypoint/install/waypoint_converter/share/waypoint_converter/package.dsv'
[7.451s] INFO:colcon.colcon_core.shell:Creating package script '/home/theo/Foxy_Communication-Waypoint/install/waypoint_converter/share/waypoint_converter/package.sh'
[7.453s] INFO:colcon.colcon_core.shell:Creating package script '/home/theo/Foxy_Communication-Waypoint/install/waypoint_converter/share/waypoint_converter/package.bash'
[7.454s] INFO:colcon.colcon_core.shell:Creating package script '/home/theo/Foxy_Communication-Waypoint/install/waypoint_converter/share/waypoint_converter/package.zsh'
[7.455s] Level 1:colcon.colcon_core.environment:create_file_with_runtime_dependencies(/home/theo/Foxy_Communication-Waypoint/install/waypoint_converter/share/colcon-core/packages/waypoint_converter)
[7.457s] Level 1:colcon.colcon_core.environment:checking '/home/theo/Foxy_Communication-Waypoint/install/coordinate_publisher' for CMake module files
[7.460s] DEBUG:colcon.colcon_core.event_handler.log_command:Invoked command in '/home/theo/Foxy_Communication-Waypoint/src/coordinate_publisher' returned '0': PYTHONPATH=/home/theo/Foxy_Communication-Waypoint/build/coordinate_publisher/prefix_override:/usr/lib/python3/dist-packages/colcon_core/task/python/colcon_distutils_commands:/home/theo/Foxy_Communication-Waypoint/install/coordinate_publisher/lib/python3.8/site-packages: /usr/bin/python3 -W ignore:setup.py install is deprecated setup.py egg_info --egg-base ../../build/coordinate_publisher build --build-base /home/theo/Foxy_Communication-Waypoint/build/coordinate_publisher/build install --record /home/theo/Foxy_Communication-Waypoint/build/coordinate_publisher/install.log --single-version-externally-managed install_data
[7.460s] Level 1:colcon.colcon_core.environment:checking '/home/theo/Foxy_Communication-Waypoint/install/coordinate_publisher' for CMake config files
[7.462s] Level 1:colcon.colcon_core.environment:checking '/home/theo/Foxy_Communication-Waypoint/install/coordinate_publisher/lib'
[7.462s] Level 1:colcon.colcon_core.environment:checking '/home/theo/Foxy_Communication-Waypoint/install/coordinate_publisher/bin'
[7.462s] Level 1:colcon.colcon_core.environment:checking '/home/theo/Foxy_Communication-Waypoint/install/coordinate_publisher/lib/pkgconfig/coordinate_publisher.pc'
[7.463s] Level 1:colcon.colcon_core.environment:checking '/home/theo/Foxy_Communication-Waypoint/install/coordinate_publisher/lib/python3.8/site-packages'
[7.463s] Level 1:colcon.colcon_core.shell:create_environment_hook('coordinate_publisher', 'pythonpath')
[7.463s] INFO:colcon.colcon_core.shell:Creating environment hook '/home/theo/Foxy_Communication-Waypoint/install/coordinate_publisher/share/coordinate_publisher/hook/pythonpath.ps1'
[7.464s] INFO:colcon.colcon_core.shell:Creating environment descriptor '/home/theo/Foxy_Communication-Waypoint/install/coordinate_publisher/share/coordinate_publisher/hook/pythonpath.dsv'
[7.465s] INFO:colcon.colcon_core.shell:Creating environment hook '/home/theo/Foxy_Communication-Waypoint/install/coordinate_publisher/share/coordinate_publisher/hook/pythonpath.sh'
[7.466s] Level 1:colcon.colcon_core.environment:checking '/home/theo/Foxy_Communication-Waypoint/install/coordinate_publisher/bin'
[7.467s] Level 1:colcon.colcon_core.environment:create_environment_scripts_only(coordinate_publisher)
[7.467s] INFO:colcon.colcon_core.shell:Creating package script '/home/theo/Foxy_Communication-Waypoint/install/coordinate_publisher/share/coordinate_publisher/package.ps1'
[7.469s] INFO:colcon.colcon_core.shell:Creating package descriptor '/home/theo/Foxy_Communication-Waypoint/install/coordinate_publisher/share/coordinate_publisher/package.dsv'
[7.470s] INFO:colcon.colcon_core.shell:Creating package script '/home/theo/Foxy_Communication-Waypoint/install/coordinate_publisher/share/coordinate_publisher/package.sh'
[7.471s] INFO:colcon.colcon_core.shell:Creating package script '/home/theo/Foxy_Communication-Waypoint/install/coordinate_publisher/share/coordinate_publisher/package.bash'
[7.472s] INFO:colcon.colcon_core.shell:Creating package script '/home/theo/Foxy_Communication-Waypoint/install/coordinate_publisher/share/coordinate_publisher/package.zsh'
[7.473s] Level 1:colcon.colcon_core.environment:create_file_with_runtime_dependencies(/home/theo/Foxy_Communication-Waypoint/install/coordinate_publisher/share/colcon-core/packages/coordinate_publisher)
[7.473s] DEBUG:colcon.colcon_parallel_executor.executor.parallel:closing loop
[7.474s] DEBUG:colcon.colcon_parallel_executor.executor.parallel:loop closed
[7.475s] DEBUG:colcon.colcon_parallel_executor.executor.parallel:run_until_complete finished with '0'
[7.475s] DEBUG:colcon.colcon_core.event_reactor:joining thread
[7.538s] INFO:colcon.colcon_core.plugin_system:Skipping extension 'colcon_notification.desktop_notification.terminal_notifier': Not used on non-Darwin systems
[7.539s] INFO:colcon.colcon_core.plugin_system:Skipping extension 'colcon_notification.desktop_notification.win32': Not used on non-Windows systems
[7.539s] INFO:colcon.colcon_notification.desktop_notification:Sending desktop notification using 'notify2'
[7.569s] DEBUG:colcon.colcon_core.event_reactor:joined thread
[7.569s] INFO:colcon.colcon_core.shell:Creating prefix script '/home/theo/Foxy_Communication-Waypoint/install/local_setup.ps1'
[7.571s] INFO:colcon.colcon_core.shell:Creating prefix util module '/home/theo/Foxy_Communication-Waypoint/install/_local_setup_util_ps1.py'
[7.573s] INFO:colcon.colcon_core.shell:Creating prefix chain script '/home/theo/Foxy_Communication-Waypoint/install/setup.ps1'
[7.574s] INFO:colcon.colcon_core.shell:Creating prefix script '/home/theo/Foxy_Communication-Waypoint/install/local_setup.sh'
[7.575s] INFO:colcon.colcon_core.shell:Creating prefix util module '/home/theo/Foxy_Communication-Waypoint/install/_local_setup_util_sh.py'
[7.575s] INFO:colcon.colcon_core.shell:Creating prefix chain script '/home/theo/Foxy_Communication-Waypoint/install/setup.sh'
[7.576s] INFO:colcon.colcon_core.shell:Creating prefix script '/home/theo/Foxy_Communication-Waypoint/install/local_setup.bash'
[7.577s] INFO:colcon.colcon_core.shell:Creating prefix chain script '/home/theo/Foxy_Communication-Waypoint/install/setup.bash'
[7.580s] INFO:colcon.colcon_core.shell:Creating prefix script '/home/theo/Foxy_Communication-Waypoint/install/local_setup.zsh'
[7.581s] INFO:colcon.colcon_core.shell:Creating prefix chain script '/home/theo/Foxy_Communication-Waypoint/install/setup.zsh'
