/home/theo/.local/lib/python3.8/site-packages/setuptools/dist.py:472: SetuptoolsDeprecationWarning: Invalid dash-separated options
!!

        ********************************************************************************
        Usage of dash-separated 'script-dir' will not be supported in future
        versions. Please use the underscore name 'script_dir' instead.

        This deprecation is overdue, please update your project and remove deprecated
        calls to avoid build errors in the future.

        See https://setuptools.pypa.io/en/latest/userguide/declarative_config.html for details.
        ********************************************************************************

!!
  opt = self.warn_dash_deprecation(opt, section)
running egg_info
writing ../../build/communication_launch/communication_launch.egg-info/PKG-INFO
writing dependency_links to ../../build/communication_launch/communication_launch.egg-info/dependency_links.txt
writing requirements to ../../build/communication_launch/communication_launch.egg-info/requires.txt
writing top-level names to ../../build/communication_launch/communication_launch.egg-info/top_level.txt
reading manifest file '../../build/communication_launch/communication_launch.egg-info/SOURCES.txt'
writing manifest file '../../build/communication_launch/communication_launch.egg-info/SOURCES.txt'
running build
running install
running install_data
copying package.xml -> /home/theo/Foxy_Communication-Waypoint/install/communication_launch/share/communication_launch
copying launch/start_both.launch.py -> /home/theo/Foxy_Communication-Waypoint/install/communication_launch/share/communication_launch/launch
running install_egg_info
removing '/home/theo/Foxy_Communication-Waypoint/install/communication_launch/lib/python3.8/site-packages/communication_launch-0.0.0-py3.8.egg-info' (and everything under it)
Copying ../../build/communication_launch/communication_launch.egg-info to /home/theo/Foxy_Communication-Waypoint/install/communication_launch/lib/python3.8/site-packages/communication_launch-0.0.0-py3.8.egg-info
running install_scripts
writing list of installed files to '/home/theo/Foxy_Communication-Waypoint/build/communication_launch/install.log'
