[0.744s] Invoking command in '/home/theo/Foxy_Communication-Waypoint/src/communication_launch': AMENT_PREFIX_PATH=/home/theo/Foxy_Communication-Waypoint/install/waypoint_converter:/home/theo/Foxy_Communication-Waypoint/install/mqtt_subscriber:/home/theo/Foxy_Communication-Waypoint/install/communication_launch:/home/theo/Foxy_Communication-Waypoint/install/coordinate_publisher:/opt/ros/foxy PYTHONPATH=/home/theo/Foxy_Communication-Waypoint/build/communication_launch/prefix_override:/usr/lib/python3/dist-packages/colcon_core/task/python/colcon_distutils_commands:/home/theo/Foxy_Communication-Waypoint/install/communication_launch/lib/python3.8/site-packages:/home/theo/Foxy_Communication-Waypoint/install/waypoint_converter/lib/python3.8/site-packages:/home/theo/Foxy_Communication-Waypoint/install/mqtt_subscriber/lib/python3.8/site-packages:/home/theo/Foxy_Communication-Waypoint/install/communication_launch/lib/python3.8/site-packages:/home/theo/Foxy_Communication-Waypoint/install/coordinate_publisher/lib/python3.8/site-packages:/opt/ros/foxy/lib/python3.8/site-packages /usr/bin/python3 -W ignore:setup.py install is deprecated setup.py egg_info --egg-base ../../build/communication_launch build --build-base /home/theo/Foxy_Communication-Waypoint/build/communication_launch/build install --record /home/theo/Foxy_Communication-Waypoint/build/communication_launch/install.log --install-scripts $base/lib/communication_launch --single-version-externally-managed install_data
[0.847s] /home/theo/.local/lib/python3.8/site-packages/setuptools/dist.py:472: SetuptoolsDeprecationWarning: Invalid dash-separated options
[0.847s] !!
[0.847s] 
[0.847s]         ********************************************************************************
[0.847s]         Usage of dash-separated 'script-dir' will not be supported in future
[0.847s]         versions. Please use the underscore name 'script_dir' instead.
[0.847s] 
[0.847s]         This deprecation is overdue, please update your project and remove deprecated
[0.847s]         calls to avoid build errors in the future.
[0.847s] 
[0.847s]         See https://setuptools.pypa.io/en/latest/userguide/declarative_config.html for details.
[0.847s]         ********************************************************************************
[0.847s] 
[0.847s] !!
[0.847s]   opt = self.warn_dash_deprecation(opt, section)
[0.952s] running egg_info
[0.966s] writing ../../build/communication_launch/communication_launch.egg-info/PKG-INFO
[0.966s] writing dependency_links to ../../build/communication_launch/communication_launch.egg-info/dependency_links.txt
[0.967s] writing requirements to ../../build/communication_launch/communication_launch.egg-info/requires.txt
[0.967s] writing top-level names to ../../build/communication_launch/communication_launch.egg-info/top_level.txt
[1.069s] reading manifest file '../../build/communication_launch/communication_launch.egg-info/SOURCES.txt'
[1.070s] writing manifest file '../../build/communication_launch/communication_launch.egg-info/SOURCES.txt'
[1.070s] running build
[1.071s] running install
[1.075s] running install_data
[1.075s] copying package.xml -> /home/theo/Foxy_Communication-Waypoint/install/communication_launch/share/communication_launch
[1.075s] copying launch/start_both.launch.py -> /home/theo/Foxy_Communication-Waypoint/install/communication_launch/share/communication_launch/launch
[1.076s] running install_egg_info
[1.105s] removing '/home/theo/Foxy_Communication-Waypoint/install/communication_launch/lib/python3.8/site-packages/communication_launch-0.0.0-py3.8.egg-info' (and everything under it)
[1.105s] Copying ../../build/communication_launch/communication_launch.egg-info to /home/theo/Foxy_Communication-Waypoint/install/communication_launch/lib/python3.8/site-packages/communication_launch-0.0.0-py3.8.egg-info
[1.106s] running install_scripts
[1.150s] writing list of installed files to '/home/theo/Foxy_Communication-Waypoint/build/communication_launch/install.log'
[1.168s] Invoked command in '/home/theo/Foxy_Communication-Waypoint/src/communication_launch' returned '0': AMENT_PREFIX_PATH=/home/theo/Foxy_Communication-Waypoint/install/waypoint_converter:/home/theo/Foxy_Communication-Waypoint/install/mqtt_subscriber:/home/theo/Foxy_Communication-Waypoint/install/communication_launch:/home/theo/Foxy_Communication-Waypoint/install/coordinate_publisher:/opt/ros/foxy PYTHONPATH=/home/theo/Foxy_Communication-Waypoint/build/communication_launch/prefix_override:/usr/lib/python3/dist-packages/colcon_core/task/python/colcon_distutils_commands:/home/theo/Foxy_Communication-Waypoint/install/communication_launch/lib/python3.8/site-packages:/home/theo/Foxy_Communication-Waypoint/install/waypoint_converter/lib/python3.8/site-packages:/home/theo/Foxy_Communication-Waypoint/install/mqtt_subscriber/lib/python3.8/site-packages:/home/theo/Foxy_Communication-Waypoint/install/communication_launch/lib/python3.8/site-packages:/home/theo/Foxy_Communication-Waypoint/install/coordinate_publisher/lib/python3.8/site-packages:/opt/ros/foxy/lib/python3.8/site-packages /usr/bin/python3 -W ignore:setup.py install is deprecated setup.py egg_info --egg-base ../../build/communication_launch build --build-base /home/theo/Foxy_Communication-Waypoint/build/communication_launch/build install --record /home/theo/Foxy_Communication-Waypoint/build/communication_launch/install.log --install-scripts $base/lib/communication_launch --single-version-externally-managed install_data
