[1.261s] Invoking command in '/home/theo/Foxy_Communication-Waypoint/src/coordinate_publisher': PYTHONPATH=/home/theo/Foxy_Communication-Waypoint/build/coordinate_publisher/prefix_override:/usr/lib/python3/dist-packages/colcon_core/task/python/colcon_distutils_commands:/home/theo/Foxy_Communication-Waypoint/install/coordinate_publisher/lib/python3.8/site-packages:${PYTHONPATH} /usr/bin/python3 -W ignore:setup.py install is deprecated setup.py egg_info --egg-base ../../build/coordinate_publisher build --build-base /home/theo/Foxy_Communication-Waypoint/build/coordinate_publisher/build install --record /home/theo/Foxy_Communication-Waypoint/build/coordinate_publisher/install.log --single-version-externally-managed install_data
[1.506s] running egg_info
[1.506s] creating ../../build/coordinate_publisher/coordinate_publisher.egg-info
[1.522s] writing ../../build/coordinate_publisher/coordinate_publisher.egg-info/PKG-INFO
[1.522s] writing dependency_links to ../../build/coordinate_publisher/coordinate_publisher.egg-info/dependency_links.txt
[1.523s] writing entry points to ../../build/coordinate_publisher/coordinate_publisher.egg-info/entry_points.txt
[1.523s] writing requirements to ../../build/coordinate_publisher/coordinate_publisher.egg-info/requires.txt
[1.523s] writing top-level names to ../../build/coordinate_publisher/coordinate_publisher.egg-info/top_level.txt
[1.636s] writing manifest file '../../build/coordinate_publisher/coordinate_publisher.egg-info/SOURCES.txt'
[1.672s] reading manifest file '../../build/coordinate_publisher/coordinate_publisher.egg-info/SOURCES.txt'
[1.673s] writing manifest file '../../build/coordinate_publisher/coordinate_publisher.egg-info/SOURCES.txt'
[1.673s] running build
[1.673s] running build_py
[1.673s] creating /home/theo/Foxy_Communication-Waypoint/build/coordinate_publisher/build
[1.673s] creating /home/theo/Foxy_Communication-Waypoint/build/coordinate_publisher/build/lib
[1.673s] creating /home/theo/Foxy_Communication-Waypoint/build/coordinate_publisher/build/lib/coordinate_publisher
[1.674s] copying coordinate_publisher/__init__.py -> /home/theo/Foxy_Communication-Waypoint/build/coordinate_publisher/build/lib/coordinate_publisher
[1.674s] copying coordinate_publisher/publisher.py -> /home/theo/Foxy_Communication-Waypoint/build/coordinate_publisher/build/lib/coordinate_publisher
[1.674s] running install
[1.680s] running install_lib
[1.701s] creating /home/theo/Foxy_Communication-Waypoint/install/coordinate_publisher/lib/python3.8/site-packages/coordinate_publisher
[1.701s] copying /home/theo/Foxy_Communication-Waypoint/build/coordinate_publisher/build/lib/coordinate_publisher/__init__.py -> /home/theo/Foxy_Communication-Waypoint/install/coordinate_publisher/lib/python3.8/site-packages/coordinate_publisher
[1.702s] copying /home/theo/Foxy_Communication-Waypoint/build/coordinate_publisher/build/lib/coordinate_publisher/publisher.py -> /home/theo/Foxy_Communication-Waypoint/install/coordinate_publisher/lib/python3.8/site-packages/coordinate_publisher
[1.702s] byte-compiling /home/theo/Foxy_Communication-Waypoint/install/coordinate_publisher/lib/python3.8/site-packages/coordinate_publisher/__init__.py to __init__.cpython-38.pyc
[1.703s] byte-compiling /home/theo/Foxy_Communication-Waypoint/install/coordinate_publisher/lib/python3.8/site-packages/coordinate_publisher/publisher.py to publisher.cpython-38.pyc
[1.703s] running install_data
[1.703s] creating /home/theo/Foxy_Communication-Waypoint/install/coordinate_publisher/share/ament_index
[1.704s] creating /home/theo/Foxy_Communication-Waypoint/install/coordinate_publisher/share/ament_index/resource_index
[1.704s] creating /home/theo/Foxy_Communication-Waypoint/install/coordinate_publisher/share/ament_index/resource_index/packages
[1.704s] copying resource/coordinate_publisher -> /home/theo/Foxy_Communication-Waypoint/install/coordinate_publisher/share/ament_index/resource_index/packages
[1.704s] copying package.xml -> /home/theo/Foxy_Communication-Waypoint/install/coordinate_publisher/share/coordinate_publisher
[1.704s] running install_egg_info
[1.725s] Copying ../../build/coordinate_publisher/coordinate_publisher.egg-info to /home/theo/Foxy_Communication-Waypoint/install/coordinate_publisher/lib/python3.8/site-packages/coordinate_publisher-0.0.0-py3.8.egg-info
[1.726s] running install_scripts
[1.772s] Installing coordinate_publisher script to /home/theo/Foxy_Communication-Waypoint/install/coordinate_publisher/lib/coordinate_publisher
[1.773s] writing list of installed files to '/home/theo/Foxy_Communication-Waypoint/build/coordinate_publisher/install.log'
[1.792s] Invoked command in '/home/theo/Foxy_Communication-Waypoint/src/coordinate_publisher' returned '0': PYTHONPATH=/home/theo/Foxy_Communication-Waypoint/build/coordinate_publisher/prefix_override:/usr/lib/python3/dist-packages/colcon_core/task/python/colcon_distutils_commands:/home/theo/Foxy_Communication-Waypoint/install/coordinate_publisher/lib/python3.8/site-packages:${PYTHONPATH} /usr/bin/python3 -W ignore:setup.py install is deprecated setup.py egg_info --egg-base ../../build/coordinate_publisher build --build-base /home/theo/Foxy_Communication-Waypoint/build/coordinate_publisher/build install --record /home/theo/Foxy_Communication-Waypoint/build/coordinate_publisher/install.log --single-version-externally-managed install_data
