running egg_info
creating ../../build/coordinate_publisher/coordinate_publisher.egg-info
writing ../../build/coordinate_publisher/coordinate_publisher.egg-info/PKG-INFO
writing dependency_links to ../../build/coordinate_publisher/coordinate_publisher.egg-info/dependency_links.txt
writing entry points to ../../build/coordinate_publisher/coordinate_publisher.egg-info/entry_points.txt
writing requirements to ../../build/coordinate_publisher/coordinate_publisher.egg-info/requires.txt
writing top-level names to ../../build/coordinate_publisher/coordinate_publisher.egg-info/top_level.txt
writing manifest file '../../build/coordinate_publisher/coordinate_publisher.egg-info/SOURCES.txt'
reading manifest file '../../build/coordinate_publisher/coordinate_publisher.egg-info/SOURCES.txt'
writing manifest file '../../build/coordinate_publisher/coordinate_publisher.egg-info/SOURCES.txt'
running build
running build_py
creating /home/hjpi/Capstone_communication/build/coordinate_publisher/build
creating /home/hjpi/Capstone_communication/build/coordinate_publisher/build/lib
creating /home/hjpi/Capstone_communication/build/coordinate_publisher/build/lib/coordinate_publisher
copying coordinate_publisher/__init__.py -> /home/hjpi/Capstone_communication/build/coordinate_publisher/build/lib/coordinate_publisher
copying coordinate_publisher/publisher.py -> /home/hjpi/Capstone_communication/build/coordinate_publisher/build/lib/coordinate_publisher
running install
running install_lib
creating /home/hjpi/Capstone_communication/install/coordinate_publisher/lib/python3.10/site-packages/coordinate_publisher
copying /home/hjpi/Capstone_communication/build/coordinate_publisher/build/lib/coordinate_publisher/__init__.py -> /home/hjpi/Capstone_communication/install/coordinate_publisher/lib/python3.10/site-packages/coordinate_publisher
copying /home/hjpi/Capstone_communication/build/coordinate_publisher/build/lib/coordinate_publisher/publisher.py -> /home/hjpi/Capstone_communication/install/coordinate_publisher/lib/python3.10/site-packages/coordinate_publisher
byte-compiling /home/hjpi/Capstone_communication/install/coordinate_publisher/lib/python3.10/site-packages/coordinate_publisher/__init__.py to __init__.cpython-310.pyc
byte-compiling /home/hjpi/Capstone_communication/install/coordinate_publisher/lib/python3.10/site-packages/coordinate_publisher/publisher.py to publisher.cpython-310.pyc
running install_data
creating /home/hjpi/Capstone_communication/install/coordinate_publisher/share/ament_index
creating /home/hjpi/Capstone_communication/install/coordinate_publisher/share/ament_index/resource_index
creating /home/hjpi/Capstone_communication/install/coordinate_publisher/share/ament_index/resource_index/packages
copying resource/coordinate_publisher -> /home/hjpi/Capstone_communication/install/coordinate_publisher/share/ament_index/resource_index/packages
copying package.xml -> /home/hjpi/Capstone_communication/install/coordinate_publisher/share/coordinate_publisher
running install_egg_info
Copying ../../build/coordinate_publisher/coordinate_publisher.egg-info to /home/hjpi/Capstone_communication/install/coordinate_publisher/lib/python3.10/site-packages/coordinate_publisher-0.0.0-py3.10.egg-info
running install_scripts
Installing coordinate_publisher script to /home/hjpi/Capstone_communication/install/coordinate_publisher/lib/coordinate_publisher
writing list of installed files to '/home/hjpi/Capstone_communication/build/coordinate_publisher/install.log'
