[1.219s] Invoking command in '/home/theo/Capstone_communication/src/coordinate_publisher': PYTHONPATH=/home/theo/Capstone_communication/build/coordinate_publisher/prefix_override:/usr/lib/python3/dist-packages/colcon_core/task/python/colcon_distutils_commands:/home/theo/Capstone_communication/install/coordinate_publisher/lib/python3.8/site-packages:${PYTHONPATH} /usr/bin/python3 -W ignore:setup.py install is deprecated setup.py egg_info --egg-base ../../build/coordinate_publisher build --build-base /home/theo/Capstone_communication/build/coordinate_publisher/build install --record /home/theo/Capstone_communication/build/coordinate_publisher/install.log --single-version-externally-managed install_data
[1.483s] running egg_info
[1.505s] writing ../../build/coordinate_publisher/coordinate_publisher.egg-info/PKG-INFO
[1.506s] writing dependency_links to ../../build/coordinate_publisher/coordinate_publisher.egg-info/dependency_links.txt
[1.506s] writing entry points to ../../build/coordinate_publisher/coordinate_publisher.egg-info/entry_points.txt
[1.506s] writing requirements to ../../build/coordinate_publisher/coordinate_publisher.egg-info/requires.txt
[1.506s] writing top-level names to ../../build/coordinate_publisher/coordinate_publisher.egg-info/top_level.txt
[1.680s] reading manifest file '../../build/coordinate_publisher/coordinate_publisher.egg-info/SOURCES.txt'
[1.908s] writing manifest file '../../build/coordinate_publisher/coordinate_publisher.egg-info/SOURCES.txt'
[1.909s] running build
[1.909s] running build_py
[1.911s] copying coordinate_publisher/__init__.py -> /home/theo/Capstone_communication/build/coordinate_publisher/build/lib/coordinate_publisher
[1.912s] copying coordinate_publisher/publisher.py -> /home/theo/Capstone_communication/build/coordinate_publisher/build/lib/coordinate_publisher
[1.913s] running install
[1.946s] running install_lib
[1.972s] running install_data
[1.972s] copying resource/coordinate_publisher -> /home/theo/Capstone_communication/install/coordinate_publisher/share/ament_index/resource_index/packages
[1.973s] copying package.xml -> /home/theo/Capstone_communication/install/coordinate_publisher/share/coordinate_publisher
[1.973s] running install_egg_info
[1.995s] removing '/home/theo/Capstone_communication/install/coordinate_publisher/lib/python3.8/site-packages/coordinate_publisher-0.0.0-py3.8.egg-info' (and everything under it)
[1.995s] Copying ../../build/coordinate_publisher/coordinate_publisher.egg-info to /home/theo/Capstone_communication/install/coordinate_publisher/lib/python3.8/site-packages/coordinate_publisher-0.0.0-py3.8.egg-info
[1.997s] running install_scripts
[2.060s] Installing coordinate_publisher script to /home/theo/Capstone_communication/install/coordinate_publisher/lib/coordinate_publisher
[2.141s] writing list of installed files to '/home/theo/Capstone_communication/build/coordinate_publisher/install.log'
[2.643s] Invoked command in '/home/theo/Capstone_communication/src/coordinate_publisher' returned '0': PYTHONPATH=/home/theo/Capstone_communication/build/coordinate_publisher/prefix_override:/usr/lib/python3/dist-packages/colcon_core/task/python/colcon_distutils_commands:/home/theo/Capstone_communication/install/coordinate_publisher/lib/python3.8/site-packages:${PYTHONPATH} /usr/bin/python3 -W ignore:setup.py install is deprecated setup.py egg_info --egg-base ../../build/coordinate_publisher build --build-base /home/theo/Capstone_communication/build/coordinate_publisher/build install --record /home/theo/Capstone_communication/build/coordinate_publisher/install.log --single-version-externally-managed install_data
