[0.903s] Invoking command in '/home/theo/Foxy_Communication-Waypoint/src/communication_launch': AMENT_PREFIX_PATH=/home/theo/Foxy_Communication-Waypoint/install/waypoint_converter:/home/theo/Foxy_Communication-Waypoint/install/mqtt_subscriber:${AMENT_PREFIX_PATH} PYTHONPATH=/home/theo/Foxy_Communication-Waypoint/build/communication_launch/prefix_override:/usr/lib/python3/dist-packages/colcon_core/task/python/colcon_distutils_commands:/home/theo/Foxy_Communication-Waypoint/install/communication_launch/lib/python3.8/site-packages:/home/theo/Foxy_Communication-Waypoint/install/waypoint_converter/lib/python3.8/site-packages:/home/theo/Foxy_Communication-Waypoint/install/mqtt_subscriber/lib/python3.8/site-packages:${PYTHONPATH} /usr/bin/python3 -W ignore:setup.py install is deprecated setup.py egg_info --egg-base ../../build/communication_launch build --build-base /home/theo/Foxy_Communication-Waypoint/build/communication_launch/build install --record /home/theo/Foxy_Communication-Waypoint/build/communication_launch/install.log --install-scripts $base/lib/communication_launch --single-version-externally-managed install_data
[1.008s] /home/theo/.local/lib/python3.8/site-packages/setuptools/dist.py:472: SetuptoolsDeprecationWarning: Invalid dash-separated options
[1.008s] !!
[1.008s] 
[1.008s]         ********************************************************************************
[1.008s]         Usage of dash-separated 'script-dir' will not be supported in future
[1.008s]         versions. Please use the underscore name 'script_dir' instead.
[1.008s] 
[1.008s]         This deprecation is overdue, please update your project and remove deprecated
[1.008s]         calls to avoid build errors in the future.
[1.008s] 
[1.009s]         See https://setuptools.pypa.io/en/latest/userguide/declarative_config.html for details.
[1.009s]         ********************************************************************************
[1.009s] 
[1.009s] !!
[1.009s]   opt = self.warn_dash_deprecation(opt, section)
[1.112s] running egg_info
[1.125s] writing ../../build/communication_launch/communication_launch.egg-info/PKG-INFO
[1.126s] writing dependency_links to ../../build/communication_launch/communication_launch.egg-info/dependency_links.txt
[1.126s] writing requirements to ../../build/communication_launch/communication_launch.egg-info/requires.txt
[1.126s] writing top-level names to ../../build/communication_launch/communication_launch.egg-info/top_level.txt
[1.231s] reading manifest file '../../build/communication_launch/communication_launch.egg-info/SOURCES.txt'
[1.251s] writing manifest file '../../build/communication_launch/communication_launch.egg-info/SOURCES.txt'
[1.251s] running build
[1.251s] running install
[1.256s] running install_data
[1.257s] copying package.xml -> /home/theo/Foxy_Communication-Waypoint/install/communication_launch/share/communication_launch
[1.257s] copying launch/start_both.launch.py -> /home/theo/Foxy_Communication-Waypoint/install/communication_launch/share/communication_launch/launch
[1.257s] running install_egg_info
[1.287s] removing '/home/theo/Foxy_Communication-Waypoint/install/communication_launch/lib/python3.8/site-packages/communication_launch-0.0.0-py3.8.egg-info' (and everything under it)
[1.287s] Copying ../../build/communication_launch/communication_launch.egg-info to /home/theo/Foxy_Communication-Waypoint/install/communication_launch/lib/python3.8/site-packages/communication_launch-0.0.0-py3.8.egg-info
[1.293s] running install_scripts
[1.341s] writing list of installed files to '/home/theo/Foxy_Communication-Waypoint/build/communication_launch/install.log'
[1.364s] Invoked command in '/home/theo/Foxy_Communication-Waypoint/src/communication_launch' returned '0': AMENT_PREFIX_PATH=/home/theo/Foxy_Communication-Waypoint/install/waypoint_converter:/home/theo/Foxy_Communication-Waypoint/install/mqtt_subscriber:${AMENT_PREFIX_PATH} PYTHONPATH=/home/theo/Foxy_Communication-Waypoint/build/communication_launch/prefix_override:/usr/lib/python3/dist-packages/colcon_core/task/python/colcon_distutils_commands:/home/theo/Foxy_Communication-Waypoint/install/communication_launch/lib/python3.8/site-packages:/home/theo/Foxy_Communication-Waypoint/install/waypoint_converter/lib/python3.8/site-packages:/home/theo/Foxy_Communication-Waypoint/install/mqtt_subscriber/lib/python3.8/site-packages:${PYTHONPATH} /usr/bin/python3 -W ignore:setup.py install is deprecated setup.py egg_info --egg-base ../../build/communication_launch build --build-base /home/theo/Foxy_Communication-Waypoint/build/communication_launch/build install --record /home/theo/Foxy_Communication-Waypoint/build/communication_launch/install.log --install-scripts $base/lib/communication_launch --single-version-externally-managed install_data
